This is XeTeX, Version 3.141592653-2.6-0.999996 (TeX Live 2024) (preloaded format=xelatex 2024.8.20)  20 AUG 2024 16:40
entering extended mode
 restricted \write18 enabled.
 %&-line parsing enabled.
**K_Von_Holzen_Hamburg_4_Publications.tex
(./K_Von_Holzen_Hamburg_4_Publications.tex
LaTeX2e <2024-06-01> patch level 2
L3 programming layer <2024-07-20>
(c:/Users/KatieVH/AppData/Roaming/TinyTeX/texmf-dist/tex/latex/base/article.cls
Document Class: article 2024/02/08 v1.4n Standard LaTeX document class
(c:/Users/KatieVH/AppData/Roaming/TinyTeX/texmf-dist/tex/latex/base/size10.clo
File: size10.clo 2024/02/08 v1.4n Standard LaTeX file (size option)
)
\c@part=\count190
\c@section=\count191
\c@subsection=\count192
\c@subsubsection=\count193
\c@paragraph=\count194
\c@subparagraph=\count195
\c@figure=\count196
\c@table=\count197
\abovecaptionskip=\skip49
\belowcaptionskip=\skip50
\bibindent=\dimen141
) (c:/Users/KatieVH/AppData/Roaming/TinyTeX/texmf-dist/tex/latex/dejavu/DejaVuSansMono.sty
Package: DejaVuSansMono 2011/06/01 Style file for DejaVuSansMono.
(c:/Users/KatieVH/AppData/Roaming/TinyTeX/texmf-dist/tex/latex/graphics/keyval.sty
Package: keyval 2022/05/29 v1.15 key=value parser (DPC)
\KV@toks@=\toks17
)) (c:/Users/KatieVH/AppData/Roaming/TinyTeX/texmf-dist/tex/latex/carlito/carlito.sty
Package: carlito 2022/10/05 (Bob Tennent) Supports Carlito fonts for LaTeX, pdfLaTeX, luaLaTeX and xeLaTeX.
(c:/Users/KatieVH/AppData/Roaming/TinyTeX/texmf-dist/tex/generic/iftex/ifxetex.sty
Package: ifxetex 2019/10/25 v0.7 ifxetex legacy package. Use iftex instead.
(c:/Users/KatieVH/AppData/Roaming/TinyTeX/texmf-dist/tex/generic/iftex/iftex.sty
Package: iftex 2022/02/03 v1.0f TeX engine tests
)) (c:/Users/KatieVH/AppData/Roaming/TinyTeX/texmf-dist/tex/generic/iftex/ifluatex.sty
Package: ifluatex 2019/10/25 v1.5 ifluatex legacy package. Use iftex instead.
) (c:/Users/KatieVH/AppData/Roaming/TinyTeX/texmf-dist/tex/latex/xkeyval/xkeyval.sty
Package: xkeyval 2022/06/16 v2.9 package option processing (HA)
(c:/Users/KatieVH/AppData/Roaming/TinyTeX/texmf-dist/tex/generic/xkeyval/xkeyval.tex (c:/Users/KatieVH/AppData/Roaming/TinyTeX/texmf-dist/tex/generic/xkeyval/xkvutils.tex
\XKV@toks=\toks18
\XKV@tempa@toks=\toks19
)
\XKV@depth=\count198
File: xkeyval.tex 2014/12/03 v2.7a key=value parser (HA)
)) (c:/Users/KatieVH/AppData/Roaming/TinyTeX/texmf-dist/tex/latex/base/textcomp.sty
Package: textcomp 2024/04/24 v2.1b Standard LaTeX package
) (c:/Users/KatieVH/AppData/Roaming/TinyTeX/texmf-dist/tex/latex/fontspec/fontspec.sty (c:/Users/KatieVH/AppData/Roaming/TinyTeX/texmf-dist/tex/latex/l3packages/xparse/xparse.sty (c:/Users/KatieVH/AppData/Roaming/TinyTeX/texmf-dist/tex/latex/l3kernel/expl3.sty
Package: expl3 2024-07-20 L3 programming layer (loader) 
(c:/Users/KatieVH/AppData/Roaming/TinyTeX/texmf-dist/tex/latex/l3backend/l3backend-xetex.def
File: l3backend-xetex.def 2024-05-08 L3 backend support: XeTeX
\g__graphics_track_int=\count199
\l__pdf_internal_box=\box52
\g__pdf_backend_annotation_int=\count266
\g__pdf_backend_link_int=\count267
))
Package: xparse 2024-05-08 L3 Experimental document command parser
)
Package: fontspec 2024/05/11 v2.9e Font selection for XeLaTeX and LuaLaTeX
(c:/Users/KatieVH/AppData/Roaming/TinyTeX/texmf-dist/tex/latex/fontspec/fontspec-xetex.sty
Package: fontspec-xetex 2024/05/11 v2.9e Font selection for XeLaTeX and LuaLaTeX
\l__fontspec_script_int=\count268
\l__fontspec_language_int=\count269
\l__fontspec_strnum_int=\count270
\l__fontspec_tmp_int=\count271
\l__fontspec_tmpa_int=\count272
\l__fontspec_tmpb_int=\count273
\l__fontspec_tmpc_int=\count274
\l__fontspec_em_int=\count275
\l__fontspec_emdef_int=\count276
\l__fontspec_strong_int=\count277
\l__fontspec_strongdef_int=\count278
\l__fontspec_tmpa_dim=\dimen142
\l__fontspec_tmpb_dim=\dimen143
\l__fontspec_tmpc_dim=\dimen144
(c:/Users/KatieVH/AppData/Roaming/TinyTeX/texmf-dist/tex/latex/base/fontenc.sty
Package: fontenc 2021/04/29 v2.0v Standard LaTeX package
) (c:/Users/KatieVH/AppData/Roaming/TinyTeX/texmf-dist/tex/latex/fontspec/fontspec.cfg)))

Package fontspec Info: 
(fontspec)             Carlito-Regular scale = 1.


Package fontspec Info: 
(fontspec)             Carlito-Regular scale = 1.


Package fontspec Info: 
(fontspec)             Carlito-Bold scale = 1.


Package fontspec Info: 
(fontspec)             Carlito-Italic scale = 1.


Package fontspec Info: 
(fontspec)             Carlito-BoldItalic scale = 1.


Package fontspec Info: 
(fontspec)             Font family 'Carlito(0)' created for font 'Carlito'
(fontspec)             with options [Ligatures = TeX,Scale = 1,Extension =
(fontspec)             .ttf,Ligatures=TeX,Numbers =
(fontspec)             {Lining,Monospaced},UprightFont = *-Regular,ItalicFont
(fontspec)             = *-Italic,BoldFont = *-Bold,BoldItalicFont =
(fontspec)             *-BoldItalic].
(fontspec)              
(fontspec)              This font family consists of the following NFSS
(fontspec)             series/shapes:
(fontspec)              
(fontspec)             - 'normal' (m/n) with NFSS spec.:
(fontspec)             <->s*[1]"[Carlito-Regular.ttf]/OT:script=latn;language=dflt;+lnum;+tnum;mapping=tex-text;"
(fontspec)             - 'bold' (b/n) with NFSS spec.:
(fontspec)             <->s*[1]"[Carlito-Bold.ttf]/OT:script=latn;language=dflt;+lnum;+tnum;mapping=tex-text;"
(fontspec)             - 'italic' (m/it) with NFSS spec.:
(fontspec)             <->s*[1]"[Carlito-Italic.ttf]/OT:script=latn;language=dflt;+lnum;+tnum;mapping=tex-text;"
(fontspec)             - 'bold italic' (b/it) with NFSS spec.:
(fontspec)             <->s*[1]"[Carlito-BoldItalic.ttf]/OT:script=latn;language=dflt;+lnum;+tnum;mapping=tex-text;"


Package fontspec Info: 
(fontspec)             Carlito-Regular scale = 1.


Package fontspec Info: 
(fontspec)             Carlito-Regular scale = 1.


Package fontspec Info: 
(fontspec)             Carlito-Bold scale = 1.


Package fontspec Info: 
(fontspec)             Carlito-Italic scale = 1.


Package fontspec Info: 
(fontspec)             Carlito-BoldItalic scale = 1.


Package fontspec Info: 
(fontspec)             Font family 'Carlito(1)' created for font 'Carlito'
(fontspec)             with options [Ligatures = TeX,Scale = 1,Extension =
(fontspec)             .ttf,Numbers = {Lining,Monospaced},UprightFont =
(fontspec)             *-Regular,ItalicFont = *-Italic,BoldFont =
(fontspec)             *-Bold,BoldItalicFont = *-BoldItalic].
(fontspec)              
(fontspec)              This font family consists of the following NFSS
(fontspec)             series/shapes:
(fontspec)              
(fontspec)             - 'normal' (m/n) with NFSS spec.:
(fontspec)             <->s*[1]"[Carlito-Regular.ttf]/OT:script=latn;language=dflt;+lnum;+tnum;mapping=tex-text;"
(fontspec)             - 'bold' (b/n) with NFSS spec.:
(fontspec)             <->s*[1]"[Carlito-Bold.ttf]/OT:script=latn;language=dflt;+lnum;+tnum;mapping=tex-text;"
(fontspec)             - 'italic' (m/it) with NFSS spec.:
(fontspec)             <->s*[1]"[Carlito-Italic.ttf]/OT:script=latn;language=dflt;+lnum;+tnum;mapping=tex-text;"
(fontspec)             - 'bold italic' (b/it) with NFSS spec.:
(fontspec)             <->s*[1]"[Carlito-BoldItalic.ttf]/OT:script=latn;language=dflt;+lnum;+tnum;mapping=tex-text;"


Package fontspec Info: 
(fontspec)             Carlito-Regular scale = 1.


Package fontspec Info: 
(fontspec)             Carlito-Regular scale = 1.


Package fontspec Info: 
(fontspec)             Carlito-Bold scale = 1.


Package fontspec Info: 
(fontspec)             Carlito-Italic scale = 1.


Package fontspec Info: 
(fontspec)             Carlito-BoldItalic scale = 1.


Package fontspec Info: 
(fontspec)             Font family 'Carlito(2)' created for font 'Carlito'
(fontspec)             with options [Ligatures = TeX,Scale = 1,Extension =
(fontspec)             .ttf,Numbers = {Proportional,OldStyle},UprightFont =
(fontspec)             *-Regular,ItalicFont = *-Italic,BoldFont =
(fontspec)             *-Bold,BoldItalicFont = *-BoldItalic].
(fontspec)              
(fontspec)              This font family consists of the following NFSS
(fontspec)             series/shapes:
(fontspec)              
(fontspec)             - 'normal' (m/n) with NFSS spec.:
(fontspec)             <->s*[1]"[Carlito-Regular.ttf]/OT:script=latn;language=dflt;+pnum;+onum;mapping=tex-text;"
(fontspec)             - 'bold' (b/n) with NFSS spec.:
(fontspec)             <->s*[1]"[Carlito-Bold.ttf]/OT:script=latn;language=dflt;+pnum;+onum;mapping=tex-text;"
(fontspec)             - 'italic' (m/it) with NFSS spec.:
(fontspec)             <->s*[1]"[Carlito-Italic.ttf]/OT:script=latn;language=dflt;+pnum;+onum;mapping=tex-text;"
(fontspec)             - 'bold italic' (b/it) with NFSS spec.:
(fontspec)             <->s*[1]"[Carlito-BoldItalic.ttf]/OT:script=latn;language=dflt;+pnum;+onum;mapping=tex-text;"


Package fontspec Info: 
(fontspec)             Carlito-Regular scale = 1.


Package fontspec Info: 
(fontspec)             Carlito-Regular scale = 1.


Package fontspec Info: 
(fontspec)             Carlito-Bold scale = 1.


Package fontspec Info: 
(fontspec)             Carlito-Italic scale = 1.


Package fontspec Info: 
(fontspec)             Carlito-BoldItalic scale = 1.


Package fontspec Info: 
(fontspec)             Font family 'Carlito(3)' created for font 'Carlito'
(fontspec)             with options [Ligatures = TeX,Scale = 1,Extension =
(fontspec)             .ttf,Numbers = {Proportional,Lining},UprightFont =
(fontspec)             *-Regular,ItalicFont = *-Italic,BoldFont =
(fontspec)             *-Bold,BoldItalicFont = *-BoldItalic].
(fontspec)              
(fontspec)              This font family consists of the following NFSS
(fontspec)             series/shapes:
(fontspec)              
(fontspec)             - 'normal' (m/n) with NFSS spec.:
(fontspec)             <->s*[1]"[Carlito-Regular.ttf]/OT:script=latn;language=dflt;+pnum;+lnum;mapping=tex-text;"
(fontspec)             - 'bold' (b/n) with NFSS spec.:
(fontspec)             <->s*[1]"[Carlito-Bold.ttf]/OT:script=latn;language=dflt;+pnum;+lnum;mapping=tex-text;"
(fontspec)             - 'italic' (m/it) with NFSS spec.:
(fontspec)             <->s*[1]"[Carlito-Italic.ttf]/OT:script=latn;language=dflt;+pnum;+lnum;mapping=tex-text;"
(fontspec)             - 'bold italic' (b/it) with NFSS spec.:
(fontspec)             <->s*[1]"[Carlito-BoldItalic.ttf]/OT:script=latn;language=dflt;+pnum;+lnum;mapping=tex-text;"


Package fontspec Info: 
(fontspec)             Carlito-Regular scale = 1.


Package fontspec Info: 
(fontspec)             Carlito-Regular scale = 1.


Package fontspec Info: 
(fontspec)             Carlito-Bold scale = 1.


Package fontspec Info: 
(fontspec)             Carlito-Italic scale = 1.


Package fontspec Info: 
(fontspec)             Carlito-BoldItalic scale = 1.


Package fontspec Info: 
(fontspec)             Font family 'Carlito(4)' created for font 'Carlito'
(fontspec)             with options [Ligatures = TeX,Scale = 1,Extension =
(fontspec)             .ttf,Numbers = {Monospaced, Lining},UprightFont =
(fontspec)             *-Regular,ItalicFont = *-Italic,BoldFont =
(fontspec)             *-Bold,BoldItalicFont = *-BoldItalic].
(fontspec)              
(fontspec)              This font family consists of the following NFSS
(fontspec)             series/shapes:
(fontspec)              
(fontspec)             - 'normal' (m/n) with NFSS spec.:
(fontspec)             <->s*[1]"[Carlito-Regular.ttf]/OT:script=latn;language=dflt;+tnum;+lnum;mapping=tex-text;"
(fontspec)             - 'bold' (b/n) with NFSS spec.:
(fontspec)             <->s*[1]"[Carlito-Bold.ttf]/OT:script=latn;language=dflt;+tnum;+lnum;mapping=tex-text;"
(fontspec)             - 'italic' (m/it) with NFSS spec.:
(fontspec)             <->s*[1]"[Carlito-Italic.ttf]/OT:script=latn;language=dflt;+tnum;+lnum;mapping=tex-text;"
(fontspec)             - 'bold italic' (b/it) with NFSS spec.:
(fontspec)             <->s*[1]"[Carlito-BoldItalic.ttf]/OT:script=latn;language=dflt;+tnum;+lnum;mapping=tex-text;"


Package fontspec Info: 
(fontspec)             Carlito-Regular scale = 1.


Package fontspec Info: 
(fontspec)             Carlito-Regular scale = 1.


Package fontspec Info: 
(fontspec)             Carlito-Bold scale = 1.


Package fontspec Info: 
(fontspec)             Carlito-Italic scale = 1.


Package fontspec Info: 
(fontspec)             Carlito-BoldItalic scale = 1.


Package fontspec Info: 
(fontspec)             Font family 'Carlito(5)' created for font 'Carlito'
(fontspec)             with options [Ligatures = TeX,Scale = 1,Extension =
(fontspec)             .ttf,Numbers = {Monospaced, OldStyle},UprightFont =
(fontspec)             *-Regular,ItalicFont = *-Italic,BoldFont =
(fontspec)             *-Bold,BoldItalicFont = *-BoldItalic].
(fontspec)              
(fontspec)              This font family consists of the following NFSS
(fontspec)             series/shapes:
(fontspec)              
(fontspec)             - 'normal' (m/n) with NFSS spec.:
(fontspec)             <->s*[1]"[Carlito-Regular.ttf]/OT:script=latn;language=dflt;+tnum;+onum;mapping=tex-text;"
(fontspec)             - 'bold' (b/n) with NFSS spec.:
(fontspec)             <->s*[1]"[Carlito-Bold.ttf]/OT:script=latn;language=dflt;+tnum;+onum;mapping=tex-text;"
(fontspec)             - 'italic' (m/it) with NFSS spec.:
(fontspec)             <->s*[1]"[Carlito-Italic.ttf]/OT:script=latn;language=dflt;+tnum;+onum;mapping=tex-text;"
(fontspec)             - 'bold italic' (b/it) with NFSS spec.:
(fontspec)             <->s*[1]"[Carlito-BoldItalic.ttf]/OT:script=latn;language=dflt;+tnum;+onum;mapping=tex-text;"

) (c:/Users/KatieVH/AppData/Roaming/TinyTeX/texmf-dist/tex/latex/graphics/color.sty
Package: color 2024/01/14 v1.3d Standard LaTeX Color (DPC)
(c:/Users/KatieVH/AppData/Roaming/TinyTeX/texmf-dist/tex/latex/graphics-cfg/color.cfg
File: color.cfg 2016/01/02 v1.6 sample color configuration
)
Package color Info: Driver file: xetex.def on input line 149.
(c:/Users/KatieVH/AppData/Roaming/TinyTeX/texmf-dist/tex/latex/graphics-def/xetex.def
File: xetex.def 2022/09/22 v5.0n Graphics/color driver for xetex
) (c:/Users/KatieVH/AppData/Roaming/TinyTeX/texmf-dist/tex/latex/graphics/mathcolor.ltx)) (c:/Users/KatieVH/AppData/Roaming/TinyTeX/texmf-dist/tex/latex/xcolor/xcolor.sty
Package: xcolor 2023/11/15 v3.01 LaTeX color extensions (UK)
(c:/Users/KatieVH/AppData/Roaming/TinyTeX/texmf-dist/tex/latex/graphics-cfg/color.cfg
File: color.cfg 2016/01/02 v1.6 sample color configuration
)
Package xcolor Info: Driver file: xetex.def on input line 274.
LaTeX Info: Redefining \color on input line 758.
(c:/Users/KatieVH/AppData/Roaming/TinyTeX/texmf-dist/tex/latex/graphics/mathcolor.ltx)
Package xcolor Info: Model `cmy' substituted by `cmy0' on input line 1350.
Package xcolor Info: Model `RGB' extended on input line 1366.
Package xcolor Info: Model `HTML' substituted by `rgb' on input line 1368.
Package xcolor Info: Model `Hsb' substituted by `hsb' on input line 1369.
Package xcolor Info: Model `tHsb' substituted by `hsb' on input line 1370.
Package xcolor Info: Model `HSB' substituted by `hsb' on input line 1371.
Package xcolor Info: Model `Gray' substituted by `gray' on input line 1372.
Package xcolor Info: Model `wave' substituted by `hsb' on input line 1373.
) (c:/Users/KatieVH/AppData/Roaming/TinyTeX/texmf-dist/tex/latex/base/fixltx2e.sty
Package: fixltx2e 2016/12/29 v2.1a fixes to LaTeX (obsolete)
Applying: [2015/01/01] Old fixltx2e package on input line 46.

Package fixltx2e Warning: fixltx2e is not required with releases after 2015
(fixltx2e)                All fixes are now in the LaTeX kernel.
(fixltx2e)                See the latexrelease package for details.

Already applied: [0000/00/00] Old fixltx2e package on input line 53.
) (c:/Users/KatieVH/AppData/Roaming/TinyTeX/texmf-dist/tex/xelatex/mathspec/mathspec.sty
Package: mathspec 2016/12/22 v0.2b LaTeX Package (Mathematics font selection for XeLaTeX)
(c:/Users/KatieVH/AppData/Roaming/TinyTeX/texmf-dist/tex/latex/etoolbox/etoolbox.sty
Package: etoolbox 2020/10/05 v2.5k e-TeX tools for LaTeX (JAW)
\etb@tempcnta=\count279
) (c:/Users/KatieVH/AppData/Roaming/TinyTeX/texmf-dist/tex/latex/amsmath/amstext.sty
Package: amstext 2021/08/26 v2.01 AMS text
(c:/Users/KatieVH/AppData/Roaming/TinyTeX/texmf-dist/tex/latex/amsmath/amsgen.sty
File: amsgen.sty 1999/11/30 v2.0 generic functions
\@emptytoks=\toks20
\ex@=\dimen145
))
\c@eu@=\count280
\c@eu@i=\count281
\c@mkern=\count282
) (c:/Users/KatieVH/AppData/Roaming/TinyTeX/texmf-dist/tex/latex/base/inputenc.sty
Package: inputenc 2024/02/08 v1.3d Input encoding file
\inpenc@prehook=\toks21
\inpenc@posthook=\toks22

Package inputenc Warning: inputenc package ignored with utf8 based engines.

) (c:/Users/KatieVH/AppData/Roaming/TinyTeX/texmf-dist/tex/latex/base/fontenc.sty
Package: fontenc 2021/04/29 v2.0v Standard LaTeX package
LaTeX Font Info:    Trying to load font information for T1+Carlito(0) on input line 116.
LaTeX Font Info:    No file T1Carlito(0).fd. on input line 116.

LaTeX Font Warning: Font shape `T1/Carlito(0)/m/n' undefined
(Font)              using `T1/cmr/m/n' instead on input line 116.

) (c:/Users/KatieVH/AppData/Roaming/TinyTeX/texmf-dist/tex/latex/hyperref/hyperref.sty
Package: hyperref 2024-07-10 v7.01j Hypertext links for LaTeX
(c:/Users/KatieVH/AppData/Roaming/TinyTeX/texmf-dist/tex/latex/kvsetkeys/kvsetkeys.sty
Package: kvsetkeys 2022-10-05 v1.19 Key value parser (HO)
) (c:/Users/KatieVH/AppData/Roaming/TinyTeX/texmf-dist/tex/generic/kvdefinekeys/kvdefinekeys.sty
Package: kvdefinekeys 2019-12-19 v1.6 Define keys (HO)
) (c:/Users/KatieVH/AppData/Roaming/TinyTeX/texmf-dist/tex/generic/pdfescape/pdfescape.sty
Package: pdfescape 2019/12/09 v1.15 Implements pdfTeX's escape features (HO)
(c:/Users/KatieVH/AppData/Roaming/TinyTeX/texmf-dist/tex/generic/ltxcmds/ltxcmds.sty
Package: ltxcmds 2023-12-04 v1.26 LaTeX kernel commands for general use (HO)
) (c:/Users/KatieVH/AppData/Roaming/TinyTeX/texmf-dist/tex/generic/pdftexcmds/pdftexcmds.sty
Package: pdftexcmds 2020-06-27 v0.33 Utility functions of pdfTeX for LuaTeX (HO)
(c:/Users/KatieVH/AppData/Roaming/TinyTeX/texmf-dist/tex/generic/infwarerr/infwarerr.sty
Package: infwarerr 2019/12/03 v1.5 Providing info/warning/error messages (HO)
)
Package pdftexcmds Info: \pdf@primitive is available.
Package pdftexcmds Info: \pdf@ifprimitive is available.
Package pdftexcmds Info: \pdfdraftmode not found.
)) (c:/Users/KatieVH/AppData/Roaming/TinyTeX/texmf-dist/tex/latex/hycolor/hycolor.sty
Package: hycolor 2020-01-27 v1.10 Color options for hyperref/bookmark (HO)
) (c:/Users/KatieVH/AppData/Roaming/TinyTeX/texmf-dist/tex/latex/hyperref/nameref.sty
Package: nameref 2023-11-26 v2.56 Cross-referencing by name of section
(c:/Users/KatieVH/AppData/Roaming/TinyTeX/texmf-dist/tex/latex/refcount/refcount.sty
Package: refcount 2019/12/15 v3.6 Data extraction from label references (HO)
) (c:/Users/KatieVH/AppData/Roaming/TinyTeX/texmf-dist/tex/generic/gettitlestring/gettitlestring.sty
Package: gettitlestring 2019/12/15 v1.6 Cleanup title references (HO)
(c:/Users/KatieVH/AppData/Roaming/TinyTeX/texmf-dist/tex/latex/kvoptions/kvoptions.sty
Package: kvoptions 2022-06-15 v3.15 Key value format for package options (HO)
))
\c@section@level=\count283
) (c:/Users/KatieVH/AppData/Roaming/TinyTeX/texmf-dist/tex/generic/stringenc/stringenc.sty
Package: stringenc 2019/11/29 v1.12 Convert strings between diff. encodings (HO)
)
\@linkdim=\dimen146
\Hy@linkcounter=\count284
\Hy@pagecounter=\count285
(c:/Users/KatieVH/AppData/Roaming/TinyTeX/texmf-dist/tex/latex/hyperref/pd1enc.def
File: pd1enc.def 2024-07-10 v7.01j Hyperref: PDFDocEncoding definition (HO)
) (c:/Users/KatieVH/AppData/Roaming/TinyTeX/texmf-dist/tex/generic/intcalc/intcalc.sty
Package: intcalc 2019/12/15 v1.3 Expandable calculations with integers (HO)
)
\Hy@SavedSpaceFactor=\count286
(c:/Users/KatieVH/AppData/Roaming/TinyTeX/texmf-dist/tex/latex/hyperref/puenc.def
File: puenc.def 2024-07-10 v7.01j Hyperref: PDF Unicode definition (HO)
)
Package hyperref Info: Option `unicode' set `true' on input line 4040.
Package hyperref Info: Hyper figures OFF on input line 4157.
Package hyperref Info: Link nesting OFF on input line 4162.
Package hyperref Info: Hyper index ON on input line 4165.
Package hyperref Info: Plain pages OFF on input line 4172.
Package hyperref Info: Backreferencing OFF on input line 4177.
Package hyperref Info: Implicit mode ON; LaTeX internals redefined.
Package hyperref Info: Bookmarks ON on input line 4424.
\c@Hy@tempcnt=\count287
(c:/Users/KatieVH/AppData/Roaming/TinyTeX/texmf-dist/tex/latex/url/url.sty
\Urlmuskip=\muskip17
Package: url 2013/09/16  ver 3.4  Verb mode for urls, etc.
)
LaTeX Info: Redefining \url on input line 4763.
\XeTeXLinkMargin=\dimen147
(c:/Users/KatieVH/AppData/Roaming/TinyTeX/texmf-dist/tex/generic/bitset/bitset.sty
Package: bitset 2019/12/09 v1.3 Handle bit-vector datatype (HO)
(c:/Users/KatieVH/AppData/Roaming/TinyTeX/texmf-dist/tex/generic/bigintcalc/bigintcalc.sty
Package: bigintcalc 2019/12/15 v1.5 Expandable calculations on big integers (HO)
))
\Fld@menulength=\count288
\Field@Width=\dimen148
\Fld@charsize=\dimen149
Package hyperref Info: Hyper figures OFF on input line 6042.
Package hyperref Info: Link nesting OFF on input line 6047.
Package hyperref Info: Hyper index ON on input line 6050.
Package hyperref Info: backreferencing OFF on input line 6057.
Package hyperref Info: Link coloring OFF on input line 6062.
Package hyperref Info: Link coloring with OCG OFF on input line 6067.
Package hyperref Info: PDF/A mode OFF on input line 6072.
(c:/Users/KatieVH/AppData/Roaming/TinyTeX/texmf-dist/tex/latex/base/atbegshi-ltx.sty
Package: atbegshi-ltx 2021/01/10 v1.0c Emulation of the original atbegshi
package with kernel methods
)
\Hy@abspage=\count289
\c@Item=\count290
\c@Hfootnote=\count291
)
Package hyperref Info: Driver (autodetected): hxetex.
(c:/Users/KatieVH/AppData/Roaming/TinyTeX/texmf-dist/tex/latex/hyperref/hxetex.def
File: hxetex.def 2024-07-10 v7.01j Hyperref driver for XeTeX
\pdfm@box=\box53
\c@Hy@AnnotLevel=\count292
\HyField@AnnotCount=\count293
\Fld@listcount=\count294
\c@bookmark@seq@number=\count295
(c:/Users/KatieVH/AppData/Roaming/TinyTeX/texmf-dist/tex/latex/rerunfilecheck/rerunfilecheck.sty
Package: rerunfilecheck 2022-07-10 v1.10 Rerun checks for auxiliary files (HO)
(c:/Users/KatieVH/AppData/Roaming/TinyTeX/texmf-dist/tex/latex/base/atveryend-ltx.sty
Package: atveryend-ltx 2020/08/19 v1.0a Emulation of the original atveryend package
with kernel methods
) (c:/Users/KatieVH/AppData/Roaming/TinyTeX/texmf-dist/tex/generic/uniquecounter/uniquecounter.sty
Package: uniquecounter 2019/12/15 v1.4 Provide unlimited unique counter (HO)
)
Package uniquecounter Info: New unique counter `rerunfilecheck' on input line 285.
)
\Hy@SectionHShift=\skip51
) (c:/Users/KatieVH/AppData/Roaming/TinyTeX/texmf-dist/tex/latex/geometry/geometry.sty
Package: geometry 2020/01/02 v5.9 Page Geometry
(c:/Users/KatieVH/AppData/Roaming/TinyTeX/texmf-dist/tex/generic/iftex/ifvtex.sty
Package: ifvtex 2019/10/25 v1.7 ifvtex legacy package. Use iftex instead.
)
\Gm@cnth=\count296
\Gm@cntv=\count297
\c@Gm@tempcnt=\count298
\Gm@bindingoffset=\dimen150
\Gm@wd@mp=\dimen151
\Gm@odd@mp=\dimen152
\Gm@even@mp=\dimen153
\Gm@layoutwidth=\dimen154
\Gm@layoutheight=\dimen155
\Gm@layouthoffset=\dimen156
\Gm@layoutvoffset=\dimen157
\Gm@dimlist=\toks23
) (c:/Users/KatieVH/AppData/Roaming/TinyTeX/texmf-dist/tex/latex/tools/longtable.sty
Package: longtable 2024-04-26 v4.20 Multi-page Table package (DPC)
\LTleft=\skip52
\LTright=\skip53
\LTpre=\skip54
\LTpost=\skip55
\LTchunksize=\count299
\LTcapwidth=\dimen158
\LT@head=\box54
\LT@firsthead=\box55
\LT@foot=\box56
\LT@lastfoot=\box57
\LT@gbox=\box58
\LT@cols=\count300
\LT@rows=\count301
\c@LT@tables=\count302
\c@LT@chunks=\count303
\LT@p@ftn=\toks24
) (c:/Users/KatieVH/AppData/Roaming/TinyTeX/texmf-dist/tex/latex/booktabs/booktabs.sty
Package: booktabs 2020/01/12 v1.61803398 Publication quality tables
\heavyrulewidth=\dimen159
\lightrulewidth=\dimen160
\cmidrulewidth=\dimen161
\belowrulesep=\dimen162
\belowbottomsep=\dimen163
\aboverulesep=\dimen164
\abovetopsep=\dimen165
\cmidrulesep=\dimen166
\cmidrulekern=\dimen167
\defaultaddspace=\dimen168
\@cmidla=\count304
\@cmidlb=\count305
\@aboverulesep=\dimen169
\@belowrulesep=\dimen170
\@thisruleclass=\count306
\@lastruleclass=\count307
\@thisrulewidth=\dimen171
) (c:/Users/KatieVH/AppData/Roaming/TinyTeX/texmf-dist/tex/latex/mdwtools/footnote.sty
Package: footnote 1997/01/28 1.13 Save footnotes around boxes
\fn@notes=\box59
\fn@width=\dimen172
) (c:/Users/KatieVH/AppData/Roaming/TinyTeX/texmf-dist/tex/latex/paralist/paralist.sty
Package: paralist 2017/01/22 v2.7 Extended list environments
\pltopsep=\skip56
\plpartopsep=\skip57
\plitemsep=\skip58
\plparsep=\skip59
\pl@lab=\toks25
) (c:/Users/KatieVH/AppData/Roaming/TinyTeX/texmf-dist/tex/latex/ragged2e/ragged2e.sty
Package: ragged2e 2023/06/22 v3.6 ragged2e Package
\CenteringLeftskip=\skip60
\RaggedLeftLeftskip=\skip61
\RaggedRightLeftskip=\skip62
\CenteringRightskip=\skip63
\RaggedLeftRightskip=\skip64
\RaggedRightRightskip=\skip65
\CenteringParfillskip=\skip66
\RaggedLeftParfillskip=\skip67
\RaggedRightParfillskip=\skip68
\JustifyingParfillskip=\skip69
\CenteringParindent=\skip70
\RaggedLeftParindent=\skip71
\RaggedRightParindent=\skip72
\JustifyingParindent=\skip73
) (c:/Users/KatieVH/AppData/Roaming/TinyTeX/texmf-dist/tex/latex/datetime/datetime.sty
Package: datetime 2015/03/20 v2.60 Date Time Package
(c:/Users/KatieVH/AppData/Roaming/TinyTeX/texmf-dist/tex/latex/fmtcount/fmtcount.sty
Invalid UTF-8 byte or sequence at line 10 replaced by U+FFFD.
Invalid UTF-8 byte or sequence at line 22 replaced by U+FFFD.
Package: fmtcount 2020/01/30 v3.07
(c:/Users/KatieVH/AppData/Roaming/TinyTeX/texmf-dist/tex/latex/base/ifthen.sty
Package: ifthen 2024/03/16 v1.1e Standard LaTeX ifthen package (DPC)
) (c:/Users/KatieVH/AppData/Roaming/TinyTeX/texmf-dist/tex/latex/fmtcount/fcprefix.sty
Invalid UTF-8 byte or sequence at line 10 replaced by U+FFFD.
Invalid UTF-8 byte or sequence at line 22 replaced by U+FFFD.
Package: fcprefix 2012/09/28
(c:/Users/KatieVH/AppData/Roaming/TinyTeX/texmf-dist/tex/latex/fmtcount/fcnumparser.sty
Invalid UTF-8 byte or sequence at line 10 replaced by U+FFFD.
Invalid UTF-8 byte or sequence at line 22 replaced by U+FFFD.
Package: fcnumparser 2017/06/15
\fc@digit@counter=\count308
))
\c@padzeroesN=\count309
\fc@tmpcatcode=\count310
\@DT@modctr=\count311
\@ordinalctr=\count312
\@orgargctr=\count313
\@strctr=\count314
\@tmpstrctr=\count315
\@DT@loopN=\count316
\@DT@X=\count317
) (c:/Users/KatieVH/AppData/Roaming/TinyTeX/texmf-dist/tex/latex/datetime/datetime-defaults.sty
Package: datetime-defaults 2013/09/10
)
\@day=\count318
\@month=\count319
\@year=\count320
\c@HOUR=\count321
\c@HOURXII=\count322
\c@MINUTE=\count323
\c@TOHOUR=\count324
\c@TOMINUTE=\count325
\c@SECOND=\count326
\currenthour=\count327
\currentminute=\count328
\currentsecond=\count329
Package datetime Info: No datetime.cfg file found, using default settings on input line 308.
\@dtctr=\count330
\dayofyear=\count331
\dayofweek=\count332
LaTeX Info: Redefining \today on input line 736.
\dt@a=\toks26
\dt@b=\toks27
) (c:/Users/KatieVH/AppData/Roaming/TinyTeX/texmf-dist/tex/latex/fancyhdr/fancyhdr.sty
Package: fancyhdr 2024/07/23 v4.3.1 Extensive control of page headers and footers
\f@nch@headwidth=\skip74
\f@nch@O@elh=\skip75
\f@nch@O@erh=\skip76
\f@nch@O@olh=\skip77
\f@nch@O@orh=\skip78
\f@nch@O@elf=\skip79
\f@nch@O@erf=\skip80
\f@nch@O@olf=\skip81
\f@nch@O@orf=\skip82
) (c:/Users/KatieVH/AppData/Roaming/TinyTeX/texmf-dist/tex/latex/enumitem/enumitem.sty
Package: enumitem 2019/06/20 v3.9 Customized lists
\labelindent=\skip83
\enit@outerparindent=\dimen173
\enit@toks=\toks28
\enit@inbox=\box60
\enit@count@id=\count333
\enitdp@description=\count334
) (c:/Users/KatieVH/AppData/Roaming/TinyTeX/texmf-dist/tex/latex/psnfss/pifont.sty
Package: pifont 2020/03/25 PSNFSS-v9.3 Pi font support (SPQR) 
LaTeX Font Info:    Trying to load font information for U+pzd on input line 63.
(c:/Users/KatieVH/AppData/Roaming/TinyTeX/texmf-dist/tex/latex/psnfss/upzd.fd
File: upzd.fd 2001/06/04 font definitions for U/pzd.
)
LaTeX Font Info:    Trying to load font information for U+psy on input line 64.
(c:/Users/KatieVH/AppData/Roaming/TinyTeX/texmf-dist/tex/latex/psnfss/upsy.fd
File: upsy.fd 2001/06/04 font definitions for U/psy.
)) (c:/Users/KatieVH/AppData/Roaming/TinyTeX/texmf-dist/tex/latex/titlesec/titlesec.sty
Package: titlesec 2023/10/27 v2.16 Sectioning titles
\ttl@box=\box61
\beforetitleunit=\skip84
\aftertitleunit=\skip85
\ttl@plus=\dimen174
\ttl@minus=\dimen175
\ttl@toksa=\toks29
\titlewidth=\dimen176
\titlewidthlast=\dimen177
\titlewidthfirst=\dimen178
) (c:/Users/KatieVH/AppData/Roaming/TinyTeX/texmf-dist/tex/latex/tools/tabularx.sty
Package: tabularx 2023/12/11 v2.12a `tabularx' package (DPC)
(c:/Users/KatieVH/AppData/Roaming/TinyTeX/texmf-dist/tex/latex/tools/array.sty
Package: array 2024/06/14 v2.6d Tabular extension package (FMi)
\col@sep=\dimen179
\ar@mcellbox=\box62
\extrarowheight=\dimen180
\NC@list=\toks30
\extratabsurround=\skip86
\backup@length=\skip87
\ar@cellbox=\box63
)
\TX@col@width=\dimen181
\TX@old@table=\dimen182
\TX@old@col=\dimen183
\TX@target=\dimen184
\TX@delta=\dimen185
\TX@cols=\count335
\TX@ftn=\toks31
) (c:/Users/KatieVH/AppData/Roaming/TinyTeX/texmf-dist/tex/latex/tools/calc.sty
Package: calc 2023/07/08 v4.3 Infix arithmetic (KKT,FJ)
\calc@Acount=\count336
\calc@Bcount=\count337
\calc@Adimen=\dimen186
\calc@Bdimen=\dimen187
\calc@Askip=\skip88
\calc@Bskip=\skip89
LaTeX Info: Redefining \setlength on input line 80.
LaTeX Info: Redefining \addtolength on input line 81.
\calc@Ccount=\count338
\calc@Cskip=\skip90
)
\headerboxwidth=\skip91
(c:/Users/KatieVH/AppData/Roaming/TinyTeX/texmf-dist/tex/latex/fontawesome5/fontawesome5.sty
Package: fontawesome5 2022/05/02 v5.15.4 Font Awesome 5
(c:/Users/KatieVH/AppData/Roaming/TinyTeX/texmf-dist/tex/latex/l3packages/l3keys2e/l3keys2e.sty
Package: l3keys2e 2024-05-08 LaTeX2e option processing using LaTeX3 keys
) (c:/Users/KatieVH/AppData/Roaming/TinyTeX/texmf-dist/tex/latex/fontawesome5/fontawesome5-utex-helper.sty
Package: fontawesome5-utex-helper 2022/05/02 v5.15.4 uTeX helper for fontawesome5
LaTeX Font Info:    Trying to load font information for TU+fontawesomefree on input line 69.
(c:/Users/KatieVH/AppData/Roaming/TinyTeX/texmf-dist/tex/latex/fontawesome5/tufontawesomefree.fd)
LaTeX Font Info:    Trying to load font information for TU+fontawesomebrands on input line 70.
(c:/Users/KatieVH/AppData/Roaming/TinyTeX/texmf-dist/tex/latex/fontawesome5/tufontawesomebrands.fd)))
\cslhangindent=\skip92
\csllabelwidth=\skip93
(./K_Von_Holzen_Hamburg_4_Publications.aux)
\openout1 = `K_Von_Holzen_Hamburg_4_Publications.aux'.

LaTeX Font Info:    Checking defaults for OML/cmm/m/it on input line 202.
LaTeX Font Info:    ... okay on input line 202.
LaTeX Font Info:    Checking defaults for OMS/cmsy/m/n on input line 202.
LaTeX Font Info:    ... okay on input line 202.
LaTeX Font Info:    Checking defaults for OT1/cmr/m/n on input line 202.
LaTeX Font Info:    ... okay on input line 202.
LaTeX Font Info:    Checking defaults for T1/cmr/m/n on input line 202.
LaTeX Font Info:    ... okay on input line 202.
LaTeX Font Info:    Checking defaults for TS1/cmr/m/n on input line 202.
LaTeX Font Info:    Trying to load font information for TS1+cmr on input line 202.
(c:/Users/KatieVH/AppData/Roaming/TinyTeX/texmf-dist/tex/latex/base/ts1cmr.fd
File: ts1cmr.fd 2023/04/13 v2.5m Standard LaTeX font definitions
)
LaTeX Font Info:    ... okay on input line 202.
LaTeX Font Info:    Checking defaults for TU/lmr/m/n on input line 202.
LaTeX Font Info:    ... okay on input line 202.
LaTeX Font Info:    Checking defaults for OMX/cmex/m/n on input line 202.
LaTeX Font Info:    ... okay on input line 202.
LaTeX Font Info:    Checking defaults for U/cmr/m/n on input line 202.
LaTeX Font Info:    ... okay on input line 202.
LaTeX Font Info:    Checking defaults for PD1/pdf/m/n on input line 202.
LaTeX Font Info:    ... okay on input line 202.
LaTeX Font Info:    Checking defaults for PU/pdf/m/n on input line 202.
LaTeX Font Info:    ... okay on input line 202.
Package hyperref Info: Link coloring OFF on input line 202.
(./K_Von_Holzen_Hamburg_4_Publications.out) (./K_Von_Holzen_Hamburg_4_Publications.out)
\@outlinefile=\write3
\openout3 = `K_Von_Holzen_Hamburg_4_Publications.out'.

*geometry* driver: auto-detecting
*geometry* detected driver: xetex
*geometry* verbose mode - [ preamble ] result:
* driver: xetex
* paper: a4paper
* layout: <same size as paper>
* layoutoffset:(h,v)=(0.0pt,0.0pt)
* modes: 
* h-part:(L,W,R)=(49.79231pt, 497.92325pt, 49.79231pt)
* v-part:(T,H,B)=(62.59596pt, 725.54538pt, 56.9055pt)
* \paperwidth=597.50787pt
* \paperheight=845.04684pt
* \textwidth=497.92325pt
* \textheight=725.54538pt
* \oddsidemargin=-22.47768pt
* \evensidemargin=-22.47768pt
* \topmargin=-46.67403pt
* \headheight=15.0pt
* \headsep=25.0pt
* \topskip=10.0pt
* \footskip=30.0pt
* \marginparwidth=57.0pt
* \marginparsep=11.0pt
* \columnsep=10.0pt
* \skip\footins=9.0pt plus 4.0pt minus 2.0pt
* \hoffset=0.0pt
* \voffset=0.0pt
* \mag=1000
* \@twocolumnfalse
* \@twosidefalse
* \@mparswitchfalse
* \@reversemarginfalse
* (1in=72.27pt=25.4mm, 1cm=28.453pt)

(c:/Users/KatieVH/AppData/Roaming/TinyTeX/texmf-dist/tex/latex/fmtcount/fc-english.def
Invalid UTF-8 byte or sequence at line 10 replaced by U+FFFD.
Invalid UTF-8 byte or sequence at line 22 replaced by U+FFFD.
File: fc-english.def 2016/01/12
)
LaTeX Font Info:    Font shape `TU/Carlito(0)/m/n' will be
(Font)              scaled to size 10.0pt on input line 203.
LaTeX Font Info:    External font `cmex10' loaded for size
(Font)              <7> on input line 203.
LaTeX Font Info:    External font `cmex10' loaded for size
(Font)              <5> on input line 203.
LaTeX Font Info:    Font shape `TU/Carlito(0)/m/n' will be
(Font)              scaled to size 17.28pt on input line 203.
LaTeX Font Info:    Font shape `TU/Carlito(0)/b/n' will be
(Font)              scaled to size 17.28pt on input line 203.
LaTeX Font Info:    Font shape `TU/Carlito(0)/m/n' will be
(Font)              scaled to size 12.0pt on input line 203.
LaTeX Font Info:    Font shape `TU/Carlito(0)/b/n' will be
(Font)              scaled to size 10.0pt on input line 203.
LaTeX Font Info:    Font shape `TU/Carlito(0)/m/n' will be
(Font)              scaled to size 9.0pt on input line 203.
LaTeX Font Info:    External font `cmex10' loaded for size
(Font)              <9> on input line 203.
LaTeX Font Info:    External font `cmex10' loaded for size
(Font)              <6> on input line 203.

Overfull \hbox (6.79999pt too wide) in paragraph at lines 203--204
[][][][] 
 []

LaTeX Font Info:    Font shape `TU/Carlito(0)/b/n' will be
(Font)              scaled to size 12.0pt on input line 207.

LaTeX Font Warning: Font shape `T1/Carlito(0)/m/it' undefined
(Font)              using `T1/Carlito(0)/m/n' instead on input line 217.


Underfull \hbox (badness 10000) in paragraph at lines 217--217
[]|\T1/Carlito(0)/m/it/10 Von Holzen, K., van Om-men, S., White, K., & Nazzi, T. (2023). The im-pact of phono-log-i-cal bi-ases on
 []


Underfull \hbox (badness 10000) in paragraph at lines 217--217
\T1/Carlito(0)/m/it/10 mis-pro-nun-ci-a-tion sen-si-tiv-ity and novel ac-cent adap-ta-tion. Lan-guage Learn-ing and De-vel-op-ment, 19(3),
 []


Underfull \hbox (badness 10000) in paragraph at lines 224--224
[]|\T1/Carlito(0)/m/it/10 Von Holzen, K., & Bergmann, C. (2021). The de-vel-op-ment of in-fants' re-sponses to mis-pro-nun-ci-a-tions: A
 []


Underfull \hbox (badness 10000) in paragraph at lines 232--232
[]|\T1/Carlito(0)/m/it/10 Newman, R. S., Kirby, L. A., Von Holzen, K., & Red-cay, E. (2021). Read my lips ! Per-cep-tion of speech
 []


Underfull \hbox (badness 10000) in paragraph at lines 232--232
\T1/Carlito(0)/m/it/10 in noise by preschool chil-dren with autism and the im-pact of watch-ing the speaker' s face. Jour-nal of
 []


Underfull \hbox (badness 10000) in paragraph at lines 239--239
[]|\T1/Carlito(0)/m/it/10 Raneri, D., Von Holzen, K., New-man, R., & Rat-ner, N. B. (2020). Change in ma-ter-nal speech rate to pre-
 []


Underfull \hbox (badness 10000) in paragraph at lines 239--239
\T1/Carlito(0)/m/it/10 ver-bal in-fants over the first two years of life. Jour-nal of Child Lan-guage, 1--13. []$https : / / doi . org / 10 . 1017 /
 []


Underfull \hbox (badness 10000) in paragraph at lines 246--246
[]|\T1/Carlito(0)/m/it/10 Von Holzen, K., & Nazzi, T. (2020). Emer-gence of a con-so-nant bias dur-ing the first year of life: New
 []


Underfull \hbox (badness 10000) in paragraph at lines 254--254
[]|\T1/Carlito(0)/m/it/10 ManyBabiesConsortium. (2020). Quan-ti-fy-ing sources of vari-abil-ity in in-fancy re-search us-ing the infant-
 []


Underfull \hbox (badness 10000) in paragraph at lines 254--254
\T1/Carlito(0)/m/it/10 directed speech pref-er-ence. Ad-vances in Meth-ods and Prac-tices in Psy-cho-log-i-cal Sci-ence, 3(1), 24--52.
 []


Underfull \hbox (badness 10000) in paragraph at lines 262--262
[]|\T1/Carlito(0)/m/it/10 O'Fallon, M., Von Holzen, K., & New-man, R. S. (2020). Preschool-ers' word-learning dur-ing sto-ry-book
 []


Underfull \hbox (badness 10000) in paragraph at lines 262--262
\T1/Carlito(0)/m/it/10 read-ing in-ter-ac-tions: Com-par-ing re-peated and elab-o-rated in-put. Jour-nal of Speech Lan-guage and Hear-ing
 []


Underfull \hbox (badness 10000) in paragraph at lines 270--270
[]|\T1/Carlito(0)/m/it/10 Bobb, S. C., Von Holzen, K., Mayor, J., Mani, N., & Car-reiras, M. (2020). Co-activation of the L2 dur-
 []


Underfull \hbox (badness 10000) in paragraph at lines 270--270
\T1/Carlito(0)/m/it/10 ing L1 au-di-tory pro-cess-ing : An ERP cross-modal prim-ing study. Brain and Lan-guage, 203, 104739.
 []


Underfull \hbox (badness 10000) in paragraph at lines 277--277
[]|\T1/Carlito(0)/m/it/10 Von Holzen, K., Fen-nell, C. T., & Mani, N. (2019). The im-pact of cross-language phono-log-i-cal over-
 []


Underfull \hbox (badness 10000) in paragraph at lines 277--277
\T1/Carlito(0)/m/it/10 lap on bilin-gual and mono-lin-gual tod-dlers' word recog-ni-tion. Bilin-gual-ism: Lan-guage and Cog-ni-tion.
 []


Underfull \hbox (badness 10000) in paragraph at lines 284--284
[]|\T1/Carlito(0)/m/it/10 Von Holzen, K., Nishibayashi, L.-L., & Nazzi, T. (2018). Con-so-nant and vowel pro-cess-ing in word form
 []


Underfull \hbox (badness 10000) in paragraph at lines 291--291
[]|\T1/Carlito(0)/m/it/10 Nazzi, T., Poltrock, S., & Von Holzen, K. (2016). The de-vel-op-men-tal ori-gins of the con-so-nant bias in
 []


Underfull \hbox (badness 10000) in paragraph at lines 291--291
\T1/Carlito(0)/m/it/10 lex-i-cal pro-cess-ing. Cur-rent Di-rec-tions in Psy-cho-log-i-cal Sci-ence, 25(4), 291--296. []$https : / / doi . org / 10 . 1177 /
 []


Underfull \hbox (badness 10000) in paragraph at lines 298--298
[]|\T1/Carlito(0)/m/it/10 Von Holzen, K., & Mani, N. (2014). Bilin-guals im-plic-itly name ob-jects in both their lan-guages: An ERP
 []


Underfull \hbox (badness 10000) in paragraph at lines 305--305
[]|\T1/Carlito(0)/m/it/10 Von Holzen, K., & Mani, N. (2012). Lan-guage non-s-e-lec-tive lex-i-cal ac-cess in bilin-gual tod-dlers. Jour-nal of
 []


Underfull \hbox (badness 10000) in paragraph at lines 319--319
[]|\T1/Carlito(0)/m/it/10 Kosie, J., Zetter-sten, M., & The Many-Ba-bies5 Team. (n.d.). Many-Ba-bies5: A large-scale in-ves-ti-ga-tion of
 []


Underfull \hbox (badness 10000) in paragraph at lines 319--319
\T1/Carlito(0)/m/it/10 the pro-posed shift from fa-mil-iar-ity pref-er-ence to nov-elty pref-er-ence in in-fant look-ing time. Na-ture Hu-man
 []


Underfull \hbox (badness 10000) in paragraph at lines 332--332
[]|\T1/Carlito(0)/m/it/10 Von Holzen, K., & New-man, R. (n.d.). Ab ini-tio word seg-men-ta-tion in infant- and adult-directed speech.
 []


Underfull \hbox (badness 10000) in paragraph at lines 339--339
[]|\T1/Carlito(0)/m/it/10 Von Holzen, K., & New-man, R. (n.d.). Chil-dren's for-eign word recog-ni-tion at first ex-po-sure:
 []


Underfull \hbox (badness 10000) in paragraph at lines 339--339
\T1/Carlito(0)/m/it/10 The role of phono-log-i-cal sim-i-lar-ity and ut-ter-ance po-si-tion. []$https : / / osf . io / q9duz / ?view _ only =
 []

Missing character: There is no č ("10D) in font ecrm1000!
Missing character: There is no ć ("107) in font ecrm1000!

Underfull \hbox (badness 10000) in paragraph at lines 352--352
[]|\T1/Carlito(0)/m/it/10 der Ned-er-lan-den, S., Lovevi, I., Von Holzen, K., & Tsuji, S. (n.d.). Test-ing in-fants' word com-pre-
 []


Underfull \hbox (badness 10000) in paragraph at lines 352--352
\T1/Carlito(0)/m/it/10 hen-sion on-line us-ing a Looking-While-Listening pro-ce-dure: Age and car-rier phrase mat-ter. []$https :
 []


Underfull \hbox (badness 10000) in paragraph at lines 358--358
[]|\T1/Carlito(0)/m/it/10 Von Holzen, K. (n.d.). The role of speech reg-is-ter in for-eign word learn-ing. []$https : / / osf . io / 5g2bz / ?view _
 []



[1

]
Underfull \hbox (badness 10000) in paragraph at lines 365--365
[]|\T1/Carlito(0)/m/it/10 Von Holzen, K., Schnieders, M., Wulfert, S., & Hopp, H. (n.d.). The role of lex-i-cal over-lap and cog-nate
 []


Underfull \hbox (badness 10000) in paragraph at lines 365--365
\T1/Carlito(0)/m/it/10 fa-cil-i-ta-tion in ini-tial child for-eign lan-guage speech seg-men-ta-tion. []$https : / / osf . io / dsg57 / ?view _ only =
 []


Underfull \hbox (badness 10000) in paragraph at lines 373--373
[]|\T1/Carlito(0)/m/it/10 Von Holzen, K., Wulfert, S., Schnieders, M., & Hopp, H. (n.d.). Pri-mary school stu-dents' for-eign lan-
 []


Underfull \hbox (badness 10000) in paragraph at lines 373--373
\T1/Carlito(0)/m/it/10 guage speech seg-men-ta-tion be-fore in-struc-tion: An in-ves-ti-ga-tion of L1 phono-tac-tic cue use. []$https :
 []


Underfull \hbox (badness 10000) in paragraph at lines 386--386
[]|\T1/Carlito(0)/m/it/10 Newman, R., & Von Holzen, K. (2023). Com-mu-ni-ca-tion De-vel-op-ment in In-fancy. In J. Berko Glea-son &
 []


Underfull \hbox (badness 10000) in paragraph at lines 394--394
[]|\T1/Carlito(0)/m/it/10 Bobb, S. C., Drum-mond Nauck, L. Y., Altvater-Mackensen, N., Von Holzen, K., & Mani, N. (2016). Lis-
 []


Underfull \hbox (badness 10000) in paragraph at lines 394--394
\T1/Carlito(0)/m/it/10 ten-ing with your co-hort: Do bilin-gual tod-dlers co-activate co-horts from both lan-guages when hear-ing
 []


Underfull \hbox (badness 10000) in paragraph at lines 394--394
\T1/Carlito(0)/m/it/10 words in one lan-guage alone? In Cog-ni-tive con-trol and con-se-quences of mul-ti-lin-gual-ism (pp. 47--69). John
 []


Underfull \hbox (badness 10000) in paragraph at lines 409--409
[]|\T1/Carlito(0)/m/it/10 Von Holzen, K., & Bergmann, C. (2018). A meta-analysis of in-fants' mis-pro-nun-ci-a-tion sen-si-tiv-ity de-
 []


Underfull \hbox (badness 10000) in paragraph at lines 409--409
\T1/Carlito(0)/m/it/10 vel-op-ment. In T. T. Rogers, M. Rau, X. Zhu, & C. W. Kalish (Eds.), Pro-ceed-ings of the 40th an-nual
 []


Underfull \hbox (badness 10000) in paragraph at lines 427--427
[]|\T1/Carlito(0)/m/it/10 Von Holzen, K. (2013). The ini-tial and long-lasting ef-fects of early bilin-gual lan-guage ac-qui-si-tion on
 []


Underfull \hbox (badness 10000) in paragraph at lines 427--427
\T1/Carlito(0)/m/it/10 lex-i-cal ac-cess: Ev-i-dence from ERP and eye-tracking stud-ies [Un-pub-lished doc-toral dis-ser-ta-tion]. Georg-
 []


Package hyperref Warning: The anchor of a bookmark and its parent's must not
(hyperref)                be the same. Added a new anchor on input line 434.


Underfull \hbox (badness 10000) in paragraph at lines 443--443
[]|\T1/Carlito(0)/m/it/10 Von Holzen, K. (2024). The role of lex-i-cal over-lap and cog-nate fa-cil-i-ta-tion in ini-tial child for-eign lan-guage
 []


Underfull \hbox (badness 10000) in paragraph at lines 443--443
\T1/Carlito(0)/m/it/10 speech seg-men-ta-tion. Pre-sented at the Chair for Ger-man Lin-guis-tics Col-lo-quium, Lud-wig Max-i-m-il-ian
 []


Underfull \hbox (badness 10000) in paragraph at lines 450--450
[]|\T1/Carlito(0)/m/it/10 Von Holzen, K. (2024). Speech seg-men-ta-tion in pre-EFL chil-dren: The role of lex-i-cal and sub-lex-i-cal cues.
 []


Underfull \hbox (badness 10000) in paragraph at lines 457--457
[]|\T1/Carlito(0)/m/it/10 Von Holzen, K. (2024). For-eign lan-guage pro-cess-ing be-fore in-struc-tion: Speech seg-men-ta-tion in pre-
 []


Underfull \hbox (badness 10000) in paragraph at lines 457--457
\T1/Carlito(0)/m/it/10 EFL chil-dren. Pre-sented at the Cen-tre for Lan-guage Stud-ies Col-lo-quium Se-ries, Rad-boud Uni-ver-sity,
 []


Underfull \hbox (badness 10000) in paragraph at lines 463--463
[]|\T1/Carlito(0)/m/it/10 Von Holzen, K. (2024). Meta-analysis and mis-pro-nun-ci-a-tions: An in-tro-duc-tion to meta-analyses. Pre-
 []


Underfull \hbox (badness 10000) in paragraph at lines 471--471
[]|\T1/Carlito(0)/m/it/10 Von Holzen, K. (2024). Re-al-iz-ing ac-ces-si-bil-ity and im-prov-ing re-li-a-bil-ity in de-vel-op-men-tal sci-ence: Re-mote,
 []


Underfull \hbox (badness 10000) in paragraph at lines 471--471
\T1/Carlito(0)/m/it/10 on-line test-ing with ManyBabies-AtHome. Pre-sented at the Work-shop ``Learn-ing in Ba-bies and Ma-chines:
 []


Underfull \hbox (badness 10000) in paragraph at lines 471--471
\T1/Carlito(0)/m/it/10 Re-cip-ro-cal In-sights and Method-olog-i-cal Syn-er-gies,'' Chosun Cen-ter for Data Sci-ence in Hu-man-i-ties, South
 []


Underfull \hbox (badness 10000) in paragraph at lines 479--479
[]|\T1/Carlito(0)/m/it/10 Von Holzen, K. (2023). Study-ing speech seg-men-ta-tion on-line us-ing be-hav-ioral, eye-tracking, and elec-tro-
 []


Underfull \hbox (badness 10000) in paragraph at lines 479--479
\T1/Carlito(0)/m/it/10 phys-i-o-log-i-cal meth-ods. Pre-sented at the Ringvor-lesung ``Re-cent Ad-vances in Lin-guis-tic Meth-ods,'' Lud-wig
 []


Underfull \hbox (badness 10000) in paragraph at lines 485--485
[]|\T1/Carlito(0)/m/it/10 Von Holzen, K. (2022). Doy-ou-un-der-stand-wha-tim-say-ing : How learn-ers break into speech stream seg-men-
 []


Underfull \hbox (badness 10000) in paragraph at lines 491--491
[]|\T1/Carlito(0)/m/it/10 Von Holzen, K. (2022). Us-ing cluster-based per-mu-ta-tion tests to anal-yse eye-tracking data. Pre-sented at
 []


Underfull \hbox (badness 10000) in paragraph at lines 498--498
[]|\T1/Carlito(0)/m/it/10 Von Holzen, K. (2022). Doy-ou-un-der-stand-wha-tI-amsay-ing? How learn-ers break into speech seg-men-ta-tion.
 []


Underfull \hbox (badness 10000) in paragraph at lines 505--505
[]|\T1/Carlito(0)/m/it/10 Von Holzen, K. (2022). Doy-ou-un-der-stand-wha-tI-amsay-ing? How learn-ers break into speech seg-men-ta-tion.
 []


Underfull \hbox (badness 10000) in paragraph at lines 512--512
[]|\T1/Carlito(0)/m/it/10 Von Holzen, K. (2021). Ba-bies know words, even when they're mis-pro-nounced: An in-tro-duc-tion to meta-
 []



[2]
Underfull \hbox (badness 10000) in paragraph at lines 520--520
[]|\T1/Carlito(0)/m/it/10 Von Holzen, K. (2020). Ba-bies know words, even when they're mis-pro-nounced: A meta-analysis of mis-
 []


Underfull \hbox (badness 10000) in paragraph at lines 520--520
\T1/Carlito(0)/m/it/10 pro-nun-ci-a-tion sen-si-tiv-ity stud-ies. Pre-sented at the Team Meet-ing of the Lan-guage and Cog-ni-tion Group,
 []


Underfull \hbox (badness 10000) in paragraph at lines 527--527
[]|\T1/Carlito(0)/m/it/10 Von Holzen, K. (2019). On the road to bilin-gual-ism: For-eign speech pro-cess-ing at first ex-po-sure in early
 []


Underfull \hbox (badness 10000) in paragraph at lines 527--527
\T1/Carlito(0)/m/it/10 child-hood. Pre-sented at the Psy-chol-ogy In-sti-tute Col-lo-quium, Jo-hannes Guten-berg Uni-ver-si-taet Mainz,
 []


Underfull \hbox (badness 10000) in paragraph at lines 534--534
[]|\T1/Carlito(0)/m/it/10 Von Holzen, K. (2019). Ba-bies know words, even when they're mis-pro-nounced: A meta-analysis of mis-
 []


Underfull \hbox (badness 10000) in paragraph at lines 542--542
[]|\T1/Carlito(0)/m/it/10 Von Holzen, K. (2018). On the road to bilin-gual-ism: The role of age in for-eign speech pro-cess-ing. Pre-
 []


Underfull \hbox (badness 10000) in paragraph at lines 542--542
\T1/Carlito(0)/m/it/10 sented at the Team Meet-ing of the Lan-guage and Cog-ni-tion Group, The In-sti-tute of Neu-ro-science and
 []


Underfull \hbox (badness 10000) in paragraph at lines 548--548
[]|\T1/Carlito(0)/m/it/10 Von Holzen, K. (2016). Phono-log-i-cal and lex-i-cal pro-cess-ing in first lan-guage and mul-ti-lin-gual ac-qui-si-tion.
 []


Underfull \hbox (badness 10000) in paragraph at lines 555--555
[]|\T1/Carlito(0)/m/it/10 Von Holzen, K., & Nazzi, T. (2016). Orig-ine de l'asymetrie con-sonne/voyelle lors du traite-ment lex-i-cal.
 []


Underfull \hbox (badness 10000) in paragraph at lines 555--555
\T1/Carlito(0)/m/it/10 Pre-sented at the Agence na-tionale de la recherche meet-ing of the grant fund-ing pro-gramme BLANC 2013,
 []


Underfull \hbox (badness 10000) in paragraph at lines 561--561
[]|\T1/Carlito(0)/m/it/10 Von Holzen, K. (2014). Seg-men-ta-tion of infant- and adult-directed speech in 12-month-olds: An ERP
 []


Underfull \hbox (badness 10000) in paragraph at lines 569--569
[]|\T1/Carlito(0)/m/it/10 Von Holzen, K. (2012). The cog-nate fa-cil-i-ta-tion ef-fect in bilin-gual and mono-lin-gual tod-dlers. Pre-sented
 []


Underfull \hbox (badness 10000) in paragraph at lines 569--569
\T1/Carlito(0)/m/it/10 at the Work-shop on Mono-lin-gual and Bilin-gual Word Recog-ni-tion and Learn-ing in In-fants and Adults,
 []


Underfull \hbox (badness 10000) in paragraph at lines 577--577
[]|\T1/Carlito(0)/m/it/10 Von Holzen, K. (2012). Learn-ing phonemes from faces: The role of speaker iden-tity in non-native
 []


Underfull \hbox (badness 10000) in paragraph at lines 577--577
\T1/Carlito(0)/m/it/10 phoneme dis-crim-i-na-tion. Pre-sented at the Work-shop on Mono-lin-gual and Bilin-gual Word Recog-ni-tion
 []


Underfull \hbox (badness 10000) in paragraph at lines 577--577
\T1/Carlito(0)/m/it/10 and Learn-ing in In-fants and Adults, Basque Cen-ter on Cog-ni-tion, Brain, and Lan-guage, San Se-bas-tian,
 []


Underfull \hbox (badness 10000) in paragraph at lines 585--585
[]|\T1/Carlito(0)/m/it/10 Von Holzen, K. (2012). Mech-a-nisms un-der-ly-ing lex-i-cal-pro-cess-ing in mono-lin-gual and bilin-gual tod-dlers.
 []


Underfull \hbox (badness 10000) in paragraph at lines 585--585
\T1/Carlito(0)/m/it/10 In L. Polka (Chair), Com-par-ing mono-lin-gual and bilin-gual lan-guage ac-qui-si-tion dur-ing in-fancy. In-vited
 []


Underfull \hbox (badness 10000) in paragraph at lines 585--585
\T1/Carlito(0)/m/it/10 sym-po-sium con-ducted at the XVI-I-Ith Bi-en-nial In-ter-na-tional Con-fer-ence on In-fant Stud-ies, Min-neapo-lis,
 []


Underfull \hbox (badness 10000) in paragraph at lines 598--598
[]|\T1/Carlito(0)/m/it/10 Von Holzen, K., & Team, T. M.-A. L. (2024). ManyBabies-AtHome look-ing while lis-ten-ing: An on-line,
 []


Underfull \hbox (badness 10000) in paragraph at lines 604--604
[]|\T1/Carlito(0)/m/it/10 Wulfert, S., Von Holzen, K., Schnieders, M., & Hopp, H. (2023). Use of L1 phono-tac-tics in ini-tial foreign-
 []


Underfull \hbox (badness 10000) in paragraph at lines 612--612
[]|\T1/Carlito(0)/m/it/10 Von Holzen, K., Bergmann, C., & ManyBabies-AtHome-Consortium. (2022). ManyBabies-AtHome look-
 []


Underfull \hbox (badness 10000) in paragraph at lines 612--612
\T1/Carlito(0)/m/it/10 ing while lis-ten-ing: Con-struct-ing an on-line, cross-linguistic in-ves-ti-ga-tion of word recog-ni-tion. Pre-sented at
 []


Underfull \hbox (badness 10000) in paragraph at lines 618--618
[]|\T1/Carlito(0)/m/it/10 Von Holzen, K., & ManyBabies-AtHome-Consortium. (2022). ManyBabies-AtHome. Pre-sented at the
 []


Underfull \hbox (badness 10000) in paragraph at lines 626--626
[]|\T1/Carlito(0)/m/it/10 Schlage, F., & Von Holzen, K. (2021). From boomer to dig-i-tal na-tive: The in-flu-ence of an-gli-cisms in ger-
 []


Underfull \hbox (badness 10000) in paragraph at lines 626--626
\T1/Carlito(0)/m/it/10 man so-cial me-dia lan-guage on lan-guage pro-cess-ing. Pre-sented at the 2021 Con-fer-ence Ar-chi-tec-tures and
 []


Underfull \hbox (badness 10000) in paragraph at lines 633--633
[]|\T1/Carlito(0)/m/it/10 Boveleth, J., & Von Holzen, K. (2021). The dif-fer-ence in the vo-cab-u-lary size of chil-dren with und with-out
 []


Underfull \hbox (badness 10000) in paragraph at lines 633--633
\T1/Carlito(0)/m/it/10 down syn-drome: A meta anal-y-sis. Pre-sented at the Muen-ster Con-fer-ence Lin-guis-tic Rep-re-sent-tions and
 []


Underfull \hbox (badness 10000) in paragraph at lines 640--640
[]|\T1/Carlito(0)/m/it/10 Von Holzen, K., Har-nischmacher, V., & Schus-ter, N. (2021). Pho-netic cues in L2 speech seg-men-ta-tion.
 []


Underfull \hbox (badness 10000) in paragraph at lines 640--640
\T1/Carlito(0)/m/it/10 Pre-sented at the 2021 Con-fer-ence Ar-chi-tec-tures and Mech-a-nisms for Lan-guage Pro-cess-ing (AM-LaP),
 []


Underfull \hbox (badness 10000) in paragraph at lines 648--648
[]|\T1/Carlito(0)/m/it/10 Von Holzen, K., & Bergmann, C. (2019). Can a tog be a dog? A meta-analysis of ex-per-i-men-tal fac-tors
 []


Underfull \hbox (badness 10000) in paragraph at lines 648--648
\T1/Carlito(0)/m/it/10 in-flu-enc-ing in-fants' mis-pro-nun-ci-a-tion sen-si-tiv-ity. In Gonzalez-Gomez, N. (Chair), Big ideas to tackle small
 []


Underfull \hbox (badness 10000) in paragraph at lines 648--648
\T1/Carlito(0)/m/it/10 sam-ples. Pre-sented at the Bi-en-nial Meet-ing of the So-ci-ety for Re-search in Child De-vel-op-ment, Bal-ti-more,
 []


Underfull \hbox (badness 10000) in paragraph at lines 655--655
[]|\T1/Carlito(0)/m/it/10 Von Holzen, K., & Bergmann, C. (2018). A meta-analysis of in-fants' mis-pro-nun-ci-a-tion sen-si-tiv-ity de-vel-op-
 []


Underfull \hbox (badness 10000) in paragraph at lines 663--663
[]|\T1/Carlito(0)/m/it/10 Von Holzen, K., & New-man, R. (2018). On the road to bilin-gual-ism: The role of na-tive lan-guage knowl-
 []


Underfull \hbox (badness 10000) in paragraph at lines 663--663
\T1/Carlito(0)/m/it/10 edge in for-eign speech pro-cess-ing. In Koos-tra, G. J. and Bosma, E. (Chairs), Cross-language ac-ti-va-tion in
 []



[3]
Underfull \hbox (badness 10000) in paragraph at lines 670--670
[]|\T1/Carlito(0)/m/it/10 Von Holzen, K., Nishibayashi, L.-L., & Nazzi, T. (2017). An ERP study of con-so-nant and vowel pro-cess-
 []


Underfull \hbox (badness 10000) in paragraph at lines 670--670
\T1/Carlito(0)/m/it/10 ing of newly seg-mented word forms. Pre-sented at the Work-shop on In-fant Lan-guage De-vel-op-ment, Bil-bao,
 []


Underfull \hbox (badness 10000) in paragraph at lines 677--677
[]|\T1/Carlito(0)/m/it/10 Von Holzen, K., & Nazzi, T. (2015). The role of con-so-nants and vow-els in 5- and 8-month-old own name
 []


Underfull \hbox (badness 10000) in paragraph at lines 677--677
\T1/Carlito(0)/m/it/10 recog-ni-tion: Im-pli-ca-tions for lex-i-cal de-vel-op-ment. Pre-sented at the sec-ond Work-shop on In-fant Lan-guage
 []


Underfull \hbox (badness 10000) in paragraph at lines 686--686
[]|\T1/Carlito(0)/m/it/10 Von Holzen, K., Wolff, D., & Mani, N. (2014). Seg-men-ta-tion of infant- and adult-directed speech in 12-
 []


Underfull \hbox (badness 10000) in paragraph at lines 686--686
\T1/Carlito(0)/m/it/10 month-olds: An ERP study. In K. Von Holzen (Chair), Seg-ment-ing words from con-tin-u-ous speech: Ex-
 []


Underfull \hbox (badness 10000) in paragraph at lines 686--686
\T1/Carlito(0)/m/it/10 am-in-ing var-ied in-put sources for in-fants. Sym-po-sium con-ducted at the XIXth Bi-en-nial In-ter-na-tional
 []


Underfull \hbox (badness 10000) in paragraph at lines 694--694
[]|\T1/Carlito(0)/m/it/10 Von Holzen, K., Wolff, D., & Mani, N. (2013). Seg-men-tierungs-fähigkeit von infant- und adult-directed
 []


Underfull \hbox (badness 10000) in paragraph at lines 694--694
\T1/Carlito(0)/m/it/10 speech bei 12 monate al-ten kindern (seg-men-ta-tion of infant- and adult-directed speech in 12-month-old
 []


Underfull \hbox (badness 10000) in paragraph at lines 703--703
[]|\T1/Carlito(0)/m/it/10 Von Holzen, K., & Mani, N. (2012). Learn-ing phonemes from faces: The role of speaker iden-tity in non-
 []


Underfull \hbox (badness 10000) in paragraph at lines 703--703
\T1/Carlito(0)/m/it/10 native phoneme dis-crim-i-na-tion. In K. Von Holzen (Chair), In-fant pho-netic learn-ing in con-text: The in-flu-
 []


Underfull \hbox (badness 10000) in paragraph at lines 703--703
\T1/Carlito(0)/m/it/10 ence of faces, ob-jects, and words. Sym-po-sium con-ducted at the XVI-I-Ith Bi-en-nial In-ter-na-tional Con-fer-ence
 []


Underfull \hbox (badness 10000) in paragraph at lines 710--710
[]|\T1/Carlito(0)/m/it/10 Von Holzen, K., & Mani, N. (2012). The cog-nate fa-cil-i-ta-tion ef-fect in bilin-gual tod-dlers. Pre-sented at the
 []


Underfull \hbox (badness 10000) in paragraph at lines 717--717
[]|\T1/Carlito(0)/m/it/10 Von Holzen, K., & Mani, N. (2012). Lan-guage non-selective lex-i-cal ac-cess in bilin-gual tod-dlers. Pre-sented
 []


Underfull \hbox (badness 10000) in paragraph at lines 726--726
[]|\T1/Carlito(0)/m/it/10 Von Holzen, K., & Mani, N. (2011). Bilin-gual phono-log-i-cal prim-ing: An ERP study in-ves-ti-gat-ing in-ter-
 []


Underfull \hbox (badness 10000) in paragraph at lines 726--726
\T1/Carlito(0)/m/it/10 con-nec-tiv-ity of ac-ti-va-tion in the bilin-guals two lex-i-cons at dif-fer-ent points in de-vel-op-ment. In J. Mayor
 []


Underfull \hbox (badness 10000) in paragraph at lines 726--726
\T1/Carlito(0)/m/it/10 (Chair), The emer-gence of lex-i-cal net-works in the sec-ond year of life. Sym-po-sium con-ducted at the 17th
 []


Underfull \hbox (badness 10000) in paragraph at lines 740--740
[]|\T1/Carlito(0)/m/it/10 Von Holzen, K., Schnieders, M., Wulfert, S., & Hopp, H. (2024). The role of lex-i-cal over-lap and cog-
 []


Underfull \hbox (badness 10000) in paragraph at lines 740--740
\T1/Carlito(0)/m/it/10 nate fa-cil-i-ta-tion in ini-tial child for-eign lan-guage speech seg-men-ta-tion. Poster pre-sented at IS-B-PAC 2024,
 []


Underfull \hbox (badness 10000) in paragraph at lines 747--747
[]|\T1/Carlito(0)/m/it/10 Von Holzen, K., Wulfert, S., Schnieders, M., & Hopp, H. (2024). Foreign-language speech seg-men-
 []


Underfull \hbox (badness 10000) in paragraph at lines 747--747
\T1/Carlito(0)/m/it/10 ta-tion in ab ini-tio child learn-ers. Poster pre-sented at IASCL 2024, Prague, Czech Re-pub-lic. []$https :
 []


Underfull \hbox (badness 10000) in paragraph at lines 755--755
[]|\T1/Carlito(0)/m/it/10 Von Holzen, K., Schnieders, M., & Hopp, H. (2023). Use of L1 lex-i-cal over-lap in ini-tial foreign-language
 []


Underfull \hbox (badness 10000) in paragraph at lines 755--755
\T1/Carlito(0)/m/it/10 speech seg-men-ta-tion. Pre-sented at the 2023 Con-fer-ence Ar-chi-tec-tures and Mech-a-nisms for Lan-guage
 []


Underfull \hbox (badness 10000) in paragraph at lines 764--764
[]|\T1/Carlito(0)/m/it/10 Von Holzen, K., Schnieders, M., Wulfert, S., & Hopp, H. (2023). Foreign-language speech seg-men-ta-tion in
 []


Underfull \hbox (badness 10000) in paragraph at lines 764--764
\T1/Carlito(0)/m/it/10 ab ini-tio child learn-ers: The roles of sub-lex-i-cal and lex-i-cal L2 over-lap and phono-log-i-cal aware-ness. Poster
 []


Underfull \hbox (badness 10000) in paragraph at lines 764--764
\T1/Carlito(0)/m/it/10 pre-sented at the 48th An-nual Boston Uni-ver-sity Con-fer-ence on Lan-guage De-vel-op-ment, Boston, MA.
 []


Underfull \hbox (badness 10000) in paragraph at lines 771--771
[]|\T1/Carlito(0)/m/it/10 Von Holzen, K., Schnieders, M., Wulfert, S., & Hopp, H. (2023). Lex-i-cal over-lap in for-eign lan-guage
 []


Underfull \hbox (badness 10000) in paragraph at lines 771--771
\T1/Carlito(0)/m/it/10 speech seg-men-ta-tion in primary-level stu-dents. Pre-sented at Eu-roSLA 32, Birm-ing-ham, UK. []$https :
 []


Underfull \hbox (badness 10000) in paragraph at lines 779--779
[]|\T1/Carlito(0)/m/it/10 Von Holzen, K., Wulfert, S., & Hopp, H. (2023). Use of L1 phono-tac-tics in ini-tial foreign-language speech
 []


Underfull \hbox (badness 10000) in paragraph at lines 779--779
\T1/Carlito(0)/m/it/10 seg-men-ta-tion. Pre-sented at the 2023 Con-fer-ence Ar-chi-tec-tures and Mech-a-nisms for Lan-guage Pro-cess-ing
 []


Underfull \hbox (badness 10000) in paragraph at lines 786--786
[]|\T1/Carlito(0)/m/it/10 Flohr, M.-C., Von Holzen, K., & Schimke, S. (2023). Ex-plor-ing the bound-aries of sta-tis-ti-cal learn-ing:
 []


Underfull \hbox (badness 10000) in paragraph at lines 786--786
\T1/Carlito(0)/m/it/10 Word seg-men-ta-tion in a nat-u-ral lan-guage. Pre-sented at Psy-cholin-guis-tics in Flan-ders (PiF) 2023, Ghent,
 []


Underfull \hbox (badness 10000) in paragraph at lines 794--794
[]|\T1/Carlito(0)/m/it/10 Flohr, M.-C., Von Holzen, K., & Schimke, S. (2023). Ex-plor-ing the bound-aries of sta-tis-ti-cal learn-ing:
 []


Underfull \hbox (badness 10000) in paragraph at lines 794--794
\T1/Carlito(0)/m/it/10 Word seg-men-ta-tion in a nat-u-ral lan-guage. Pre-sented at the 2023 Con-fer-ence Ar-chi-tec-tures and Mech-a-
 []


Underfull \hbox (badness 10000) in paragraph at lines 801--801
[]|\T1/Carlito(0)/m/it/10 Von Holzen, K. (2022). The role of speech mod-i-fi-ca-tions in ab inito learn-ers' ini-tial speech seg-men-ta-tion.
 []


Underfull \hbox (badness 10000) in paragraph at lines 810--810
[]|\T1/Carlito(0)/m/it/10 Von Holzen, K., Bergmann, C., & ManyBabies-AtHome-Consortium. (2022). ManyBabies-AtHome look-
 []


Underfull \hbox (badness 10000) in paragraph at lines 810--810
\T1/Carlito(0)/m/it/10 ing while lis-ten-ing: Con-struct-ing an on-line, cross-linguistic in-ves-ti-ga-tion of word recog-ni-tion. Pre-sented at
 []


Underfull \hbox (badness 10000) in paragraph at lines 810--810
\T1/Carlito(0)/m/it/10 the 2022 Work-shop on In-fant Lan-guage De-vel-op-ment, San Se-bas-tian, Spain. []$https : / / doi . org / 10 . 6084 / m9 .
 []



[4]
Underfull \hbox (badness 10000) in paragraph at lines 819--819
[]|\T1/Carlito(0)/m/it/10 Von Holzen, K., & New-man, R. (2021). The recog-ni-tion of for-eign words at first ex-po-sure in early lan-
 []


Underfull \hbox (badness 10000) in paragraph at lines 819--819
\T1/Carlito(0)/m/it/10 guage de-vel-op-ment: The role of phono-log-i-cal sim-i-lar-ity. Pre-sented at the Bi-en-nial Meet-ing of the So-ci-ety
 []


Underfull \hbox (badness 10000) in paragraph at lines 826--826
[]|\T1/Carlito(0)/m/it/10 Von Holzen, K., & Bergmann, C. (2018). A meta-analysis of mis-pro-nun-ci-a-tion sen-si-tiv-ity in in-fancy. Pre-
 []


Underfull \hbox (badness 10000) in paragraph at lines 833--833
[]|\T1/Carlito(0)/m/it/10 Von Holzen, K., Van Om-men, S., White, K., & Nazzi, T. (2018). French-learning in-fants' adap-ta-tion to
 []


Underfull \hbox (badness 10000) in paragraph at lines 833--833
\T1/Carlito(0)/m/it/10 a novel ac-cent: The role of con-so-nant/vowel asym-me-try. Pre-sented at the XXIth Bi-en-nial In-ter-na-tional
 []


Underfull \hbox (badness 10000) in paragraph at lines 840--840
[]|\T1/Carlito(0)/m/it/10 Von Holzen, K., & Bergmann, C. (2017). Ba-bies know words, even when they are mis-pro-nounced:
 []


Underfull \hbox (badness 10000) in paragraph at lines 840--840
\T1/Carlito(0)/m/it/10 A meta-analytic view. Pre-sented at the Work-shop on In-fant Lan-guage De-vel-op-ment, Bil-bao, Spain.
 []


Underfull \hbox (badness 10000) in paragraph at lines 848--848
[]|\T1/Carlito(0)/m/it/10 Von Holzen, K., Rider, D., & Nazzi, T. (2017). Con-so-nant and vowel pro-cess-ing in 5-, 8-, and 11-month-
 []


Underfull \hbox (badness 10000) in paragraph at lines 848--848
\T1/Carlito(0)/m/it/10 olds own name recog-ni-tion: The role of acous-tic/phonetic and lex-i-cal fac-tors. Pre-sented at the Congress
 []


Underfull \hbox (badness 10000) in paragraph at lines 855--855
[]|\T1/Carlito(0)/m/it/10 Von Holzen, K., Nishibayashi, L.-L., & Nazzi, T. (2017). Neu-ral bases of phono-log-i-cal pro-cess-ing of newly
 []


Underfull \hbox (badness 10000) in paragraph at lines 855--855
\T1/Carlito(0)/m/it/10 seg-mented word forms. Pre-sented at the 2017 Boston Uni-ver-sity Con-fer-ence on Lan-guage De-vel-op-ment,
 []


Underfull \hbox (badness 10000) in paragraph at lines 862--862
[]|\T1/Carlito(0)/m/it/10 Von Holzen, K., Fen-nell, C. T., & Mani, N. (2014). The cog-nate fa-cil-i-ta-tion ef-fect in bilin-gual and mono-
 []


Underfull \hbox (badness 10000) in paragraph at lines 862--862
\T1/Carlito(0)/m/it/10 lin-gual tod-dlers. Pre-sented at the XIXth Bi-en-nial In-ter-na-tional Con-fer-ence on In-fant Stud-ies, Berlin,
 []


Underfull \hbox (badness 10000) in paragraph at lines 869--869
[]|\T1/Carlito(0)/m/it/10 Von Holzen, K., Wolff, D., & Mani, N. (2013). Seg-men-ta-tion of IDS and ADS in 12-month-olds: An ERP
 []


Underfull \hbox (badness 10000) in paragraph at lines 876--876
[]|\T1/Carlito(0)/m/it/10 Von Holzen, K., Kre-mer, F., & Mani, N. (2013). As-so-ci-at-ing a lan-guage with a speaker: Bilin-gual pro-
 []


Underfull \hbox (badness 10000) in paragraph at lines 876--876
\T1/Carlito(0)/m/it/10 duc-tion is in-flu-enced by speaker lan-guage. Pre-sented at the In-ter-na-tional Work-shop on Bilin-gual-ism and
 []


Underfull \hbox (badness 10000) in paragraph at lines 883--883
[]|\T1/Carlito(0)/m/it/10 Von Holzen, K., & Mani, N. (2013). Na-tive and non-native phoneme per-cep-tion in bilin-gual tod-dlers: A
 []


Underfull \hbox (badness 10000) in paragraph at lines 890--890
[]|\T1/Carlito(0)/m/it/10 Von Holzen, K., & Mani, N. (2011). Learn-ing phonemes from faces: The role of speaker iden-tity in non-
 []


Underfull \hbox (badness 10000) in paragraph at lines 890--890
\T1/Carlito(0)/m/it/10 native phoneme dis-crim-i-na-tion. Pre-sented at the 2011 Boston Uni-ver-sity Con-fer-ence on Lan-guage De-vel-
 []


Underfull \hbox (badness 10000) in paragraph at lines 896--896
[]|\T1/Carlito(0)/m/it/10 Von Holzen, K., & Mani, N. (2011). Word-word re-la-tion-ships be-tween lan-guages and across de-vel-op-ment.
 []


Underfull \hbox (badness 10000) in paragraph at lines 902--902
[]|\T1/Carlito(0)/m/it/10 Von Holzen, K., & Mani, N. (2010). Phono-log-i-cal prim-ing across lan-guage bor-ders: No pass-port re-quired?
 []



[5] (./K_Von_Holzen_Hamburg_4_Publications.aux)
 ***********
LaTeX2e <2024-06-01> patch level 2
L3 programming layer <2024-07-20>
 ***********

LaTeX Font Warning: Some font shapes were not available, defaults substituted.

Package rerunfilecheck Info: File `K_Von_Holzen_Hamburg_4_Publications.out' has not changed.
(rerunfilecheck)             Checksum: FDB0A3DAD1A5444234E3FEC2BE3838C4;1967.
 ) 
Here is how much of TeX's memory you used:
 16163 strings out of 476234
 307866 string characters out of 5785368
 1953612 words of memory out of 5000000
 38467 multiletter control sequences out of 15000+600000
 563386 words of font info for 67 fonts, out of 8000000 for 9000
 14 hyphenation exceptions out of 8191
 94i,19n,121p,1042b,477s stack positions out of 10000i,1000n,20000p,200000b,200000s

Output written on K_Von_Holzen_Hamburg_4_Publications.pdf (5 pages).
