\BOOKMARK [1][-]{section.1}{\376\377\000E\000d\000u\000c\000a\000t\000i\000o\000n}{}% 1
\BOOKMARK [1][-]{section.2}{\376\377\000E\000m\000p\000l\000o\000y\000m\000e\000n\000t}{}% 2
\BOOKMARK [1][-]{section.3}{\376\377\000R\000e\000s\000e\000a\000r\000c\000h\000\040\000A\000r\000e\000a\000s}{}% 3
\BOOKMARK [1][-]{section.4}{\376\377\000P\000u\000b\000l\000i\000c\000a\000t\000i\000o\000n\000s}{}% 4
\BOOKMARK [2][-]{subsection.4.1}{\376\377\000P\000u\000b\000l\000i\000s\000h\000e\000d\000\040\000M\000a\000n\000u\000s\000c\000r\000i\000p\000t\000s}{section.4}% 5
\BOOKMARK [2][-]{subsection.4.2}{\376\377\000P\000h\000D\000\040\000T\000h\000e\000s\000i\000s}{section.4}% 6
\BOOKMARK [2][-]{subsection.4.3}{\376\377\000C\000h\000a\000p\000t\000e\000r\000s\000\040\000i\000n\000\040\000B\000o\000o\000k\000s}{section.4}% 7
\BOOKMARK [2][-]{subsection.4.4}{\376\377\000P\000e\000e\000r\000-\000R\000e\000v\000i\000e\000w\000e\000d\000\040\000C\000o\000n\000f\000e\000r\000e\000n\000c\000e\000\040\000P\000r\000o\000c\000e\000e\000d\000i\000n\000g\000s}{section.4}% 8
\BOOKMARK [2][-]{subsection.4.5}{\376\377\000O\000p\000e\000n\000\040\000D\000a\000t\000a}{section.4}% 9
\BOOKMARK [2][-]{subsection.4.6}{\376\377\000M\000a\000n\000u\000s\000c\000r\000i\000p\000t\000s\000\040\000u\000n\000d\000e\000r\000\040\000r\000e\000v\000i\000s\000i\000o\000n\000\040\000o\000r\000\040\000r\000e\000v\000i\000e\000w}{section.4}% 10
\BOOKMARK [1][-]{section.5}{\376\377\000G\000r\000a\000n\000t\000s}{}% 11
\BOOKMARK [1][-]{section.6}{\376\377\000A\000w\000a\000r\000d\000s}{}% 12
\BOOKMARK [1][-]{section.7}{\376\377\000I\000n\000v\000i\000t\000e\000d\000\040\000T\000a\000l\000k\000s}{}% 13
\BOOKMARK [1][-]{section.8}{\376\377\000C\000o\000n\000f\000e\000r\000e\000n\000c\000e\000\040\000A\000c\000t\000i\000v\000i\000t\000y}{}% 14
\BOOKMARK [2][-]{subsection.8.1}{\376\377\000T\000a\000l\000k\000s\000\040\000P\000r\000e\000s\000e\000n\000t\000e\000d}{section.8}% 15
\BOOKMARK [2][-]{subsection.8.2}{\376\377\000P\000o\000s\000t\000e\000r\000s\000\040\000P\000r\000e\000s\000e\000n\000t\000e\000d}{section.8}% 16
\BOOKMARK [1][-]{section.9}{\376\377\000T\000e\000a\000c\000h\000i\000n\000g\000\040\000a\000n\000d\000\040\000M\000e\000n\000t\000o\000r\000s\000h\000i\000p}{}% 17
\BOOKMARK [2][-]{subsection.9.1}{\376\377\000C\000o\000u\000r\000s\000e\000s\000\040\000T\000a\000u\000g\000h\000t}{section.9}% 18
\BOOKMARK [3][-]{subsubsection.9.1.1}{\376\377\000L\000e\000c\000t\000u\000r\000e\000-\000b\000a\000s\000e\000d\000\040\000C\000o\000u\000r\000s\000e\000s}{subsection.9.1}% 19
\BOOKMARK [3][-]{subsubsection.9.1.2}{\376\377\000S\000e\000m\000i\000n\000a\000r\000s}{subsection.9.1}% 20
\BOOKMARK [3][-]{subsubsection.9.1.3}{\376\377\000T\000u\000t\000o\000r\000i\000a\000l\000s}{subsection.9.1}% 21
\BOOKMARK [2][-]{subsection.9.2}{\376\377\000S\000t\000u\000d\000e\000n\000t\000s\000\040\000M\000e\000n\000t\000o\000r\000e\000d}{section.9}% 22
\BOOKMARK [3][-]{subsubsection.9.2.1}{\376\377\000U\000n\000i\000v\000e\000r\000s\000i\000t\000y\000\040\000o\000f\000\040\000M\000a\000r\000y\000l\000a\000n\000d}{subsection.9.2}% 23
\BOOKMARK [3][-]{subsubsection.9.2.2}{\376\377\000U\000n\000i\000v\000e\000r\000s\000i\000t\000\351\000\040\000P\000a\000r\000i\000s\000\040\000D\000e\000s\000c\000a\000r\000t\000e\000s}{subsection.9.2}% 24
\BOOKMARK [3][-]{subsubsection.9.2.3}{\376\377\000G\000e\000o\000r\000g\000-\000A\000u\000g\000u\000s\000t\000-\000U\000n\000i\000v\000e\000r\000s\000i\000t\000\344\000t\000\040\000G\000\366\000t\000t\000i\000n\000g\000e\000n}{subsection.9.2}% 25
\BOOKMARK [1][-]{section.10}{\376\377\000S\000k\000i\000l\000l\000s}{}% 26
\BOOKMARK [2][-]{subsection.10.1}{\376\377\000E\000x\000p\000e\000r\000i\000m\000e\000n\000t\000\040\000P\000r\000o\000g\000r\000a\000m\000m\000i\000n\000g\000\040\000E\000x\000p\000e\000r\000i\000e\000n\000c\000e}{section.10}% 27
\BOOKMARK [3][-]{subsubsection.10.1.1}{\376\377\000O\000p\000e\000n\000\040\000S\000e\000s\000a\000m\000e\000/\000P\000y\000t\000h\000o\000n}{subsection.10.1}% 28
\BOOKMARK [3][-]{subsubsection.10.1.2}{\376\377\000P\000r\000e\000s\000e\000n\000t\000a\000t\000i\000o\000n\000\040\000\050\000N\000e\000u\000r\000o\000b\000e\000h\000a\000v\000i\000o\000r\000a\000l\000\040\000S\000y\000s\000t\000e\000m\000s\000\051}{subsection.10.1}% 29
\BOOKMARK [3][-]{subsubsection.10.1.3}{\376\377\000E\000P\000r\000i\000m\000e\000\040\000\050\000P\000s\000y\000c\000h\000o\000l\000o\000g\000y\000\040\000S\000o\000f\000t\000w\000a\000r\000e\000\040\000T\000o\000o\000l\000s\000,\000\040\000I\000n\000c\000.\000\051}{subsection.10.1}% 30
\BOOKMARK [2][-]{subsection.10.2}{\376\377\000S\000t\000a\000t\000i\000s\000t\000i\000c\000a\000l\000/\000D\000a\000t\000a\000\040\000A\000n\000a\000l\000y\000s\000i\000s\000\040\000E\000x\000p\000e\000r\000i\000e\000n\000c\000e}{section.10}% 31
\BOOKMARK [3][-]{subsubsection.10.2.1}{\376\377\000R}{subsection.10.2}% 32
\BOOKMARK [3][-]{subsubsection.10.2.2}{\376\377\000P\000r\000a\000a\000t}{subsection.10.2}% 33
\BOOKMARK [3][-]{subsubsection.10.2.3}{\376\377\000C\000H\000A\000T\000/\000C\000L\000A\000N}{subsection.10.2}% 34
\BOOKMARK [3][-]{subsubsection.10.2.4}{\376\377\000E\000E\000G\000/\000E\000R\000P\000l\000a\000b}{subsection.10.2}% 35
\BOOKMARK [3][-]{subsubsection.10.2.5}{\376\377\000S\000P\000S\000S}{subsection.10.2}% 36
\BOOKMARK [1][-]{section.11}{\376\377\000S\000e\000r\000v\000i\000c\000e}{}% 37
\BOOKMARK [2][-]{subsection.11.1}{\376\377\000I\000n\000s\000t\000i\000t\000u\000t\000i\000o\000n\000a\000l\000\040\000S\000e\000r\000v\000i\000c\000e}{section.11}% 38
\BOOKMARK [3][-]{subsubsection.11.1.1}{\376\377\000U\000n\000i\000v\000e\000r\000s\000i\000t\000y\000\040\000o\000f\000\040\000M\000a\000r\000y\000l\000a\000n\000d}{subsection.11.1}% 39
\BOOKMARK [3][-]{subsubsection.11.1.2}{\376\377\000U\000n\000i\000v\000e\000r\000s\000i\000t\000\351\000\040\000P\000a\000r\000i\000s\000\040\000D\000e\000s\000c\000a\000r\000t\000e\000s}{subsection.11.1}% 40
\BOOKMARK [2][-]{subsection.11.2}{\376\377\000P\000r\000o\000f\000e\000s\000s\000i\000o\000n\000a\000l\000\040\000S\000e\000r\000v\000i\000c\000e}{section.11}% 41
\BOOKMARK [3][-]{subsubsection.11.2.1}{\376\377\000A\000d\000-\000h\000o\000c\000\040\000R\000e\000v\000i\000e\000w}{subsection.11.2}% 42
\BOOKMARK [3][-]{subsubsection.11.2.2}{\376\377\000C\000o\000n\000f\000e\000r\000e\000n\000c\000e\000\040\000R\000e\000v\000i\000e\000w}{subsection.11.2}% 43
\BOOKMARK [1][-]{section.12}{\376\377\000P\000r\000o\000f\000e\000s\000s\000i\000o\000n\000a\000l\000\040\000M\000e\000m\000b\000e\000r\000s\000h\000i\000p\000s}{}% 44
\BOOKMARK [1][-]{section.13}{\376\377\000L\000a\000n\000g\000u\000a\000g\000e\000s}{}% 45
\BOOKMARK [1][-]{section.14}{\376\377\000C\000o\000m\000m\000u\000n\000i\000t\000y\000\040\000I\000n\000v\000o\000l\000v\000e\000m\000e\000n\000t\000/\000O\000u\000t\000r\000e\000a\000c\000h}{}% 46
