This is LuaHBTeX, Version 1.17.0 (TeX Live 2023)  (format=lualatex 2023.10.16)  16 FEB 2024 14:38
 restricted system commands enabled.
**K_Von_Holzen_CV.tex
(./K_Von_Holzen_CV.tex
LaTeX2e <2023-06-01> patch level 1
L3 programming layer <2023-10-10>
Lua module: luaotfload 2023-08-31 3.26 Lua based OpenType font support
Lua module: lualibs 2023-07-13 2.76 ConTeXt Lua standard libraries.
Lua module: lualibs-extended 2023-07-13 2.76 ConTeXt Lua libraries -- extended collection.
luaotfload | conf : Root cache directory is "C:/Users/KatieVH/AppData/Roaming/TinyTeX/texmf-var/luatex-cache/generic/names".
luaotfload | init : Loading fontloader "fontloader-2023-08-19.lua" from kpse-resolved path "c:/Users/KatieVH/AppData/Roaming/TinyTeX/texmf-dist/tex/luatex/luaotfload/fontloader-2023-08-19.lua".
Lua-only attribute luaotfload@noligature = 1
luaotfload | init : Context OpenType loader version 3.133
Inserting `luaotfload.node_processor' in `pre_linebreak_filter'.
Inserting `luaotfload.node_processor' in `hpack_filter'.
Inserting `luaotfload.glyph_stream' in `glyph_stream_provider'.
Inserting `luaotfload.define_font' in `define_font'.
Lua-only attribute luaotfload_color_attribute = 2
luaotfload | conf : Root cache directory is "C:/Users/KatieVH/AppData/Roaming/TinyTeX/texmf-var/luatex-cache/generic/names".
Inserting `luaotfload.harf.strip_prefix' in `find_opentype_file'.
Inserting `luaotfload.harf.strip_prefix' in `find_truetype_file'.
Removing  `luaotfload.glyph_stream' from `glyph_stream_provider'.
Inserting `luaotfload.harf.glyphstream' in `glyph_stream_provider'.
Inserting `luaotfload.harf.finalize_vlist' in `post_linebreak_filter'.
Inserting `luaotfload.harf.finalize_hlist' in `hpack_filter'.
Inserting `luaotfload.cleanup_files' in `wrapup_run'.
Inserting `luaotfload.harf.finalize_unicode' in `finish_pdffile'.
Inserting `luaotfload.glyphinfo' in `glyph_info'.
Lua-only attribute luaotfload.letterspace_done = 3
Inserting `luaotfload.aux.set_sscale_dimens' in `luaotfload.patch_font'.
Inserting `luaotfload.aux.set_font_index' in `luaotfload.patch_font'.
Inserting `luaotfload.aux.patch_cambria_domh' in `luaotfload.patch_font'.
Inserting `luaotfload.aux.fixup_fontdata' in `luaotfload.patch_font_unsafe'.
Inserting `luaotfload.aux.set_capheight' in `luaotfload.patch_font'.
Inserting `luaotfload.aux.set_xheight' in `luaotfload.patch_font'.
Inserting `luaotfload.rewrite_fontname' in `luaotfload.patch_font'.
Inserting `tracingstacklevels' in `input_level_string'. (c:/Users/KatieVH/AppData/Roaming/TinyTeX/texmf-dist/tex/latex/base/article.cls
Document Class: article 2023/05/17 v1.4n Standard LaTeX document class
(c:/Users/KatieVH/AppData/Roaming/TinyTeX/texmf-dist/tex/latex/base/size10.clo
File: size10.clo 2023/05/17 v1.4n Standard LaTeX file (size option)
luaotfload | db : Font names database loaded from C:/Users/KatieVH/AppData/Roaming/TinyTeX/texmf-var/luatex-cache/generic/names/luaotfload-names.luc.gz)
\c@part=\count183
\c@section=\count184
\c@subsection=\count185
\c@subsubsection=\count186
\c@paragraph=\count187
\c@subparagraph=\count188
\c@figure=\count189
\c@table=\count190
\abovecaptionskip=\skip48
\belowcaptionskip=\skip49
\bibindent=\dimen139
) (c:/Users/KatieVH/AppData/Roaming/TinyTeX/texmf-dist/tex/latex/dejavu/DejaVuSansMono.sty
Package: DejaVuSansMono 2011/06/01 Style file for DejaVuSansMono.
(c:/Users/KatieVH/AppData/Roaming/TinyTeX/texmf-dist/tex/latex/graphics/keyval.sty
Package: keyval 2022/05/29 v1.15 key=value parser (DPC)
\KV@toks@=\toks17
)) (c:/Users/KatieVH/AppData/Roaming/TinyTeX/texmf-dist/tex/latex/graphics/color.sty
Package: color 2022/01/06 v1.3d Standard LaTeX Color (DPC)
(c:/Users/KatieVH/AppData/Roaming/TinyTeX/texmf-dist/tex/latex/graphics-cfg/color.cfg
File: color.cfg 2016/01/02 v1.6 sample color configuration
)
Package color Info: Driver file: luatex.def on input line 149.
(c:/Users/KatieVH/AppData/Roaming/TinyTeX/texmf-dist/tex/latex/graphics-def/luatex.def
File: luatex.def 2022/09/22 v1.2d Graphics/color driver for luatex
) (c:/Users/KatieVH/AppData/Roaming/TinyTeX/texmf-dist/tex/latex/graphics/mathcolor.ltx)) (c:/Users/KatieVH/AppData/Roaming/TinyTeX/texmf-dist/tex/latex/xcolor/xcolor.sty
Package: xcolor 2022/06/12 v2.14 LaTeX color extensions (UK)
(c:/Users/KatieVH/AppData/Roaming/TinyTeX/texmf-dist/tex/latex/graphics-cfg/color.cfg
File: color.cfg 2016/01/02 v1.6 sample color configuration
)
Package xcolor Info: Driver file: luatex.def on input line 227.
LaTeX Info: Redefining \color on input line 711.
(c:/Users/KatieVH/AppData/Roaming/TinyTeX/texmf-dist/tex/latex/graphics/mathcolor.ltx)
Package xcolor Info: Model `cmy' substituted by `cmy0' on input line 1353.
Package xcolor Info: Model `hsb' substituted by `rgb' on input line 1357.
Package xcolor Info: Model `RGB' extended on input line 1369.
Package xcolor Info: Model `HTML' substituted by `rgb' on input line 1371.
Package xcolor Info: Model `Hsb' substituted by `hsb' on input line 1372.
Package xcolor Info: Model `tHsb' substituted by `hsb' on input line 1373.
Package xcolor Info: Model `HSB' substituted by `hsb' on input line 1374.
Package xcolor Info: Model `Gray' substituted by `gray' on input line 1375.
Package xcolor Info: Model `wave' substituted by `hsb' on input line 1376.
) (c:/Users/KatieVH/AppData/Roaming/TinyTeX/texmf-dist/tex/generic/iftex/ifxetex.sty
Package: ifxetex 2019/10/25 v0.7 ifxetex legacy package. Use iftex instead.
(c:/Users/KatieVH/AppData/Roaming/TinyTeX/texmf-dist/tex/generic/iftex/iftex.sty
Package: iftex 2022/02/03 v1.0f TeX engine tests
)) (c:/Users/KatieVH/AppData/Roaming/TinyTeX/texmf-dist/tex/generic/iftex/ifluatex.sty
Package: ifluatex 2019/10/25 v1.5 ifluatex legacy package. Use iftex instead.
) (c:/Users/KatieVH/AppData/Roaming/TinyTeX/texmf-dist/tex/latex/base/fixltx2e.sty
Package: fixltx2e 2016/12/29 v2.1a fixes to LaTeX (obsolete)
Applying: [2015/01/01] Old fixltx2e package on input line 46.

Package fixltx2e Warning: fixltx2e is not required with releases after 2015
(fixltx2e)                All fixes are now in the LaTeX kernel.
(fixltx2e)                See the latexrelease package for details.

Already applied: [0000/00/00] Old fixltx2e package on input line 53.
) (c:/Users/KatieVH/AppData/Roaming/TinyTeX/texmf-dist/tex/latex/fontspec/fontspec.sty (c:/Users/KatieVH/AppData/Roaming/TinyTeX/texmf-dist/tex/latex/l3packages/xparse/xparse.sty (c:/Users/KatieVH/AppData/Roaming/TinyTeX/texmf-dist/tex/latex/l3kernel/expl3.sty
Package: expl3 2023-10-10 L3 programming layer (loader) 
(c:/Users/KatieVH/AppData/Roaming/TinyTeX/texmf-dist/tex/latex/l3backend/l3backend-luatex.def
File: l3backend-luatex.def 2023-10-10 L3 backend support: PDF output (LuaTeX)
\l__color_backend_stack_int=\count191
Inserting `l3color' in `luaotfload.parse_color'.
\l__pdf_internal_box=\box51
))
Package: xparse 2023-10-10 L3 Experimental document command parser
)
Package: fontspec 2022/01/15 v2.8a Font selection for XeLaTeX and LuaLaTeX
Lua module: fontspec 2022/01/15 2.8a Font selection for XeLaTeX and LuaLaTeX (c:/Users/KatieVH/AppData/Roaming/TinyTeX/texmf-dist/tex/latex/fontspec/fontspec-luatex.sty
Package: fontspec-luatex 2022/01/15 v2.8a Font selection for XeLaTeX and LuaLaTeX
\l__fontspec_script_int=\count192
\l__fontspec_language_int=\count193
\l__fontspec_strnum_int=\count194
\l__fontspec_tmp_int=\count195
\l__fontspec_tmpa_int=\count196
\l__fontspec_tmpb_int=\count197
\l__fontspec_tmpc_int=\count198
\l__fontspec_em_int=\count199
\l__fontspec_emdef_int=\count266
\l__fontspec_strong_int=\count267
\l__fontspec_strongdef_int=\count268
\l__fontspec_tmpa_dim=\dimen140
\l__fontspec_tmpb_dim=\dimen141
\l__fontspec_tmpc_dim=\dimen142
(c:/Users/KatieVH/AppData/Roaming/TinyTeX/texmf-dist/tex/latex/base/fontenc.sty
Package: fontenc 2021/04/29 v2.0v Standard LaTeX package
) (c:/Users/KatieVH/AppData/Roaming/TinyTeX/texmf-dist/tex/latex/fontspec/fontspec.cfg))) (c:/Users/KatieVH/AppData/Roaming/TinyTeX/texmf-dist/tex/latex/base/inputenc.sty
Package: inputenc 2021/02/14 v1.3d Input encoding file
\inpenc@prehook=\toks18
\inpenc@posthook=\toks19

Package inputenc Warning: inputenc package ignored with utf8 based engines.

) (c:/Users/KatieVH/AppData/Roaming/TinyTeX/texmf-dist/tex/latex/base/fontenc.sty
Package: fontenc 2021/04/29 v2.0v Standard LaTeX package
LaTeX Font Info:    Trying to load font information for T1+lmr on input line 112.
(c:/Users/KatieVH/AppData/Roaming/TinyTeX/texmf-dist/tex/latex/lm/t1lmr.fd
File: t1lmr.fd 2015/05/01 v1.6.1 Font defs for Latin Modern
)) (c:/Users/KatieVH/AppData/Roaming/TinyTeX/texmf-dist/tex/latex/microtype/microtype.sty
Package: microtype 2023/03/13 v3.1a Micro-typographical refinements (RS)
(c:/Users/KatieVH/AppData/Roaming/TinyTeX/texmf-dist/tex/latex/etoolbox/etoolbox.sty
Package: etoolbox 2020/10/05 v2.5k e-TeX tools for LaTeX (JAW)
\etb@tempcnta=\count269
)
\MT@toks=\toks20
\MT@tempbox=\box52
\MT@count=\count270
LaTeX Info: Redefining \noprotrusionifhmode on input line 1059.
LaTeX Info: Redefining \leftprotrusion on input line 1060.
\MT@prot@toks=\toks21
LaTeX Info: Redefining \rightprotrusion on input line 1078.
LaTeX Info: Redefining \textls on input line 1368.
\MT@outer@kern=\dimen143
LaTeX Info: Redefining \textmicrotypecontext on input line 1988.
\MT@listname@count=\count271
(c:/Users/KatieVH/AppData/Roaming/TinyTeX/texmf-dist/tex/latex/microtype/microtype-luatex.def
File: microtype-luatex.def 2023/03/13 v3.1a Definitions specific to luatex (RS)
Lua module: microtype 2023/03/13 3.1a microtype module.
Module microtype Info: overwriting function `keepligature' on input line 63
LaTeX Info: Redefining \lsstyle on input line 688.
LaTeX Info: Redefining \lslig on input line 688.
\MT@outer@space=\skip50
)
Package microtype Info: Loading configuration file microtype.cfg.
(c:/Users/KatieVH/AppData/Roaming/TinyTeX/texmf-dist/tex/latex/microtype/microtype.cfg
File: microtype.cfg 2023/03/13 v3.1a microtype main configuration file (RS)
)) (c:/Users/KatieVH/AppData/Roaming/TinyTeX/texmf-dist/tex/latex/hyperref/hyperref.sty
Package: hyperref 2023-07-08 v7.01b Hypertext links for LaTeX
(c:/Users/KatieVH/AppData/Roaming/TinyTeX/texmf-dist/tex/generic/ltxcmds/ltxcmds.sty
Package: ltxcmds 2020-05-10 v1.25 LaTeX kernel commands for general use (HO)
) (c:/Users/KatieVH/AppData/Roaming/TinyTeX/texmf-dist/tex/generic/pdftexcmds/pdftexcmds.sty
Package: pdftexcmds 2020-06-27 v0.33 Utility functions of pdfTeX for LuaTeX (HO)
(c:/Users/KatieVH/AppData/Roaming/TinyTeX/texmf-dist/tex/generic/infwarerr/infwarerr.sty
Package: infwarerr 2019/12/03 v1.5 Providing info/warning/error messages (HO)
)
Package pdftexcmds Info: \pdf@primitive is available.
Package pdftexcmds Info: \pdf@ifprimitive is available.
Package pdftexcmds Info: \pdfdraftmode found.
\pdftexcmds@toks=\toks22
) (c:/Users/KatieVH/AppData/Roaming/TinyTeX/texmf-dist/tex/latex/kvsetkeys/kvsetkeys.sty
Package: kvsetkeys 2022-10-05 v1.19 Key value parser (HO)
) (c:/Users/KatieVH/AppData/Roaming/TinyTeX/texmf-dist/tex/generic/kvdefinekeys/kvdefinekeys.sty
Package: kvdefinekeys 2019-12-19 v1.6 Define keys (HO)
) (c:/Users/KatieVH/AppData/Roaming/TinyTeX/texmf-dist/tex/generic/pdfescape/pdfescape.sty
Package: pdfescape 2019/12/09 v1.15 Implements pdfTeX's escape features (HO)
) (c:/Users/KatieVH/AppData/Roaming/TinyTeX/texmf-dist/tex/latex/hycolor/hycolor.sty
Package: hycolor 2020-01-27 v1.10 Color options for hyperref/bookmark (HO)
) (c:/Users/KatieVH/AppData/Roaming/TinyTeX/texmf-dist/tex/latex/letltxmacro/letltxmacro.sty
Package: letltxmacro 2019/12/03 v1.6 Let assignment for LaTeX macros (HO)
) (c:/Users/KatieVH/AppData/Roaming/TinyTeX/texmf-dist/tex/latex/auxhook/auxhook.sty
Package: auxhook 2019-12-17 v1.6 Hooks for auxiliary files (HO)
) (c:/Users/KatieVH/AppData/Roaming/TinyTeX/texmf-dist/tex/latex/hyperref/nameref.sty
Package: nameref 2023-08-07 v2.53 Cross-referencing by name of section
(c:/Users/KatieVH/AppData/Roaming/TinyTeX/texmf-dist/tex/latex/refcount/refcount.sty
Package: refcount 2019/12/15 v3.6 Data extraction from label references (HO)
) (c:/Users/KatieVH/AppData/Roaming/TinyTeX/texmf-dist/tex/generic/gettitlestring/gettitlestring.sty
Package: gettitlestring 2019/12/15 v1.6 Cleanup title references (HO)
(c:/Users/KatieVH/AppData/Roaming/TinyTeX/texmf-dist/tex/latex/kvoptions/kvoptions.sty
Package: kvoptions 2022-06-15 v3.15 Key value format for package options (HO)
))
\c@section@level=\count272
)
\@linkdim=\dimen144
\Hy@linkcounter=\count273
\Hy@pagecounter=\count274
(c:/Users/KatieVH/AppData/Roaming/TinyTeX/texmf-dist/tex/latex/hyperref/pd1enc.def
File: pd1enc.def 2023-07-08 v7.01b Hyperref: PDFDocEncoding definition (HO)
) (c:/Users/KatieVH/AppData/Roaming/TinyTeX/texmf-dist/tex/generic/intcalc/intcalc.sty
Package: intcalc 2019/12/15 v1.3 Expandable calculations with integers (HO)
)
\Hy@SavedSpaceFactor=\count275
(c:/Users/KatieVH/AppData/Roaming/TinyTeX/texmf-dist/tex/latex/hyperref/puenc.def
File: puenc.def 2023-07-08 v7.01b Hyperref: PDF Unicode definition (HO)
)
Package hyperref Info: Option `unicode' set `true' on input line 4050.
Package hyperref Info: Hyper figures OFF on input line 4167.
Package hyperref Info: Link nesting OFF on input line 4172.
Package hyperref Info: Hyper index ON on input line 4175.
Package hyperref Info: Plain pages OFF on input line 4182.
Package hyperref Info: Backreferencing OFF on input line 4187.
Package hyperref Info: Implicit mode ON; LaTeX internals redefined.
Package hyperref Info: Bookmarks ON on input line 4434.
\c@Hy@tempcnt=\count276
(c:/Users/KatieVH/AppData/Roaming/TinyTeX/texmf-dist/tex/latex/url/url.sty
\Urlmuskip=\muskip16
Package: url 2013/09/16  ver 3.4  Verb mode for urls, etc.
)
LaTeX Info: Redefining \url on input line 4772.
\XeTeXLinkMargin=\dimen145
(c:/Users/KatieVH/AppData/Roaming/TinyTeX/texmf-dist/tex/generic/bitset/bitset.sty
Package: bitset 2019/12/09 v1.3 Handle bit-vector datatype (HO)
(c:/Users/KatieVH/AppData/Roaming/TinyTeX/texmf-dist/tex/generic/bigintcalc/bigintcalc.sty
Package: bigintcalc 2019/12/15 v1.5 Expandable calculations on big integers (HO)
))
\Fld@menulength=\count277
\Field@Width=\dimen146
\Fld@charsize=\dimen147
Package hyperref Info: Hyper figures OFF on input line 6051.
Package hyperref Info: Link nesting OFF on input line 6056.
Package hyperref Info: Hyper index ON on input line 6059.
Package hyperref Info: backreferencing OFF on input line 6066.
Package hyperref Info: Link coloring OFF on input line 6071.
Package hyperref Info: Link coloring with OCG OFF on input line 6076.
Package hyperref Info: PDF/A mode OFF on input line 6081.
(c:/Users/KatieVH/AppData/Roaming/TinyTeX/texmf-dist/tex/latex/base/atbegshi-ltx.sty
Package: atbegshi-ltx 2021/01/10 v1.0c Emulation of the original atbegshi
package with kernel methods
)
\Hy@abspage=\count278
\c@Item=\count279
\c@Hfootnote=\count280
)
Package hyperref Info: Driver (autodetected): hluatex.
(c:/Users/KatieVH/AppData/Roaming/TinyTeX/texmf-dist/tex/latex/hyperref/hluatex.def
File: hluatex.def 2023-07-08 v7.01b Hyperref driver for luaTeX
(c:/Users/KatieVH/AppData/Roaming/TinyTeX/texmf-dist/tex/generic/stringenc/stringenc.sty
Package: stringenc 2019/11/29 v1.12 Convert strings between diff. encodings (HO)
) (c:/Users/KatieVH/AppData/Roaming/TinyTeX/texmf-dist/tex/latex/base/atveryend-ltx.sty
Package: atveryend-ltx 2020/08/19 v1.0a Emulation of the original atveryend package
with kernel methods
)
\Fld@listcount=\count281
\c@bookmark@seq@number=\count282
(c:/Users/KatieVH/AppData/Roaming/TinyTeX/texmf-dist/tex/latex/rerunfilecheck/rerunfilecheck.sty
Package: rerunfilecheck 2022-07-10 v1.10 Rerun checks for auxiliary files (HO)
(c:/Users/KatieVH/AppData/Roaming/TinyTeX/texmf-dist/tex/generic/uniquecounter/uniquecounter.sty
Package: uniquecounter 2019/12/15 v1.4 Provide unlimited unique counter (HO)
)
Package uniquecounter Info: New unique counter `rerunfilecheck' on input line 285.
)
\Hy@SectionHShift=\skip51
) (c:/Users/KatieVH/AppData/Roaming/TinyTeX/texmf-dist/tex/latex/geometry/geometry.sty
Package: geometry 2020/01/02 v5.9 Page Geometry
(c:/Users/KatieVH/AppData/Roaming/TinyTeX/texmf-dist/tex/generic/iftex/ifvtex.sty
Package: ifvtex 2019/10/25 v1.7 ifvtex legacy package. Use iftex instead.
)
\Gm@cnth=\count283
\Gm@cntv=\count284
\c@Gm@tempcnt=\count285
\Gm@bindingoffset=\dimen148
\Gm@wd@mp=\dimen149
\Gm@odd@mp=\dimen150
\Gm@even@mp=\dimen151
\Gm@layoutwidth=\dimen152
\Gm@layoutheight=\dimen153
\Gm@layouthoffset=\dimen154
\Gm@layoutvoffset=\dimen155
\Gm@dimlist=\toks23
) (c:/Users/KatieVH/AppData/Roaming/TinyTeX/texmf-dist/tex/latex/tools/longtable.sty
Package: longtable 2021-09-01 v4.17 Multi-page Table package (DPC)
\LTleft=\skip52
\LTright=\skip53
\LTpre=\skip54
\LTpost=\skip55
\LTchunksize=\count286
\LTcapwidth=\dimen156
\LT@head=\box53
\LT@firsthead=\box54
\LT@foot=\box55
\LT@lastfoot=\box56
\LT@gbox=\box57
\LT@cols=\count287
\LT@rows=\count288
\c@LT@tables=\count289
\c@LT@chunks=\count290
\LT@p@ftn=\toks24
) (c:/Users/KatieVH/AppData/Roaming/TinyTeX/texmf-dist/tex/latex/booktabs/booktabs.sty
Package: booktabs 2020/01/12 v1.61803398 Publication quality tables
\heavyrulewidth=\dimen157
\lightrulewidth=\dimen158
\cmidrulewidth=\dimen159
\belowrulesep=\dimen160
\belowbottomsep=\dimen161
\aboverulesep=\dimen162
\abovetopsep=\dimen163
\cmidrulesep=\dimen164
\cmidrulekern=\dimen165
\defaultaddspace=\dimen166
\@cmidla=\count291
\@cmidlb=\count292
\@aboverulesep=\dimen167
\@belowrulesep=\dimen168
\@thisruleclass=\count293
\@lastruleclass=\count294
\@thisrulewidth=\dimen169
) (c:/Users/KatieVH/AppData/Roaming/TinyTeX/texmf-dist/tex/latex/mdwtools/footnote.sty
Package: footnote 1997/01/28 1.13 Save footnotes around boxes
\fn@notes=\box58
\fn@width=\dimen170
) (c:/Users/KatieVH/AppData/Roaming/TinyTeX/texmf-dist/tex/latex/parskip/parskip.sty
Package: parskip 2021-03-14 v2.0h non-zero parskip adjustments
) (c:/Users/KatieVH/AppData/Roaming/TinyTeX/texmf-dist/tex/latex/paralist/paralist.sty
Package: paralist 2017/01/22 v2.7 Extended list environments
\pltopsep=\skip56
\plpartopsep=\skip57
\plitemsep=\skip58
\plparsep=\skip59
\pl@lab=\toks25
) (c:/Users/KatieVH/AppData/Roaming/TinyTeX/texmf-dist/tex/latex/ragged2e/ragged2e.sty
Package: ragged2e 2023/06/22 v3.6 ragged2e Package
\CenteringLeftskip=\skip60
\RaggedLeftLeftskip=\skip61
\RaggedRightLeftskip=\skip62
\CenteringRightskip=\skip63
\RaggedLeftRightskip=\skip64
\RaggedRightRightskip=\skip65
\CenteringParfillskip=\skip66
\RaggedLeftParfillskip=\skip67
\RaggedRightParfillskip=\skip68
\JustifyingParfillskip=\skip69
\CenteringParindent=\skip70
\RaggedLeftParindent=\skip71
\RaggedRightParindent=\skip72
\JustifyingParindent=\skip73
) (c:/Users/KatieVH/AppData/Roaming/TinyTeX/texmf-dist/tex/latex/datetime/datetime.sty
Package: datetime 2015/03/20 v2.60 Date Time Package
(c:/Users/KatieVH/AppData/Roaming/TinyTeX/texmf-dist/tex/latex/fmtcount/fmtcount.sty
Package: fmtcount 2020/01/30 v3.07
(c:/Users/KatieVH/AppData/Roaming/TinyTeX/texmf-dist/tex/latex/base/ifthen.sty
Package: ifthen 2022/04/13 v1.1d Standard LaTeX ifthen package (DPC)
) (c:/Users/KatieVH/AppData/Roaming/TinyTeX/texmf-dist/tex/latex/xkeyval/xkeyval.sty
Package: xkeyval 2022/06/16 v2.9 package option processing (HA)
(c:/Users/KatieVH/AppData/Roaming/TinyTeX/texmf-dist/tex/generic/xkeyval/xkeyval.tex (c:/Users/KatieVH/AppData/Roaming/TinyTeX/texmf-dist/tex/generic/xkeyval/xkvutils.tex
\XKV@toks=\toks26
\XKV@tempa@toks=\toks27
)
\XKV@depth=\count295
File: xkeyval.tex 2014/12/03 v2.7a key=value parser (HA)
)) (c:/Users/KatieVH/AppData/Roaming/TinyTeX/texmf-dist/tex/latex/fmtcount/fcprefix.sty
Package: fcprefix 2012/09/28
(c:/Users/KatieVH/AppData/Roaming/TinyTeX/texmf-dist/tex/latex/fmtcount/fcnumparser.sty
Package: fcnumparser 2017/06/15
\fc@digit@counter=\count296
)) (c:/Users/KatieVH/AppData/Roaming/TinyTeX/texmf-dist/tex/latex/amsmath/amsgen.sty
File: amsgen.sty 1999/11/30 v2.0 generic functions
\@emptytoks=\toks28
\ex@=\dimen171
)
\c@padzeroesN=\count297
\fc@tmpcatcode=\count298
\@DT@modctr=\count299
\@ordinalctr=\count300
\@orgargctr=\count301
\@strctr=\count302
\@tmpstrctr=\count303
\@DT@loopN=\count304
\@DT@X=\count305
) (c:/Users/KatieVH/AppData/Roaming/TinyTeX/texmf-dist/tex/latex/datetime/datetime-defaults.sty
Package: datetime-defaults 2013/09/10
)
\@day=\count306
\@month=\count307
\@year=\count308
\c@HOUR=\count309
\c@HOURXII=\count310
\c@MINUTE=\count311
\c@TOHOUR=\count312
\c@TOMINUTE=\count313
\c@SECOND=\count314
\currenthour=\count315
\currentminute=\count316
\currentsecond=\count317
Package datetime Info: No datetime.cfg file found, using default settings on input line 308.
\@dtctr=\count318
\dayofyear=\count319
\dayofweek=\count320
LaTeX Info: Redefining \today on input line 736.
\dt@a=\toks29
\dt@b=\toks30
) (c:/Users/KatieVH/AppData/Roaming/TinyTeX/texmf-dist/tex/latex/fancyhdr/fancyhdr.sty
Package: fancyhdr 2022/11/09 v4.1 Extensive control of page headers and footers
\f@nch@headwidth=\skip74
\f@nch@O@elh=\skip75
\f@nch@O@erh=\skip76
\f@nch@O@olh=\skip77
\f@nch@O@orh=\skip78
\f@nch@O@elf=\skip79
\f@nch@O@erf=\skip80
\f@nch@O@olf=\skip81
\f@nch@O@orf=\skip82
) (c:/Users/KatieVH/AppData/Roaming/TinyTeX/texmf-dist/tex/latex/enumitem/enumitem.sty
Package: enumitem 2019/06/20 v3.9 Customized lists
\labelindent=\skip83
\enit@outerparindent=\dimen172
\enit@toks=\toks31
\enit@inbox=\box59
\enit@count@id=\count321
\enitdp@description=\count322
) (c:/Users/KatieVH/AppData/Roaming/TinyTeX/texmf-dist/tex/latex/psnfss/pifont.sty
Package: pifont 2020/03/25 PSNFSS-v9.3 Pi font support (SPQR) 
LaTeX Font Info:    Trying to load font information for U+pzd on input line 63.
(c:/Users/KatieVH/AppData/Roaming/TinyTeX/texmf-dist/tex/latex/psnfss/upzd.fd
File: upzd.fd 2001/06/04 font definitions for U/pzd.
)
LaTeX Font Info:    Trying to load font information for U+psy on input line 64.
(c:/Users/KatieVH/AppData/Roaming/TinyTeX/texmf-dist/tex/latex/psnfss/upsy.fd
File: upsy.fd 2001/06/04 font definitions for U/psy.
)) (c:/Users/KatieVH/AppData/Roaming/TinyTeX/texmf-dist/tex/latex/titlesec/titlesec.sty
Package: titlesec 2021/07/05 v2.14 Sectioning titles
\ttl@box=\box60
\beforetitleunit=\skip84
\aftertitleunit=\skip85
\ttl@plus=\dimen173
\ttl@minus=\dimen174
\ttl@toksa=\toks32
\titlewidth=\dimen175
\titlewidthlast=\dimen176
\titlewidthfirst=\dimen177
) (c:/Users/KatieVH/AppData/Roaming/TinyTeX/texmf-dist/tex/latex/tools/tabularx.sty
Package: tabularx 2020/01/15 v2.11c `tabularx' package (DPC)
(c:/Users/KatieVH/AppData/Roaming/TinyTeX/texmf-dist/tex/latex/tools/array.sty
Package: array 2022/09/04 v2.5g Tabular extension package (FMi)
\col@sep=\dimen178
\ar@mcellbox=\box61
\extrarowheight=\dimen179
\NC@list=\toks33
\extratabsurround=\skip86
\backup@length=\skip87
\ar@cellbox=\box62
)
\TX@col@width=\dimen180
\TX@old@table=\dimen181
\TX@old@col=\dimen182
\TX@target=\dimen183
\TX@delta=\dimen184
\TX@cols=\count323
\TX@ftn=\toks34
) (c:/Users/KatieVH/AppData/Roaming/TinyTeX/texmf-dist/tex/latex/tools/calc.sty
Package: calc 2017/05/25 v4.3 Infix arithmetic (KKT,FJ)
\calc@Acount=\count324
\calc@Bcount=\count325
\calc@Adimen=\dimen185
\calc@Bdimen=\dimen186
\calc@Askip=\skip88
\calc@Bskip=\skip89
LaTeX Info: Redefining \setlength on input line 80.
LaTeX Info: Redefining \addtolength on input line 81.
\calc@Ccount=\count326
\calc@Cskip=\skip90
)
\headerboxwidth=\skip91
(c:/Users/KatieVH/AppData/Roaming/TinyTeX/texmf-dist/tex/latex/fontawesome5/fontawesome5.sty
Package: fontawesome5 2022/05/02 v5.15.4 Font Awesome 5
(c:/Users/KatieVH/AppData/Roaming/TinyTeX/texmf-dist/tex/latex/l3packages/l3keys2e/l3keys2e.sty
Package: l3keys2e 2023-10-10 LaTeX2e option processing using LaTeX3 keys
) (c:/Users/KatieVH/AppData/Roaming/TinyTeX/texmf-dist/tex/latex/fontawesome5/fontawesome5-utex-helper.sty
Package: fontawesome5-utex-helper 2022/05/02 v5.15.4 uTeX helper for fontawesome5
(c:/Users/KatieVH/AppData/Roaming/TinyTeX/texmf-dist/tex/luatex/luatexbase/luatexbase.sty
Package: luatexbase 2015/10/04 v1.3 luatexbase interface to LuaTeX 
(c:/Users/KatieVH/AppData/Roaming/TinyTeX/texmf-dist/tex/luatex/ctablestack/ctablestack.sty
Package: ctablestack 2015/10/01 v1.0 Catcode table stable support
\@catcodetablestackcnt=\count327
)
\CatcodeTableOther=\catcodetable14
\CatcodeTableExpl=\catcodetable15
)
LaTeX Font Info:    Trying to load font information for TU+fontawesomefree on input line 69.
(c:/Users/KatieVH/AppData/Roaming/TinyTeX/texmf-dist/tex/latex/fontawesome5/tufontawesomefree.fd)
LaTeX Font Info:    Trying to load font information for TU+fontawesomebrands on input line 70.
(c:/Users/KatieVH/AppData/Roaming/TinyTeX/texmf-dist/tex/latex/fontawesome5/tufontawesomebrands.fd)))
\cslhangindent=\skip92
\csllabelwidth=\skip93
(./K_Von_Holzen_CV.aux)
\openout1 = K_Von_Holzen_CV.aux

LaTeX Font Info:    Checking defaults for OML/cmm/m/it on input line 188.
LaTeX Font Info:    ... okay on input line 188.
LaTeX Font Info:    Checking defaults for OMS/cmsy/m/n on input line 188.
LaTeX Font Info:    ... okay on input line 188.
LaTeX Font Info:    Checking defaults for OT1/cmr/m/n on input line 188.
LaTeX Font Info:    ... okay on input line 188.
LaTeX Font Info:    Checking defaults for T1/cmr/m/n on input line 188.
LaTeX Font Info:    ... okay on input line 188.
LaTeX Font Info:    Checking defaults for TS1/cmr/m/n on input line 188.
LaTeX Font Info:    Trying to load font information for TS1+cmr on input line 188.
(c:/Users/KatieVH/AppData/Roaming/TinyTeX/texmf-dist/tex/latex/base/ts1cmr.fd
File: ts1cmr.fd 2023/04/13 v2.5m Standard LaTeX font definitions
)
LaTeX Font Info:    ... okay on input line 188.
LaTeX Font Info:    Checking defaults for TU/lmr/m/n on input line 188.
LaTeX Font Info:    ... okay on input line 188.
LaTeX Font Info:    Checking defaults for OMX/cmex/m/n on input line 188.
LaTeX Font Info:    ... okay on input line 188.
LaTeX Font Info:    Checking defaults for U/cmr/m/n on input line 188.
LaTeX Font Info:    ... okay on input line 188.
LaTeX Font Info:    Checking defaults for PD1/pdf/m/n on input line 188.
LaTeX Font Info:    ... okay on input line 188.
LaTeX Font Info:    Checking defaults for PU/pdf/m/n on input line 188.
LaTeX Font Info:    ... okay on input line 188.

Package fontspec Info: Adjusting the maths setup (use [no-math] to avoid
(fontspec)             this).

\symlegacymaths=\mathgroup4
LaTeX Font Info:    Overwriting symbol font `legacymaths' in version `bold'
(Font)                  OT1/cmr/m/n --> OT1/cmr/bx/n on input line 188.
LaTeX Font Info:    Redeclaring math accent \acute on input line 188.
LaTeX Font Info:    Redeclaring math accent \grave on input line 188.
LaTeX Font Info:    Redeclaring math accent \ddot on input line 188.
LaTeX Font Info:    Redeclaring math accent \tilde on input line 188.
LaTeX Font Info:    Redeclaring math accent \bar on input line 188.
LaTeX Font Info:    Redeclaring math accent \breve on input line 188.
LaTeX Font Info:    Redeclaring math accent \check on input line 188.
LaTeX Font Info:    Redeclaring math accent \hat on input line 188.
LaTeX Font Info:    Redeclaring math accent \dot on input line 188.
LaTeX Font Info:    Redeclaring math accent \mathring on input line 188.
LaTeX Font Info:    Redeclaring math symbol \colon on input line 188.
LaTeX Font Info:    Redeclaring math symbol \Gamma on input line 188.
LaTeX Font Info:    Redeclaring math symbol \Delta on input line 188.
LaTeX Font Info:    Redeclaring math symbol \Theta on input line 188.
LaTeX Font Info:    Redeclaring math symbol \Lambda on input line 188.
LaTeX Font Info:    Redeclaring math symbol \Xi on input line 188.
LaTeX Font Info:    Redeclaring math symbol \Pi on input line 188.
LaTeX Font Info:    Redeclaring math symbol \Sigma on input line 188.
LaTeX Font Info:    Redeclaring math symbol \Upsilon on input line 188.
LaTeX Font Info:    Redeclaring math symbol \Phi on input line 188.
LaTeX Font Info:    Redeclaring math symbol \Psi on input line 188.
LaTeX Font Info:    Redeclaring math symbol \Omega on input line 188.
LaTeX Font Info:    Redeclaring math symbol \mathdollar on input line 188.
LaTeX Font Info:    Redeclaring symbol font `operators' on input line 188.
LaTeX Font Info:    Encoding `OT1' has changed to `TU' for symbol font
(Font)              `operators' in the math version `normal' on input line 188.
LaTeX Font Info:    Overwriting symbol font `operators' in version `normal'
(Font)                  OT1/cmr/m/n --> TU/lmr/m/n on input line 188.
LaTeX Font Info:    Encoding `OT1' has changed to `TU' for symbol font
(Font)              `operators' in the math version `bold' on input line 188.
LaTeX Font Info:    Overwriting symbol font `operators' in version `bold'
(Font)                  OT1/cmr/bx/n --> TU/lmr/m/n on input line 188.
LaTeX Font Info:    Overwriting symbol font `operators' in version `normal'
(Font)                  TU/lmr/m/n --> TU/lmr/m/n on input line 188.
LaTeX Font Info:    Overwriting math alphabet `\mathit' in version `normal'
(Font)                  OT1/cmr/m/it --> TU/lmr/m/it on input line 188.
LaTeX Font Info:    Overwriting math alphabet `\mathbf' in version `normal'
(Font)                  OT1/cmr/bx/n --> TU/lmr/b/n on input line 188.
LaTeX Font Info:    Overwriting math alphabet `\mathsf' in version `normal'
(Font)                  OT1/cmss/m/n --> TU/lmss/m/n on input line 188.
LaTeX Font Info:    Overwriting math alphabet `\mathtt' in version `normal'
(Font)                  OT1/cmtt/m/n --> TU/lmtt/m/n on input line 188.
LaTeX Font Info:    Overwriting symbol font `operators' in version `bold'
(Font)                  TU/lmr/m/n --> TU/lmr/b/n on input line 188.
LaTeX Font Info:    Overwriting math alphabet `\mathit' in version `bold'
(Font)                  OT1/cmr/bx/it --> TU/lmr/b/it on input line 188.
LaTeX Font Info:    Overwriting math alphabet `\mathsf' in version `bold'
(Font)                  OT1/cmss/bx/n --> TU/lmss/b/n on input line 188.
LaTeX Font Info:    Overwriting math alphabet `\mathtt' in version `bold'
(Font)                  OT1/cmtt/m/n --> TU/lmtt/b/n on input line 188.
LaTeX Info: Redefining \microtypecontext on input line 188.
Package microtype Info: Applying patch `item' on input line 188.
Package microtype Info: Applying patch `toc' on input line 188.
Package microtype Info: Applying patch `eqnum' on input line 188.
Package microtype Info: Applying patch `footnote' on input line 188.
Package microtype Info: Applying patch `verbatim' on input line 188.
Package microtype Info: Generating PDF output.
Package microtype Info: Character protrusion enabled (level 2).
Package microtype Info: Using protrusion set `basicmath'.
Package microtype Info: Automatic font expansion enabled (level 2),
(microtype)             stretch: 20, shrink: 20, step: 1, non-selected.
Package microtype Info: Using default expansion set `alltext-nott'.
LaTeX Info: Redefining \showhyphens on input line 188.
Package microtype Info: No adjustment of tracking.
Package microtype Info: No adjustment of spacing.
Package microtype Info: No adjustment of kerning.
(c:/Users/KatieVH/AppData/Roaming/TinyTeX/texmf-dist/tex/latex/microtype/mt-LatinModernRoman.cfg
File: mt-LatinModernRoman.cfg 2021/02/21 v1.1 microtype config. file: Latin Modern Roman (RS)
)
Package microtype Info: Loading generic protrusion settings for font family
(microtype)             `lmr' (encoding: T1).
(microtype)             For optimal results, create family-specific settings.
(microtype)             See the microtype manual for details.
Package hyperref Info: Link coloring OFF on input line 188.
(./K_Von_Holzen_CV.out) (./K_Von_Holzen_CV.out)
\@outlinefile=\write3

\openout3 = K_Von_Holzen_CV.out
*geometry* driver: auto-detecting
*geometry* detected driver: luatex
*geometry* verbose mode - [ preamble ] result:
* driver: luatex
* paper: a4paper
* layout: <same size as paper>
* layoutoffset:(h,v)=(0.0pt,0.0pt)
* modes: 
* h-part:(L,W,R)=(49.79231pt, 497.92325pt, 49.79231pt)
* v-part:(T,H,B)=(62.59596pt, 725.54538pt, 56.9055pt)
* \paperwidth=597.50787pt
* \paperheight=845.04684pt
* \textwidth=497.92325pt
* \textheight=725.54538pt
* \oddsidemargin=-22.47768pt
* \evensidemargin=-22.47768pt
* \topmargin=-46.67403pt
* \headheight=15.0pt
* \headsep=25.0pt
* \topskip=10.0pt
* \footskip=30.0pt
* \marginparwidth=57.0pt
* \marginparsep=11.0pt
* \columnsep=10.0pt
* \skip\footins=9.0pt plus 4.0pt minus 2.0pt
* \hoffset=0.0pt
* \voffset=0.0pt
* \mag=1000
* \@twocolumnfalse
* \@twosidefalse
* \@mparswitchfalse
* \@reversemarginfalse
* (1in=72.27pt=25.4mm, 1cm=28.453pt)

(c:/Users/KatieVH/AppData/Roaming/TinyTeX/texmf-dist/tex/latex/fmtcount/fc-english.def
File: fc-english.def 2016/01/12
)
LaTeX Font Info:    Trying to load font information for T1+lmss on input line 189.
(c:/Users/KatieVH/AppData/Roaming/TinyTeX/texmf-dist/tex/latex/lm/t1lmss.fd
File: t1lmss.fd 2015/05/01 v1.6.1 Font defs for Latin Modern
)
Package microtype Info: Loading generic protrusion settings for font family
(microtype)             `lmss' (encoding: T1).
(microtype)             For optimal results, create family-specific settings.
(microtype)             See the microtype manual for details.
LaTeX Font Info:    External font `cmex10' loaded for size
(Font)              <7> on input line 189.
LaTeX Font Info:    External font `cmex10' loaded for size
(Font)              <5> on input line 189.
(c:/Users/KatieVH/AppData/Roaming/TinyTeX/texmf-dist/tex/latex/microtype/mt-cmr.cfg
File: mt-cmr.cfg 2013/05/19 v2.2 microtype config. file: Computer Modern Roman (RS)
)
LaTeX Font Info:    External font `cmex10' loaded for size
(Font)              <9> on input line 189.
LaTeX Font Info:    External font `cmex10' loaded for size
(Font)              <6> on input line 189.
(c:/Users/KatieVH/AppData/Roaming/TinyTeX/texmf-dist/tex/latex/microtype/mt-TU-empty.cfg
File: mt-TU-empty.cfg 2021/06/22 v1.1 microtype config. file: fonts with nonstandard glyph set (RS)
)
Overfull \hbox (6.79999pt too wide) in paragraph at lines 189--190
[][][][] 
 []


Overfull \hbox (15.50665pt too wide) in alignment at lines 195--211
[] []
 []


Underfull \hbox (badness 10000) in paragraph at lines 272--272
\T1/lmr/bx/n/10 Event-Related Po-ten-tials (ERPs); Eye-track-ing (gaze); Time-course anal-y-ses; Lon-gi-
 []


Overfull \hbox (30.25684pt too wide) in alignment at lines 252--278
[] []
 []


Package hyperref Warning: The anchor of a bookmark and its parent's must not
(hyperref)                be the same. Added a new anchor on input line 285.


Underfull \hbox (badness 10000) in paragraph at lines 296--296
\T1/lmr/m/n/10 mis-pro-nun-ci-a-tion sen-si-tiv-ity and novel ac-cent adap-ta-tion. \T1/lmr/m/it/10 Lan-guage Learn-ing and De-vel-op-ment\T1/lmr/m/n/10 , \T1/lmr/m/it/10 19\T1/lmr/m/n/10 (3),
 []


Underfull \hbox (badness 10000) in paragraph at lines 303--303
[]\T1/lmr/m/n/10 Von Holzen, K., & Bergmann, C. (2021). The de-vel-op-ment of in-fants' re-sponses to mis-pro-nun-ci-a-tions: A
 []


Underfull \hbox (badness 10000) in paragraph at lines 311--311
[]\T1/lmr/m/n/10 New-man, R. S., Kirby, L. A., Von Holzen, K., & Red-cay, E. (2021). Read my lips ! Per-cep-tion of speech
 []


Underfull \hbox (badness 10000) in paragraph at lines 311--311
\T1/lmr/m/n/10 in noise by preschool chil-dren with autism and the im-pact of watch-ing the speaker' s face. \T1/lmr/m/it/10 Jour-nal of
 []


Underfull \hbox (badness 10000) in paragraph at lines 318--318
[]\T1/lmr/m/n/10 Raneri, D., Von Holzen, K., New-man, R., & Rat-ner, N. B. (2020). Change in ma-ter-nal speech
 []


Underfull \hbox (badness 10000) in paragraph at lines 318--318
\T1/lmr/m/n/10 rate to pre-ver-bal in-fants over the first two years of life. \T1/lmr/m/it/10 Jour-nal of Child Lan-guage\T1/lmr/m/n/10 , 1--13. []$https:
 []


Underfull \hbox (badness 10000) in paragraph at lines 325--325
[]\T1/lmr/m/n/10 Von Holzen, K., & Nazzi, T. (2020). Emer-gence of a con-so-nant bias dur-ing the first year of life: New
 []


Underfull \hbox (badness 10000) in paragraph at lines 333--333
\T1/lmr/m/n/10 directed speech pref-er-ence. \T1/lmr/m/it/10 Ad-vances in Meth-ods and Prac-tices in Psy-cho-log-i-cal Sci-ence\T1/lmr/m/n/10 , \T1/lmr/m/it/10 3\T1/lmr/m/n/10 (1), 24--52.
 []

[1

{c:/Users/KatieVH/AppData/Roaming/TinyTeX/texmf-var/fonts/map/pdftex/updmap/pdftex.map}]
Underfull \hbox (badness 10000) in paragraph at lines 341--341
\T1/lmr/m/n/10 read-ing in-ter-ac-tions: Com-par-ing re-peated and elab-o-rated in-put. \T1/lmr/m/it/10 Jour-nal of Speech Lan-guage and
 []


Underfull \hbox (badness 10000) in paragraph at lines 349--349
[]\T1/lmr/m/n/10 Bobb, S. C., Von Holzen, K., Mayor, J., Mani, N., & Car-reiras, M. (2020). Co-activation of the L2
 []


Underfull \hbox (badness 10000) in paragraph at lines 349--349
\T1/lmr/m/n/10 dur-ing L1 au-di-tory pro-cess-ing : An ERP cross-modal prim-ing study. \T1/lmr/m/it/10 Brain and Lan-guage\T1/lmr/m/n/10 , \T1/lmr/m/it/10 203\T1/lmr/m/n/10 , 104739.
 []


Underfull \hbox (badness 10000) in paragraph at lines 356--356
[]\T1/lmr/m/n/10 Von Holzen, K., Fen-nell, C. T., & Mani, N. (2019). The im-pact of cross-language phono-log-i-cal over-
 []


Underfull \hbox (badness 10000) in paragraph at lines 356--356
\T1/lmr/m/n/10 lap on bilin-gual and mono-lin-gual tod-dlers' word recog-ni-tion. \T1/lmr/m/it/10 Bilin-gual-ism: Lan-guage and Cog-ni-tion\T1/lmr/m/n/10 .
 []


Underfull \hbox (badness 10000) in paragraph at lines 363--363
[]\T1/lmr/m/n/10 Von Holzen, K., Nishibayashi, L.-L., & Nazzi, T. (2018). Con-so-nant and vowel pro-cess-ing in word
 []


Underfull \hbox (badness 10000) in paragraph at lines 363--363
\T1/lmr/m/n/10 form seg-men-ta-tion: An in-fant ERP study. \T1/lmr/m/it/10 Brain Sci-ences\T1/lmr/m/n/10 , \T1/lmr/m/it/10 8\T1/lmr/m/n/10 (24), 1--15. []$https://doi.org/10.3390/
 []


Underfull \hbox (badness 10000) in paragraph at lines 370--370
[]\T1/lmr/m/n/10 Nazzi, T., Poltrock, S., & Von Holzen, K. (2016). The de-vel-op-men-tal ori-gins of the con-so-nant
 []


Underfull \hbox (badness 10000) in paragraph at lines 370--370
\T1/lmr/m/n/10 bias in lex-i-cal pro-cess-ing. \T1/lmr/m/it/10 Cur-rent Di-rec-tions in Psy-cho-log-i-cal Sci-ence\T1/lmr/m/n/10 , \T1/lmr/m/it/10 25\T1/lmr/m/n/10 (4), 291--296. []$https:
 []


Underfull \hbox (badness 10000) in paragraph at lines 377--377
[]\T1/lmr/m/n/10 Von Holzen, K., & Mani, N. (2014). Bilin-guals im-plic-itly name ob-jects in both their lan-guages: An ERP
 []


warning  (pdf backend): ignoring duplicate destination with the name 'bibliography'

Underfull \hbox (badness 10000) in paragraph at lines 395--395
[]\T1/lmr/m/n/10 New-man, R., & Von Holzen, K. (2023). Com-mu-ni-ca-tion De-vel-op-ment in In-fancy. In J. Berko Glea-son &
 []


Underfull \hbox (badness 10000) in paragraph at lines 403--403
[]\T1/lmr/m/n/10 Bobb, S. C., Drum-mond Nauck, L. Y., Altvater-Mackensen, N., Von Holzen, K., & Mani, N. (2016).
 []


Underfull \hbox (badness 10000) in paragraph at lines 403--403
\T1/lmr/m/n/10 Lis-ten-ing with your co-hort: Do bilin-gual tod-dlers co-activate co-horts from both lan-guages when hear-ing
 []


Underfull \hbox (badness 10000) in paragraph at lines 403--403
\T1/lmr/m/n/10 words in one lan-guage alone? In \T1/lmr/m/it/10 Cog-ni-tive con-trol and con-se-quences of mul-ti-lin-gual-ism \T1/lmr/m/n/10 (pp. 47--69).
 []


warning  (pdf backend): ignoring duplicate destination with the name 'bibliography'

Underfull \hbox (badness 10000) in paragraph at lines 416--416
[]\T1/lmr/m/n/10 Von Holzen, K., & Bergmann, C. (2018). A meta-analysis of in-fants' mis-pro-nun-ci-a-tion sen-si-tiv-ity
 []


Underfull \hbox (badness 10000) in paragraph at lines 416--416
\T1/lmr/m/it/10 con-fer-ence of the cog-ni-tive sci-ence So-ci-ety-Science so-ci-ety \T1/lmr/m/n/10 (pp. 1157--1162). Cog-ni-tive Sci-ence So-ci-ety,
 []


warning  (pdf backend): ignoring duplicate destination with the name 'bibliography'

Underfull \hbox (badness 10000) in paragraph at lines 427--427
[]\T1/lmr/m/n/10 Von Holzen, K., van Om-men, S., White, K., & Nazzi, T. (2022). \T1/lmr/m/it/10 The im-pact of phono-log-i-cal bi-
 []


Underfull \hbox (badness 10000) in paragraph at lines 427--427
\T1/lmr/m/it/10 ases on mis-pro-nun-ci-a-tion sen-si-tiv-ity and novel ac-cent adap-ta-tion\T1/lmr/m/n/10 . Open Sci-ence Foun-da-tion.
 []


Underfull \hbox (badness 10000) in paragraph at lines 433--433
[]\T1/lmr/m/n/10 Von Holzen, K., & Bergmann, C. (2021). \T1/lmr/m/it/10 In-fant Mis-pro-nun-ci-a-tion Sen-si-tiv-ity Meta-Analysis (In-Mis-
 []


warning  (pdf backend): ignoring duplicate destination with the name 'bibliography'

Underfull \hbox (badness 10000) in paragraph at lines 444--444
[]\T1/lmr/m/n/10 Von Holzen, K. (2013). \T1/lmr/m/it/10 The ini-tial and long-lasting ef-fects of early bilin-gual lan-guage ac-qui-si-tion
 []


Underfull \hbox (badness 10000) in paragraph at lines 444--444
\T1/lmr/m/it/10 on lex-i-cal ac-cess: Ev-i-dence from ERP and eye-tracking stud-ies \T1/lmr/m/n/10 [Un-pub-lished doc-toral dis-ser-ta-tion].
 []


warning  (pdf backend): ignoring duplicate destination with the name 'bibliography'

Underfull \hbox (badness 10000) in paragraph at lines 455--455
[]\T1/lmr/m/n/10 Von Holzen, K., & New-man, R. (n.d.). \T1/lmr/m/it/10 Ab ini-tio word seg-men-ta-tion in infant- and adult-directed speech.
 []


Underfull \hbox (badness 10000) in paragraph at lines 462--462
[]\T1/lmr/m/n/10 Kosie, J., Zetter-sten, M., & The Many-Ba-bies5 Team. (n.d.). \T1/lmr/m/it/10 Many-Ba-bies5: A large-scale in-ves-ti-
 []


Underfull \hbox (badness 10000) in paragraph at lines 462--462
\T1/lmr/m/it/10 ga-tion of the pro-posed shift from fa-mil-iar-ity pref-er-ence to nov-elty pref-er-ence in in-fant look-ing time.
 []

[2]
Underfull \hbox (badness 10000) in paragraph at lines 487--487
\T1/lmr/m/n/10 Com-par-a-tive and Evo-lu-tion-ary Bi-ol-ogy of Hear-ing, NIH Post-doc Train-ing Grant, 5T32DC00046-
 []


Underfull \hbox (badness 10000) in paragraph at lines 496--496
[]\T1/lmr/bx/n/10 The re-la-tion-ship be-tween at-trac-tive-ness rat-ing and brain ac-tiv-ity in males and
 []


Underfull \hbox (badness 10000) in paragraph at lines 512--512
[]\T1/lmr/bx/n/10 Berke-ley Ini-tia-tive for Trans-parency in the So-cial Sci-ences (BITSS) Meta-Analysis
 []


Underfull \hbox (badness 10000) in paragraph at lines 517--517
[]\T1/lmr/bx/n/10 GDR Neu-ro-sciences Cog-ni-tives du De-vel-oppe-ment bourses de mo-bilite a des doc-tor-
 []


Underfull \hbox (badness 10000) in paragraph at lines 517--517
\T1/lmr/m/n/10 Travel award for the Pots-dam Sum-mer School, In-fant Stud-ies on Lan-guage De-vel-op-ment in
 []


Package hyperref Warning: The anchor of a bookmark and its parent's must not
(hyperref)                be the same. Added a new anchor on input line 544.


Underfull \hbox (badness 10000) in paragraph at lines 591--591
[]\T1/lmr/bx/n/10 Wort-seg-men-tierung: Erken-nt-nisse aus der Psycho- und Neu-rolin-guis-tik (Word
 []


Underfull \hbox (badness 10000) in paragraph at lines 609--609
[]\T1/lmr/bx/n/10 Zwei Sprachen, ein Gehirn: Bilin-gual-is-mus und dessen Kon-se-quen-zen (Two Lan-
 []

[3]
Underfull \hbox (badness 10000) in paragraph at lines 633--633
[]\T1/lmr/m/n/10 Eval-u-a-tion: 'I learned a lot from this course'- 3.03 (Dis-agree - 0 to
 []


Underfull \hbox (badness 10000) in paragraph at lines 664--664
\T1/lmr/m/n/10 down.org/katie_m_von-holzen/Eye-track-ing_Sta-tis-ti-cal_Anal-y-sis_Tu-to-
 []


Underfull \hbox (badness 10000) in paragraph at lines 682--682
[]\T1/lmr/m/n/10 Doc-toral stu-dents, Re-search Train-ing Group 2070, Georg-August-
 []


Underfull \hbox (badness 10000) in paragraph at lines 708--708
\T1/lmr/m/n/10 The Pho-netic Speci-ficity of British English-Learning In-fants' Word Form Recog-ni-tion in Their
 []

[4] [5]

Package hyperref Warning: The anchor of a bookmark and its parent's must not
(hyperref)                be the same. Added a new anchor on input line 722.


Overfull \hbox (8.84pt too wide) in alignment at lines 724--730
[] []
 []


Underfull \hbox (badness 10000) in paragraph at lines 740--740
\T1/lmr/m/n/10 Ini-tial Steps into For-eign Lan-guage Learn-ing: Lex-i-cal and Mor-phosyn-tac-tic Abil-i-ties of Pri-mary
 []


Overfull \hbox (8.84pt too wide) in alignment at lines 735--746
[] []
 []


Underfull \hbox (badness 10000) in paragraph at lines 756--756
\T1/lmr/m/n/10 Auswirkun-gen kindgerichteter Sprache auf die Merk-fae-higkeit von Wo-ert-ern (The role of child-
 []


Underfull \hbox (badness 10000) in paragraph at lines 761--761
\T1/lmr/m/n/10 Beitet ``foreigner-directed speech'' einen Vorteil beim ler-nen? Auswirkung auf den Fremd-spracher-
 []


Underfull \hbox (badness 10000) in paragraph at lines 766--766
\T1/lmr/m/n/10 und dem Wortschatz von bilin-gualen Kindern (The re-la-tion-ship be-tween SES, in-put fre-quency,
 []


Underfull \hbox (badness 10000) in paragraph at lines 771--771
\T1/lmr/m/n/10 Von Boomer zum Dig-i-tal Na-tive: Wie der Ein-fluss fremd-sprach-licher El-e-mente der Ju-gend-sprache
 []


Underfull \hbox (badness 10000) in paragraph at lines 776--776
\T1/lmr/m/n/10 The Dif-fer-ence in the Vo-cab-u-lary Size of Chil-dren with and with-out Down Syn-drome: A Meta-
 []


Underfull \hbox (badness 10000) in paragraph at lines 781--781
\T1/lmr/m/n/10 Seg-men-tierungs-fae-higkeit von infant- und adult-directed speech bei 11-13 Monate al-ten Kindern.
 []


Underfull \hbox (badness 10000) in paragraph at lines 781--781
\T1/lmr/m/n/10 Eine ERP-Studie. (Seg-men-ta-tion abil-i-ties in infant- and adult di-rected speech in 11-13 month old
 []


Underfull \hbox (badness 10000) in paragraph at lines 792--792
\T1/lmr/m/n/10 Us-age of Prosodic Cues: Mono-lin-gual and Bilin-gual In-fants' Word Seg-men-ta-tion Abil-i-ties in
 []


Underfull \hbox (badness 10000) in paragraph at lines 797--797
\T1/lmr/m/n/10 (1995) on the role of acoustic-prosodic speech mod-i-fi-ca-tions on word learn-ing in a for-eign
 []


Underfull \hbox (badness 10000) in paragraph at lines 802--802
\T1/lmr/m/n/10 Das Vere-in-fachen der Wort-seg-men-ta-tion bei Zweit-sprach-ler-nende: Eine Nei-gung zur
 []


Underfull \hbox (badness 10000) in paragraph at lines 807--807
\T1/lmr/m/n/10 Ein-fluss des Zweit-sprach-niveaus auf den Er-werb ihrer Phono-tak-tik (The In-flu-ence of L2 pro-fi-
 []


Underfull \hbox (badness 10000) in paragraph at lines 812--812
\T1/lmr/m/n/10 Mehrsprachigkeit im Schu-lall-tag: In-wiefern beziehen Lehrkraefte die Er-st-sprache von Schuelerin-
 []


Underfull \hbox (badness 10000) in paragraph at lines 812--812
\T1/lmr/m/n/10 nen und Schuel-ern im deutsch-sprachigen (Fach-)Un-ter-richt mit ein? (Mul-ti-lin-gual-ism in schools:
 []


Underfull \hbox (badness 10000) in paragraph at lines 817--817
\T1/lmr/m/n/10 Phono-tak-tis-che Seg-men-tierung der L2: Wie wirken L1-Merkmale deutscher Mut-ter-sprach-ler auf
 []


Underfull \hbox (badness 10000) in paragraph at lines 817--817
\T1/lmr/m/n/10 die Seg-men-tierung des Sprach-flusses und die Worterken-nung in der L2 En-glisch ein?. (Phono-
 []


Underfull \hbox (badness 10000) in paragraph at lines 817--817
\T1/lmr/m/n/10 tac-tic seg-men-ta-tion in the L2: How do L1 char-ac-ter-is-tics in-flu-ence the seg-men-ta-tion and word
 []

[6]
Underfull \hbox (badness 10000) in paragraph at lines 839--839
\T1/lmr/m/n/10 Heather Wib-ber-ley, Tay-lor Trent, Jil-lian Do-herty, Mag-gie Ro-man, Do-minique Jenk-ins, Jes-sica
 []


Underfull \hbox (badness 10000) in paragraph at lines 854--854
[]\T1/lmr/bx/n/10 Emer-gence of the C-bias dur-ing the first year of life: New ev-i-dence from own name
 []


Package hyperref Warning: The anchor of a bookmark and its parent's must not
(hyperref)                be the same. Added a new anchor on input line 862.


warning  (pdf backend): ignoring duplicate destination with the name 'bibliography'

Underfull \hbox (badness 10000) in paragraph at lines 870--870
[]\T1/lmr/m/n/10 Von Holzen, K. (2024). \T1/lmr/m/it/10 For-eign lan-guage pro-cess-ing be-fore in-struc-tion: Speech seg-men-ta-tion in pre-
 []


Underfull \hbox (badness 10000) in paragraph at lines 870--870
\T1/lmr/m/it/10 EFL chil-dren\T1/lmr/m/n/10 . Pre-sented at the Cen-tre for Lan-guage Stud-ies Col-lo-quium Se-ries, Rad-boud Uni-ver-sity,
 []


Underfull \hbox (badness 10000) in paragraph at lines 876--876
[]\T1/lmr/m/n/10 Von Holzen, K. (2024). \T1/lmr/m/it/10 Meta-analysis and mis-pro-nun-ci-a-tions: An in-tro-duc-tion to meta-analyses\T1/lmr/m/n/10 .
 []


Underfull \hbox (badness 10000) in paragraph at lines 884--884
[]\T1/lmr/m/n/10 Von Holzen, K. (2024). \T1/lmr/m/it/10 Re-al-iz-ing ac-ces-si-bil-ity and im-prov-ing re-li-a-bil-ity in de-vel-op-men-tal sci-ence: Re-mote,
 []


Underfull \hbox (badness 10000) in paragraph at lines 884--884
\T1/lmr/m/it/10 on-line test-ing with ManyBabies-AtHome\T1/lmr/m/n/10 . Pre-sented at the Work-shop ``Learn-ing in Ba-bies and Ma-chines:
 []


Underfull \hbox (badness 10000) in paragraph at lines 884--884
\T1/lmr/m/n/10 Re-cip-ro-cal In-sights and Method-olog-i-cal Syn-er-gies,'' Chosun Cen-ter for Data Sci-ence in Hu-man-i-ties,
 []


Underfull \hbox (badness 10000) in paragraph at lines 892--892
[]\T1/lmr/m/n/10 Von Holzen, K. (2023). \T1/lmr/m/it/10 Study-ing speech seg-men-ta-tion on-line us-ing be-hav-ioral, eye-tracking, and elec-
 []


Underfull \hbox (badness 10000) in paragraph at lines 892--892
\T1/lmr/m/it/10 tro-phys-i-o-log-i-cal meth-ods\T1/lmr/m/n/10 . Pre-sented at the Ringvor-lesung ``Re-cent Ad-vances in Lin-guis-tic Meth-ods,''
 []


Underfull \hbox (badness 10000) in paragraph at lines 898--898
[]\T1/lmr/m/n/10 Von Holzen, K. (2022). \T1/lmr/m/it/10 Doy-ou-un-der-stand-wha-tim-say-ing : How learn-ers break into speech stream seg-men-
 []


Underfull \hbox (badness 10000) in paragraph at lines 904--904
[]\T1/lmr/m/n/10 Von Holzen, K. (2022). \T1/lmr/m/it/10 Us-ing cluster-based per-mu-ta-tion tests to anal-yse eye-tracking data\T1/lmr/m/n/10 . Pre-sented at
 []


Underfull \hbox (badness 10000) in paragraph at lines 911--911
[]\T1/lmr/m/n/10 Von Holzen, K. (2022). \T1/lmr/m/it/10 Doy-ou-un-der-stand-wha-tI-amsay-ing? How learn-ers break into speech seg-men-ta-
 []


Underfull \hbox (badness 10000) in paragraph at lines 911--911
\T1/lmr/m/it/10 tion\T1/lmr/m/n/10 . Pre-sented at the Lin-guis-Tisch Sem-i-nar Se-ries, So-ci-olin-guis-tics Lab, Uni-ver-sitt Duisburg-Essen,
 []


Underfull \hbox (badness 10000) in paragraph at lines 918--918
[]\T1/lmr/m/n/10 Von Holzen, K. (2022). \T1/lmr/m/it/10 Doy-ou-un-der-stand-wha-tI-amsay-ing? How learn-ers break into speech seg-men-ta-tion\T1/lmr/m/n/10 .
 []

[7]
Underfull \hbox (badness 10000) in paragraph at lines 925--925
[]\T1/lmr/m/n/10 Von Holzen, K. (2021). \T1/lmr/m/it/10 Ba-bies know words, even when they're mis-pro-nounced: An in-tro-duc-tion to
 []


Underfull \hbox (badness 10000) in paragraph at lines 925--925
\T1/lmr/m/it/10 meta-analyses\T1/lmr/m/n/10 . Pre-sented at the Ger-man Sem-i-nar Col-lo-quium, Albert-Ludwigs Uni-ver-si-taet Freiburg,
 []


Underfull \hbox (badness 10000) in paragraph at lines 933--933
[]\T1/lmr/m/n/10 Von Holzen, K. (2020). \T1/lmr/m/it/10 Ba-bies know words, even when they're mis-pro-nounced: A meta-analysis of
 []


Underfull \hbox (badness 10000) in paragraph at lines 933--933
\T1/lmr/m/it/10 mis-pro-nun-ci-a-tion sen-si-tiv-ity stud-ies\T1/lmr/m/n/10 . Pre-sented at the Team Meet-ing of the Lan-guage and Cog-ni-tion
 []


Underfull \hbox (badness 10000) in paragraph at lines 940--940
[]\T1/lmr/m/n/10 Von Holzen, K. (2019). \T1/lmr/m/it/10 On the road to bilin-gual-ism: For-eign speech pro-cess-ing at first ex-po-sure in early
 []


Underfull \hbox (badness 10000) in paragraph at lines 947--947
[]\T1/lmr/m/n/10 Von Holzen, K. (2019). \T1/lmr/m/it/10 Ba-bies know words, even when they're mis-pro-nounced: A meta-analysis of
 []


Underfull \hbox (badness 10000) in paragraph at lines 947--947
\T1/lmr/m/it/10 mis-pro-nun-ci-a-tion sen-si-tiv-ity\T1/lmr/m/n/10 . Pre-sented at the Lin-guis-tics De-part-ment, City Uni-ver-sity of New York,
 []


Underfull \hbox (badness 10000) in paragraph at lines 955--955
[]\T1/lmr/m/n/10 Von Holzen, K. (2018). \T1/lmr/m/it/10 On the road to bilin-gual-ism: The role of age in for-eign speech pro-cess-ing\T1/lmr/m/n/10 . Pre-
 []


Underfull \hbox (badness 10000) in paragraph at lines 955--955
\T1/lmr/m/n/10 sented at the Team Meet-ing of the Lan-guage and Cog-ni-tion Group, The In-sti-tute of Neu-ro-science and
 []


Underfull \hbox (badness 10000) in paragraph at lines 968--968
\T1/lmr/m/n/10 Pre-sented at the Agence na-tionale de la recherche meet-ing of the grant fund-ing pro-gramme BLANC
 []


Underfull \hbox (badness 10000) in paragraph at lines 974--974
[]\T1/lmr/m/n/10 Von Holzen, K. (2014). \T1/lmr/m/it/10 Seg-men-ta-tion of infant- and adult-directed speech in 12-month-olds: An ERP
 []


Underfull \hbox (badness 10000) in paragraph at lines 982--982
[]\T1/lmr/m/n/10 Von Holzen, K. (2012). \T1/lmr/m/it/10 The cog-nate fa-cil-i-ta-tion ef-fect in bilin-gual and mono-lin-gual tod-dlers\T1/lmr/m/n/10 . Pre-sented
 []


Underfull \hbox (badness 10000) in paragraph at lines 982--982
\T1/lmr/m/n/10 at the Work-shop on Mono-lin-gual and Bilin-gual Word Recog-ni-tion and Learn-ing in In-fants and Adults,
 []


Underfull \hbox (badness 10000) in paragraph at lines 990--990
[]\T1/lmr/m/n/10 Von Holzen, K. (2012). \T1/lmr/m/it/10 Learn-ing phonemes from faces: The role of speaker iden-tity in non-native
 []


Underfull \hbox (badness 10000) in paragraph at lines 990--990
\T1/lmr/m/it/10 phoneme dis-crim-i-na-tion\T1/lmr/m/n/10 . Pre-sented at the Work-shop on Mono-lin-gual and Bilin-gual Word Recog-ni-tion
 []


Underfull \hbox (badness 10000) in paragraph at lines 998--998
[]\T1/lmr/m/n/10 Von Holzen, K. (2012). \T1/lmr/m/it/10 Mech-a-nisms un-der-ly-ing lex-i-cal-pro-cess-ing in mono-lin-gual and bilin-gual tod-dlers\T1/lmr/m/n/10 .
 []


warning  (pdf backend): ignoring duplicate destination with the name 'bibliography'

Underfull \hbox (badness 10000) in paragraph at lines 1008--1008
[]\T1/lmr/m/n/10 Wulfert, S., Von Holzen, K., Schnieders, M., & Hopp, H. (2023). \T1/lmr/m/it/10 Use of L1 phono-tac-tics in ini-tial
 []


Underfull \hbox (badness 10000) in paragraph at lines 1016--1016
\T1/lmr/m/it/10 ing while lis-ten-ing: Con-struct-ing an on-line, cross-linguistic in-ves-ti-ga-tion of word recog-ni-tion\T1/lmr/m/n/10 . Pre-sented
 []


Underfull \hbox (badness 10000) in paragraph at lines 1022--1022
[]\T1/lmr/m/n/10 Von Holzen, K., & ManyBabies-AtHome-Consortium. (2022). \T1/lmr/m/it/10 ManyBabies-AtHome\T1/lmr/m/n/10 . Pre-sented at the
 []


Underfull \hbox (badness 10000) in paragraph at lines 1030--1030
[]\T1/lmr/m/n/10 Schlage, F., & Von Holzen, K. (2021). \T1/lmr/m/it/10 From boomer to dig-i-tal na-tive: The in-flu-ence of an-gli-cisms in
 []


Underfull \hbox (badness 10000) in paragraph at lines 1030--1030
\T1/lmr/m/it/10 ger-man so-cial me-dia lan-guage on lan-guage pro-cess-ing\T1/lmr/m/n/10 . Pre-sented at the 2021 Con-fer-ence Ar-chi-tec-tures
 []


Underfull \hbox (badness 10000) in paragraph at lines 1037--1037
[]\T1/lmr/m/n/10 Boveleth, J., & Von Holzen, K. (2021). \T1/lmr/m/it/10 The dif-fer-ence in the vo-cab-u-lary size of chil-dren with und with-out
 []


Underfull \hbox (badness 10000) in paragraph at lines 1044--1044
\T1/lmr/m/n/10 Pre-sented at the 2021 Con-fer-ence Ar-chi-tec-tures and Mech-a-nisms for Lan-guage Pro-cess-ing (AM-LaP),
 []


Underfull \hbox (badness 10000) in paragraph at lines 1052--1052
[]\T1/lmr/m/n/10 Von Holzen, K., & Bergmann, C. (2019). \T1/lmr/m/it/10 Can a tog be a dog? A meta-analysis of ex-per-i-men-tal fac-tors
 []


Underfull \hbox (badness 10000) in paragraph at lines 1052--1052
\T1/lmr/m/it/10 in-flu-enc-ing in-fants' mis-pro-nun-ci-a-tion sen-si-tiv-ity\T1/lmr/m/n/10 . In Gonzalez-Gomez, N. (Chair), Big ideas to tackle
 []


Underfull \hbox (badness 10000) in paragraph at lines 1052--1052
\T1/lmr/m/n/10 small sam-ples. Pre-sented at the Bi-en-nial Meet-ing of the So-ci-ety for Re-search in Child De-vel-op-ment,
 []


Underfull \hbox (badness 10000) in paragraph at lines 1059--1059
[]\T1/lmr/m/n/10 Von Holzen, K., & Bergmann, C. (2018). \T1/lmr/m/it/10 A meta-analysis of in-fants' mis-pro-nun-ci-a-tion sen-si-tiv-ity
 []


Underfull \hbox (badness 10000) in paragraph at lines 1059--1059
\T1/lmr/m/it/10 de-vel-op-ment\T1/lmr/m/n/10 . Pre-sented at the 40th An-nual Meet-ing of the Cog-ni-tive Sci-ence So-ci-ety, Madi-son, WI,
 []

[8]
Underfull \hbox (badness 10000) in paragraph at lines 1067--1067
[]\T1/lmr/m/n/10 Von Holzen, K., & New-man, R. (2018). \T1/lmr/m/it/10 On the road to bilin-gual-ism: The role of na-tive lan-guage knowl-
 []


Underfull \hbox (badness 10000) in paragraph at lines 1067--1067
\T1/lmr/m/it/10 edge in for-eign speech pro-cess-ing\T1/lmr/m/n/10 . In Koos-tra, G. J. and Bosma, E. (Chairs), Cross-language ac-ti-va-tion in
 []


Underfull \hbox (badness 10000) in paragraph at lines 1074--1074
[]\T1/lmr/m/n/10 Von Holzen, K., Nishibayashi, L.-L., & Nazzi, T. (2017). \T1/lmr/m/it/10 An ERP study of con-so-nant and vowel pro-
 []


Underfull \hbox (badness 10000) in paragraph at lines 1081--1081
[]\T1/lmr/m/n/10 Von Holzen, K., & Nazzi, T. (2015). \T1/lmr/m/it/10 The role of con-so-nants and vow-els in 5- and 8-month-old own name
 []


Underfull \hbox (badness 10000) in paragraph at lines 1090--1090
[]\T1/lmr/m/n/10 Von Holzen, K., Wolff, D., & Mani, N. (2014). \T1/lmr/m/it/10 Seg-men-ta-tion of infant- and adult-directed speech in
 []


Underfull \hbox (badness 10000) in paragraph at lines 1090--1090
\T1/lmr/m/it/10 12-month-olds: An ERP study\T1/lmr/m/n/10 . In K. Von Holzen (Chair), Seg-ment-ing words from con-tin-u-ous speech:
 []


Underfull \hbox (badness 10000) in paragraph at lines 1090--1090
\T1/lmr/m/n/10 Ex-am-in-ing var-ied in-put sources for in-fants. Sym-po-sium con-ducted at the XIXth Bi-en-nial In-ter-na-tional
 []


Underfull \hbox (badness 10000) in paragraph at lines 1098--1098
[]\T1/lmr/m/n/10 Von Holzen, K., Wolff, D., & Mani, N. (2013). \T1/lmr/m/it/10 Seg-men-tierungs-fhigkeit von infant- und adult-directed
 []


Underfull \hbox (badness 10000) in paragraph at lines 1098--1098
\T1/lmr/m/it/10 speech bei 12 monate al-ten kindern (seg-men-ta-tion of infant- and adult-directed speech in 12-month-old
 []


Underfull \hbox (badness 10000) in paragraph at lines 1107--1107
[]\T1/lmr/m/n/10 Von Holzen, K., & Mani, N. (2012). \T1/lmr/m/it/10 Learn-ing phonemes from faces: The role of speaker iden-tity in
 []


Underfull \hbox (badness 10000) in paragraph at lines 1107--1107
\T1/lmr/m/it/10 non-native phoneme dis-crim-i-na-tion\T1/lmr/m/n/10 . In K. Von Holzen (Chair), In-fant pho-netic learn-ing in con-text: The
 []


Underfull \hbox (badness 10000) in paragraph at lines 1107--1107
\T1/lmr/m/n/10 in-flu-ence of faces, ob-jects, and words. Sym-po-sium con-ducted at the XVI-I-Ith Bi-en-nial In-ter-na-tional
 []


Underfull \hbox (badness 10000) in paragraph at lines 1114--1114
[]\T1/lmr/m/n/10 Von Holzen, K., & Mani, N. (2012). \T1/lmr/m/it/10 The cog-nate fa-cil-i-ta-tion ef-fect in bilin-gual tod-dlers\T1/lmr/m/n/10 . Pre-sented at the
 []


Underfull \hbox (badness 10000) in paragraph at lines 1121--1121
[]\T1/lmr/m/n/10 Von Holzen, K., & Mani, N. (2012). \T1/lmr/m/it/10 Lan-guage non-selective lex-i-cal ac-cess in bilin-gual tod-dlers\T1/lmr/m/n/10 . Pre-sented
 []


warning  (pdf backend): ignoring duplicate destination with the name 'bibliography'

Underfull \hbox (badness 10000) in paragraph at lines 1142--1142
[]\T1/lmr/m/n/10 Von Holzen, K., Schnieders, M., & Hopp, H. (2023). \T1/lmr/m/it/10 Use of L1 lex-i-cal over-lap in ini-tial foreign-language
 []


Underfull \hbox (badness 10000) in paragraph at lines 1142--1142
\T1/lmr/m/it/10 speech seg-men-ta-tion\T1/lmr/m/n/10 . Pre-sented at the 2023 Con-fer-ence Ar-chi-tec-tures and Mech-a-nisms for Lan-guage
 []


Underfull \hbox (badness 10000) in paragraph at lines 1151--1151
[]\T1/lmr/m/n/10 Von Holzen, K., Schnieders, M., Wulfert, S., & Hopp, H. (2023). \T1/lmr/m/it/10 Foreign-language speech seg-men-ta-tion
 []


Underfull \hbox (badness 10000) in paragraph at lines 1151--1151
\T1/lmr/m/it/10 in ab ini-tio child learn-ers: The roles of sub-lex-i-cal and lex-i-cal L2 over-lap and phono-log-i-cal aware-ness\T1/lmr/m/n/10 .
 []


Underfull \hbox (badness 10000) in paragraph at lines 1158--1158
[]\T1/lmr/m/n/10 Von Holzen, K., Schnieders, M., Wulfert, S., & Hopp, H. (2023). \T1/lmr/m/it/10 Lex-i-cal over-lap in for-eign lan-
 []


Underfull \hbox (badness 10000) in paragraph at lines 1158--1158
\T1/lmr/m/it/10 guage speech seg-men-ta-tion in primary-level stu-dents\T1/lmr/m/n/10 . Pre-sented at Eu-roSLA 32, Birm-ing-ham, UK.
 []


Underfull \hbox (badness 10000) in paragraph at lines 1166--1166
[]\T1/lmr/m/n/10 Von Holzen, K., Wulfert, S., & Hopp, H. (2023). \T1/lmr/m/it/10 Use of L1 phono-tac-tics in ini-tial foreign-language
 []


Underfull \hbox (badness 10000) in paragraph at lines 1166--1166
\T1/lmr/m/it/10 speech seg-men-ta-tion\T1/lmr/m/n/10 . Pre-sented at the 2023 Con-fer-ence Ar-chi-tec-tures and Mech-a-nisms for Lan-guage
 []


Underfull \hbox (badness 10000) in paragraph at lines 1173--1173
[]\T1/lmr/m/n/10 Flohr, M.-C., Von Holzen, K., & Schimke, S. (2023). \T1/lmr/m/it/10 Ex-plor-ing the bound-aries of sta-tis-ti-cal learn-ing:
 []


Underfull \hbox (badness 10000) in paragraph at lines 1181--1181
[]\T1/lmr/m/n/10 Flohr, M.-C., Von Holzen, K., & Schimke, S. (2023). \T1/lmr/m/it/10 Ex-plor-ing the bound-aries of sta-tis-ti-cal learn-
 []


Underfull \hbox (badness 10000) in paragraph at lines 1181--1181
\T1/lmr/m/it/10 ing: Word seg-men-ta-tion in a nat-u-ral lan-guage\T1/lmr/m/n/10 . Pre-sented at the 2023 Con-fer-ence Ar-chi-tec-tures and
 []


Underfull \hbox (badness 10000) in paragraph at lines 1188--1188
[]\T1/lmr/m/n/10 Von Holzen, K. (2022). \T1/lmr/m/it/10 The role of speech mod-i-fi-ca-tions in ab inito learn-ers' ini-tial speech seg-men-ta-tion\T1/lmr/m/n/10 .
 []


Underfull \hbox (badness 10000) in paragraph at lines 1197--1197
[]\T1/lmr/m/n/10 Von Holzen, K., Bergmann, C., & ManyBabies-AtHome-Consortium. (2022). \T1/lmr/m/it/10 ManyBabies-AtHome
 []


Underfull \hbox (badness 10000) in paragraph at lines 1197--1197
\T1/lmr/m/it/10 look-ing while lis-ten-ing: Con-struct-ing an on-line, cross-linguistic in-ves-ti-ga-tion of word recog-ni-
 []


Underfull \hbox (badness 10000) in paragraph at lines 1197--1197
\T1/lmr/m/it/10 tion\T1/lmr/m/n/10 . Pre-sented at the 2022 Work-shop on In-fant Lan-guage De-vel-op-ment, San Se-bas-tian, Spain.
 []


Underfull \hbox (badness 10000) in paragraph at lines 1206--1206
[]\T1/lmr/m/n/10 Von Holzen, K., & New-man, R. (2021). \T1/lmr/m/it/10 The recog-ni-tion of for-eign words at first ex-po-sure in early
 []


Underfull \hbox (badness 10000) in paragraph at lines 1206--1206
\T1/lmr/m/it/10 lan-guage de-vel-op-ment: The role of phono-log-i-cal sim-i-lar-ity\T1/lmr/m/n/10 . Pre-sented at the Bi-en-nial Meet-ing of the
 []


Underfull \hbox (badness 10000) in paragraph at lines 1206--1206
\T1/lmr/m/n/10 So-ci-ety for Re-search in Child De-vel-op-ment, Vir-tual Con-fer-ence. []$https://doi.org/10.6084/m9.gshare.
 []

[9]
Underfull \hbox (badness 10000) in paragraph at lines 1213--1213
[]\T1/lmr/m/n/10 Von Holzen, K., & Bergmann, C. (2018). \T1/lmr/m/it/10 A meta-analysis of mis-pro-nun-ci-a-tion sen-si-tiv-ity in in-fancy\T1/lmr/m/n/10 .
 []


Underfull \hbox (badness 10000) in paragraph at lines 1220--1220
[]\T1/lmr/m/n/10 Von Holzen, K., Van Om-men, S., White, K., & Nazzi, T. (2018). \T1/lmr/m/it/10 French-learning in-fants' adap-ta-tion to
 []


Underfull \hbox (badness 10000) in paragraph at lines 1220--1220
\T1/lmr/m/it/10 a novel ac-cent: The role of con-so-nant/vowel asym-me-try\T1/lmr/m/n/10 . Pre-sented at the XXIth Bi-en-nial In-ter-na-tional
 []


Underfull \hbox (badness 10000) in paragraph at lines 1227--1227
[]\T1/lmr/m/n/10 Von Holzen, K., & Bergmann, C. (2017). \T1/lmr/m/it/10 Ba-bies know words, even when they are mis-pro-nounced:
 []


Underfull \hbox (badness 10000) in paragraph at lines 1227--1227
\T1/lmr/m/it/10 A meta-analytic view\T1/lmr/m/n/10 . Pre-sented at the Work-shop on In-fant Lan-guage De-vel-op-ment, Bil-bao, Spain.
 []


Underfull \hbox (badness 10000) in paragraph at lines 1235--1235
\T1/lmr/m/it/10 olds own name recog-ni-tion: The role of acous-tic/pho-netic and lex-i-cal fac-tors\T1/lmr/m/n/10 . Pre-sented at the Congress
 []


Underfull \hbox (badness 10000) in paragraph at lines 1242--1242
[]\T1/lmr/m/n/10 Von Holzen, K., Nishibayashi, L.-L., & Nazzi, T. (2017). \T1/lmr/m/it/10 Neu-ral bases of phono-log-i-cal pro-cess-ing of newly
 []


Underfull \hbox (badness 10000) in paragraph at lines 1249--1249
[]\T1/lmr/m/n/10 Von Holzen, K., Fen-nell, C. T., & Mani, N. (2014). \T1/lmr/m/it/10 The cog-nate fa-cil-i-ta-tion ef-fect in bilin-gual and
 []


Underfull \hbox (badness 10000) in paragraph at lines 1249--1249
\T1/lmr/m/it/10 mono-lin-gual tod-dlers\T1/lmr/m/n/10 . Pre-sented at the XIXth Bi-en-nial In-ter-na-tional Con-fer-ence on In-fant Stud-ies,
 []


Underfull \hbox (badness 10000) in paragraph at lines 1256--1256
[]\T1/lmr/m/n/10 Von Holzen, K., Wolff, D., & Mani, N. (2013). \T1/lmr/m/it/10 Seg-men-ta-tion of IDS and ADS in 12-month-olds: An
 []


Underfull \hbox (badness 10000) in paragraph at lines 1263--1263
[]\T1/lmr/m/n/10 Von Holzen, K., Kre-mer, F., & Mani, N. (2013). \T1/lmr/m/it/10 As-so-ci-at-ing a lan-guage with a speaker: Bilin-gual
 []


Underfull \hbox (badness 10000) in paragraph at lines 1263--1263
\T1/lmr/m/it/10 pro-duc-tion is in-flu-enced by speaker lan-guage\T1/lmr/m/n/10 . Pre-sented at the In-ter-na-tional Work-shop on Bilin-gual-ism
 []


Underfull \hbox (badness 10000) in paragraph at lines 1270--1270
[]\T1/lmr/m/n/10 Von Holzen, K., & Mani, N. (2013). \T1/lmr/m/it/10 Na-tive and non-native phoneme per-cep-tion in bilin-gual tod-dlers: A
 []


Underfull \hbox (badness 10000) in paragraph at lines 1277--1277
[]\T1/lmr/m/n/10 Von Holzen, K., & Mani, N. (2011). \T1/lmr/m/it/10 Learn-ing phonemes from faces: The role of speaker iden-tity in
 []


Underfull \hbox (badness 10000) in paragraph at lines 1277--1277
\T1/lmr/m/it/10 non-native phoneme dis-crim-i-na-tion\T1/lmr/m/n/10 . Pre-sented at the 2011 Boston Uni-ver-sity Con-fer-ence on Lan-guage
 []


Underfull \hbox (badness 10000) in paragraph at lines 1283--1283
[]\T1/lmr/m/n/10 Von Holzen, K., & Mani, N. (2011). \T1/lmr/m/it/10 Word-word re-la-tion-ships be-tween lan-guages and across de-vel-op-ment\T1/lmr/m/n/10 .
 []


Underfull \hbox (badness 10000) in paragraph at lines 1289--1289
[]\T1/lmr/m/n/10 Von Holzen, K., & Mani, N. (2010). \T1/lmr/m/it/10 Phono-log-i-cal prim-ing across lan-guage bor-ders: No pass-port re-quired?
 []


Package hyperref Warning: The anchor of a bookmark and its parent's must not
(hyperref)                be the same. Added a new anchor on input line 1296.


Underfull \hbox (badness 10000) in paragraph at lines 1303--1303
\T1/lmr/m/n/10 De-sign-ing ex-per-i-ments, in-clud-ing lex-i-cal de-ci-sion (adults), vi-sual world paradigm (with and
 []


Underfull \hbox (badness 10000) in paragraph at lines 1303--1303
\T1/lmr/m/n/10 with-out an eye-tracker) and pref-er-en-tial lis-ten-ing (in-fants); Ex-pe-ri-ence ad-vis-ing col-leagues on
 []


Underfull \hbox (badness 10000) in paragraph at lines 1303--1303
\T1/lmr/m/n/10 ex-per-i-men-tal de-sign; Con-duct-ing tu-to-ri-als with col-leagues and stu-dents; Launch-ing ex-per-i-ments
 []


Overfull \hbox (33.86783pt too wide) in alignment at lines 1298--1314
[] []
 []


Underfull \hbox (badness 10000) in paragraph at lines 1325--1325
\T1/lmr/m/n/10 curve mod-el-ing (lmer pack-age); Mixed ef-fects mod-els (lmer pack-age); ANOVA anal-y-ses (ez
 []


Underfull \hbox (badness 10000) in paragraph at lines 1325--1325
\T1/lmr/m/n/10 pack-age); Pro-duc-ing beau-ti-ful graph-ics (gg-plot2 pack-age); An-a-lyz-ing vo-cab-u-lary data cor-pora
 []


Underfull \hbox (badness 10000) in paragraph at lines 1325--1325
\T1/lmr/m/n/10 (word-bankr pack-age); Power anal-y-sis (pwr pack-age); Cre-at-ing RMark-down files to pro-mote
 []


Underfull \hbox (badness 10000) in paragraph at lines 1330--1330
\T1/lmr/m/n/10 Script-ing to au-to-mat-i-cally an-a-lyze sounds (pitch, du-ra-tion, in-ten-sity); Stim-uli cre-ation; In-ter-fac-
 []


Underfull \hbox (badness 10000) in paragraph at lines 1330--1330
\T1/lmr/m/n/10 ing with CLAN out-put to an-a-lyze cor-pora; In-ter-fac-ing with a forced aligner (Easy Align); Used to
 []


Underfull \hbox (badness 10000) in paragraph at lines 1335--1335
\T1/lmr/m/n/10 An-a-lyz-ing length of ut-ter-ance; Time-locking tran-scripts to au-dio record-ings; In-ter-fac-ing with
 []


Underfull \hbox (badness 10000) in paragraph at lines 1340--1340
\T1/lmr/m/n/10 Pre-pro-cess-ing EEG data; Con-duct-ing tu-to-ri-als; Re-lated MAT-LAB script-ing to au-to-mat-i-cally
 []

[10]

Package hyperref Warning: The anchor of a bookmark and its parent's must not
(hyperref)                be the same. Added a new anchor on input line 1352.


Underfull \hbox (badness 10000) in paragraph at lines 1442--1442
[]\T1/lmr/bx/n/10 Rosa Parks El-e-men-tary School, Hy-attsville Ed-u-ca-tion Ad-vi-sory Com-mit-tee's Sum-
 []


Underfull \hbox (badness 10000) in paragraph at lines 1452--1452
[]\T1/lmr/bx/n/10 Preschool Im-mer-sion Event: Bilin-gual Lan-guage De-vel-op-ment at ASC Kinder-be-we-
 []

[11] [12] (./K_Von_Holzen_CV.aux)
 ***********
LaTeX2e <2023-06-01> patch level 1
L3 programming layer <2023-10-10>
 ***********
Package rerunfilecheck Info: File `K_Von_Holzen_CV.out' has not changed.
(rerunfilecheck)             Checksum: A6314E22B31F47C98CE9756A5E05A5A1;5231.
)

Here is how much of LuaTeX's memory you used:
 19501 strings out of 476835
 125086,1977958 words of node,token memory allocated
 712 words of node memory still in use:
   4 hlist, 1 vlist, 1 rule, 1 local_par, 4 glue, 3 kern, 1 penalty, 1 margin_kern, 4 glyph, 11 attribute, 85 glue_spec, 11 attribute_list, 1 write, 6 pdf_action nodes
   avail lists: 1:2,2:1118,3:605,4:168,5:744,6:138,7:12129,8:81,9:861,10:28,11:904
 40672 multiletter control sequences out of 65536+600000
 55 fonts using 4105759 bytes
 79i,19n,89p,1203b,1129s stack positions out of 10000i,1000n,20000p,200000b,200000s
{c:/Users/KatieVH/AppData/Roaming/TinyTeX/texmf-dist/fonts/enc/dvips/lm/lm-ec.enc}<c:/Users/KatieVH/AppData/Roaming/TinyTeX/texmf-dist/fonts/opentype/public/fontawesome5/FontAwesome5Brands-Regular-400.otf><c:/Users/KatieVH/AppData/Roaming/TinyTeX/texmf-dist/fonts/opentype/public/fontawesome5/FontAwesome5Free-Solid-900.otf><c:/Users/KatieVH/AppData/Roaming/TinyTeX/texmf-dist/fonts/type1/public/lm/lmbx10.pfb><c:/Users/KatieVH/AppData/Roaming/TinyTeX/texmf-dist/fonts/type1/public/lm/lmr10.pfb><c:/Users/KatieVH/AppData/Roaming/TinyTeX/texmf-dist/fonts/type1/public/lm/lmr8.pfb><c:/Users/KatieVH/AppData/Roaming/TinyTeX/texmf-dist/fonts/type1/public/lm/lmri10.pfb><c:/Users/KatieVH/AppData/Roaming/TinyTeX/texmf-dist/fonts/type1/public/lm/lmss10.pfb><c:/Users/KatieVH/AppData/Roaming/TinyTeX/texmf-dist/fonts/type1/public/lm/lmss12.pfb><c:/Users/KatieVH/AppData/Roaming/TinyTeX/texmf-dist/fonts/type1/public/lm/lmss9.pfb><c:/Users/KatieVH/AppData/Roaming/TinyTeX/texmf-dist/fonts/type1/public/lm/lmssbx10.pfb><c:/Users/KatieVH/AppData/Roaming/TinyTeX/texmf-dist/fonts/type1/urw/zapfding/uzdr.pfb>
Output written on K_Von_Holzen_CV.pdf (12 pages, 256398 bytes).

PDF statistics: 410 PDF objects out of 1000 (max. 8388607)
 377 compressed objects within 4 object streams
 153 named destinations out of 1000 (max. 131072)
 289 words of extra memory for PDF output out of 10000 (max. 100000000)

