This is LuaHBTeX, Version 1.16.0 (TeX Live 2023)  (format=lualatex 2023.4.28)  4 MAY 2023 20:09
 restricted system commands enabled.
**K_Von_Holzen_CV_Leiden_MethodsStats.tex
(./K_Von_Holzen_CV_Leiden_MethodsStats.tex
LaTeX2e <2022-11-01> patch level 1
Lua module: luaotfload 2022-10-03 3.23 Lua based OpenType font support
Lua module: lualibs 2022-10-04 2.75 ConTeXt Lua standard libraries.
Lua module: lualibs-extended 2022-10-04 2.75 ConTeXt Lua libraries -- extended collection.
luaotfload | conf : Root cache directory is "C:/Users/KatieVH/AppData/Roaming/TinyTeX/texmf-var/luatex-cache/generic/names".
luaotfload | init : Loading fontloader "fontloader-2022-10-03.lua" from kpse-resolved path "c:/Users/KatieVH/AppData/Roaming/TinyTeX/texmf-dist/tex/luatex/luaotfload/fontloader-2022-10-03.lua".
Lua-only attribute luaotfload@noligature = 1
luaotfload | init : Context OpenType loader version 3.120
Inserting `luaotfload.node_processor' in `pre_linebreak_filter'.
Inserting `luaotfload.node_processor' in `hpack_filter'.
Inserting `luaotfload.glyph_stream' in `glyph_stream_provider'.
Inserting `luaotfload.define_font' in `define_font'.
Lua-only attribute luaotfload_color_attribute = 2
luaotfload | conf : Root cache directory is "C:/Users/KatieVH/AppData/Roaming/TinyTeX/texmf-var/luatex-cache/generic/names".
Inserting `luaotfload.harf.strip_prefix' in `find_opentype_file'.
Inserting `luaotfload.harf.strip_prefix' in `find_truetype_file'.
Removing  `luaotfload.glyph_stream' from `glyph_stream_provider'.
Inserting `luaotfload.harf.glyphstream' in `glyph_stream_provider'.
Inserting `luaotfload.harf.finalize_vlist' in `post_linebreak_filter'.
Inserting `luaotfload.harf.finalize_hlist' in `hpack_filter'.
Inserting `luaotfload.cleanup_files' in `wrapup_run'.
Inserting `luaotfload.harf.finalize_unicode' in `finish_pdffile'.
Inserting `luaotfload.glyphinfo' in `glyph_info'.
Lua-only attribute luaotfload.letterspace_done = 3
Inserting `luaotfload.aux.set_sscale_dimens' in `luaotfload.patch_font'.
Inserting `luaotfload.aux.set_font_index' in `luaotfload.patch_font'.
Inserting `luaotfload.aux.patch_cambria_domh' in `luaotfload.patch_font'.
Inserting `luaotfload.aux.fixup_fontdata' in `luaotfload.patch_font_unsafe'.
Inserting `luaotfload.aux.set_capheight' in `luaotfload.patch_font'.
Inserting `luaotfload.aux.set_xheight' in `luaotfload.patch_font'.
Inserting `luaotfload.rewrite_fontname' in `luaotfload.patch_font'. L3 programming layer <2023-04-20>
Inserting `tracingstacklevels' in `input_level_string'. (c:/Users/KatieVH/AppData/Roaming/TinyTeX/texmf-dist/tex/latex/base/article.cls
Document Class: article 2022/07/02 v1.4n Standard LaTeX document class
(c:/Users/KatieVH/AppData/Roaming/TinyTeX/texmf-dist/tex/latex/base/size10.clo
File: size10.clo 2022/07/02 v1.4n Standard LaTeX file (size option)
luaotfload | db : Font names database loaded from C:/Users/KatieVH/AppData/Roaming/TinyTeX/texmf-var/luatex-cache/generic/names/luaotfload-names.luc.gz)
\c@part=\count183
\c@section=\count184
\c@subsection=\count185
\c@subsubsection=\count186
\c@paragraph=\count187
\c@subparagraph=\count188
\c@figure=\count189
\c@table=\count190
\abovecaptionskip=\skip48
\belowcaptionskip=\skip49
\bibindent=\dimen139
) (c:/Users/KatieVH/AppData/Roaming/TinyTeX/texmf-dist/tex/latex/dejavu/DejaVuSansMono.sty
Package: DejaVuSansMono 2011/06/01 Style file for DejaVuSansMono.
(c:/Users/KatieVH/AppData/Roaming/TinyTeX/texmf-dist/tex/latex/graphics/keyval.sty
Package: keyval 2022/05/29 v1.15 key=value parser (DPC)
\KV@toks@=\toks16
)) (c:/Users/KatieVH/AppData/Roaming/TinyTeX/texmf-dist/tex/latex/carlito/carlito.sty
Package: carlito 2022/10/05 (Bob Tennent) Supports Carlito fonts for LaTeX, pdfLaTeX, luaLaTeX and xeLaTeX.
(c:/Users/KatieVH/AppData/Roaming/TinyTeX/texmf-dist/tex/generic/iftex/ifxetex.sty
Package: ifxetex 2019/10/25 v0.7 ifxetex legacy package. Use iftex instead.
(c:/Users/KatieVH/AppData/Roaming/TinyTeX/texmf-dist/tex/generic/iftex/iftex.sty
Package: iftex 2022/02/03 v1.0f TeX engine tests
)) (c:/Users/KatieVH/AppData/Roaming/TinyTeX/texmf-dist/tex/generic/iftex/ifluatex.sty
Package: ifluatex 2019/10/25 v1.5 ifluatex legacy package. Use iftex instead.
) (c:/Users/KatieVH/AppData/Roaming/TinyTeX/texmf-dist/tex/latex/xkeyval/xkeyval.sty
Package: xkeyval 2022/06/16 v2.9 package option processing (HA)
(c:/Users/KatieVH/AppData/Roaming/TinyTeX/texmf-dist/tex/generic/xkeyval/xkeyval.tex (c:/Users/KatieVH/AppData/Roaming/TinyTeX/texmf-dist/tex/generic/xkeyval/xkvutils.tex
\XKV@toks=\toks17
\XKV@tempa@toks=\toks18
)
\XKV@depth=\count191
File: xkeyval.tex 2014/12/03 v2.7a key=value parser (HA)
)) (c:/Users/KatieVH/AppData/Roaming/TinyTeX/texmf-dist/tex/latex/base/textcomp.sty
Package: textcomp 2020/02/02 v2.0n Standard LaTeX package
) (c:/Users/KatieVH/AppData/Roaming/TinyTeX/texmf-dist/tex/latex/fontspec/fontspec.sty (c:/Users/KatieVH/AppData/Roaming/TinyTeX/texmf-dist/tex/latex/l3packages/xparse/xparse.sty (c:/Users/KatieVH/AppData/Roaming/TinyTeX/texmf-dist/tex/latex/l3kernel/expl3.sty
Package: expl3 2023-04-20 L3 programming layer (loader) 
(c:/Users/KatieVH/AppData/Roaming/TinyTeX/texmf-dist/tex/latex/l3backend/l3backend-luatex.def
File: l3backend-luatex.def 2023-04-19 L3 backend support: PDF output (LuaTeX)
\l__color_backend_stack_int=\count192
Inserting `l3color' in `luaotfload.parse_color'.
\l__pdf_internal_box=\box51
))
Package: xparse 2023-02-02 L3 Experimental document command parser
)
Package: fontspec 2022/01/15 v2.8a Font selection for XeLaTeX and LuaLaTeX
Lua module: fontspec 2022/01/15 2.8a Font selection for XeLaTeX and LuaLaTeX (c:/Users/KatieVH/AppData/Roaming/TinyTeX/texmf-dist/tex/latex/fontspec/fontspec-luatex.sty
Package: fontspec-luatex 2022/01/15 v2.8a Font selection for XeLaTeX and LuaLaTeX
\l__fontspec_script_int=\count193
\l__fontspec_language_int=\count194
\l__fontspec_strnum_int=\count195
\l__fontspec_tmp_int=\count196
\l__fontspec_tmpa_int=\count197
\l__fontspec_tmpb_int=\count198
\l__fontspec_tmpc_int=\count199
\l__fontspec_em_int=\count266
\l__fontspec_emdef_int=\count267
\l__fontspec_strong_int=\count268
\l__fontspec_strongdef_int=\count269
\l__fontspec_tmpa_dim=\dimen140
\l__fontspec_tmpb_dim=\dimen141
\l__fontspec_tmpc_dim=\dimen142
(c:/Users/KatieVH/AppData/Roaming/TinyTeX/texmf-dist/tex/latex/base/fontenc.sty
Package: fontenc 2021/04/29 v2.0v Standard LaTeX package
) (c:/Users/KatieVH/AppData/Roaming/TinyTeX/texmf-dist/tex/latex/fontspec/fontspec.cfg)))
luaotfload | aux : font no 19 (nil) does not define feature smcp for script latn with language dflt
luaotfload | aux : font no 20 (nil) does not define feature smcp for script latn with language dflt
luaotfload | aux : font no 21 (nil) does not define feature smcp for script latn with language dflt
luaotfload | aux : font no 22 (nil) does not define feature smcp for script latn with language dflt

Package fontspec Info: Font family 'Carlito(0)' created for font 'Carlito'
(fontspec)             with options [Ligatures = TeX,Scale = 1,Extension =
(fontspec)             .ttf,Ligatures=TeX,Numbers =
(fontspec)             {Lining,Monospaced},UprightFont = *-Regular,ItalicFont
(fontspec)             = *-Italic,BoldFont = *-Bold,BoldItalicFont =
(fontspec)             *-BoldItalic].
(fontspec)              
(fontspec)              This font family consists of the following NFSS
(fontspec)             series/shapes:
(fontspec)              
(fontspec)             - 'normal' (m/n) with NFSS spec.:
(fontspec)             <->s*[1]"[Carlito-Regular.ttf]:mode=node;script=latn;language=dflt;+tlig;+lnum;+tnum;"
(fontspec)             - 'small caps'  (m/sc) with NFSS spec.: 
(fontspec)             - 'bold' (b/n) with NFSS spec.:
(fontspec)             <->s*[1]"[Carlito-Bold.ttf]:mode=node;script=latn;language=dflt;+tlig;+lnum;+tnum;"
(fontspec)             - 'bold small caps'  (b/sc) with NFSS spec.: 
(fontspec)             - 'italic' (m/it) with NFSS spec.:
(fontspec)             <->s*[1]"[Carlito-Italic.ttf]:mode=node;script=latn;language=dflt;+tlig;+lnum;+tnum;"
(fontspec)             - 'italic small caps'  (m/scit) with NFSS spec.: 
(fontspec)             - 'bold italic' (b/it) with NFSS spec.:
(fontspec)             <->s*[1]"[Carlito-BoldItalic.ttf]:mode=node;script=latn;language=dflt;+tlig;+lnum;+tnum;"
(fontspec)             - 'bold italic small caps'  (b/scit) with NFSS spec.: 

luaotfload | aux : font no 19 (nil) does not define feature smcp for script latn with language dflt
luaotfload | aux : font no 20 (nil) does not define feature smcp for script latn with language dflt
luaotfload | aux : font no 21 (nil) does not define feature smcp for script latn with language dflt
luaotfload | aux : font no 22 (nil) does not define feature smcp for script latn with language dflt

Package fontspec Info: Font family 'Carlito(1)' created for font 'Carlito'
(fontspec)             with options [Ligatures = TeX,Scale = 1,Extension =
(fontspec)             .ttf,Numbers = {Lining,Monospaced},UprightFont =
(fontspec)             *-Regular,ItalicFont = *-Italic,BoldFont =
(fontspec)             *-Bold,BoldItalicFont = *-BoldItalic].
(fontspec)              
(fontspec)              This font family consists of the following NFSS
(fontspec)             series/shapes:
(fontspec)              
(fontspec)             - 'normal' (m/n) with NFSS spec.:
(fontspec)             <->s*[1]"[Carlito-Regular.ttf]:mode=node;script=latn;language=dflt;+tlig;+lnum;+tnum;"
(fontspec)             - 'small caps'  (m/sc) with NFSS spec.: 
(fontspec)             - 'bold' (b/n) with NFSS spec.:
(fontspec)             <->s*[1]"[Carlito-Bold.ttf]:mode=node;script=latn;language=dflt;+tlig;+lnum;+tnum;"
(fontspec)             - 'bold small caps'  (b/sc) with NFSS spec.: 
(fontspec)             - 'italic' (m/it) with NFSS spec.:
(fontspec)             <->s*[1]"[Carlito-Italic.ttf]:mode=node;script=latn;language=dflt;+tlig;+lnum;+tnum;"
(fontspec)             - 'italic small caps'  (m/scit) with NFSS spec.: 
(fontspec)             - 'bold italic' (b/it) with NFSS spec.:
(fontspec)             <->s*[1]"[Carlito-BoldItalic.ttf]:mode=node;script=latn;language=dflt;+tlig;+lnum;+tnum;"
(fontspec)             - 'bold italic small caps'  (b/scit) with NFSS spec.: 

luaotfload | aux : font no 19 (nil) does not define feature smcp for script latn with language dflt
luaotfload | aux : font no 20 (nil) does not define feature smcp for script latn with language dflt
luaotfload | aux : font no 21 (nil) does not define feature smcp for script latn with language dflt
luaotfload | aux : font no 22 (nil) does not define feature smcp for script latn with language dflt

Package fontspec Info: Font family 'Carlito(2)' created for font 'Carlito'
(fontspec)             with options [Ligatures = TeX,Scale = 1,Extension =
(fontspec)             .ttf,Numbers = {Proportional,OldStyle},UprightFont =
(fontspec)             *-Regular,ItalicFont = *-Italic,BoldFont =
(fontspec)             *-Bold,BoldItalicFont = *-BoldItalic].
(fontspec)              
(fontspec)              This font family consists of the following NFSS
(fontspec)             series/shapes:
(fontspec)              
(fontspec)             - 'normal' (m/n) with NFSS spec.:
(fontspec)             <->s*[1]"[Carlito-Regular.ttf]:mode=node;script=latn;language=dflt;+tlig;+pnum;+onum;"
(fontspec)             - 'small caps'  (m/sc) with NFSS spec.: 
(fontspec)             - 'bold' (b/n) with NFSS spec.:
(fontspec)             <->s*[1]"[Carlito-Bold.ttf]:mode=node;script=latn;language=dflt;+tlig;+pnum;+onum;"
(fontspec)             - 'bold small caps'  (b/sc) with NFSS spec.: 
(fontspec)             - 'italic' (m/it) with NFSS spec.:
(fontspec)             <->s*[1]"[Carlito-Italic.ttf]:mode=node;script=latn;language=dflt;+tlig;+pnum;+onum;"
(fontspec)             - 'italic small caps'  (m/scit) with NFSS spec.: 
(fontspec)             - 'bold italic' (b/it) with NFSS spec.:
(fontspec)             <->s*[1]"[Carlito-BoldItalic.ttf]:mode=node;script=latn;language=dflt;+tlig;+pnum;+onum;"
(fontspec)             - 'bold italic small caps'  (b/scit) with NFSS spec.: 

luaotfload | aux : font no 19 (nil) does not define feature smcp for script latn with language dflt
luaotfload | aux : font no 20 (nil) does not define feature smcp for script latn with language dflt
luaotfload | aux : font no 21 (nil) does not define feature smcp for script latn with language dflt
luaotfload | aux : font no 22 (nil) does not define feature smcp for script latn with language dflt

Package fontspec Info: Font family 'Carlito(3)' created for font 'Carlito'
(fontspec)             with options [Ligatures = TeX,Scale = 1,Extension =
(fontspec)             .ttf,Numbers = {Proportional,Lining},UprightFont =
(fontspec)             *-Regular,ItalicFont = *-Italic,BoldFont =
(fontspec)             *-Bold,BoldItalicFont = *-BoldItalic].
(fontspec)              
(fontspec)              This font family consists of the following NFSS
(fontspec)             series/shapes:
(fontspec)              
(fontspec)             - 'normal' (m/n) with NFSS spec.:
(fontspec)             <->s*[1]"[Carlito-Regular.ttf]:mode=node;script=latn;language=dflt;+tlig;+pnum;+lnum;"
(fontspec)             - 'small caps'  (m/sc) with NFSS spec.: 
(fontspec)             - 'bold' (b/n) with NFSS spec.:
(fontspec)             <->s*[1]"[Carlito-Bold.ttf]:mode=node;script=latn;language=dflt;+tlig;+pnum;+lnum;"
(fontspec)             - 'bold small caps'  (b/sc) with NFSS spec.: 
(fontspec)             - 'italic' (m/it) with NFSS spec.:
(fontspec)             <->s*[1]"[Carlito-Italic.ttf]:mode=node;script=latn;language=dflt;+tlig;+pnum;+lnum;"
(fontspec)             - 'italic small caps'  (m/scit) with NFSS spec.: 
(fontspec)             - 'bold italic' (b/it) with NFSS spec.:
(fontspec)             <->s*[1]"[Carlito-BoldItalic.ttf]:mode=node;script=latn;language=dflt;+tlig;+pnum;+lnum;"
(fontspec)             - 'bold italic small caps'  (b/scit) with NFSS spec.: 

luaotfload | aux : font no 19 (nil) does not define feature smcp for script latn with language dflt
luaotfload | aux : font no 20 (nil) does not define feature smcp for script latn with language dflt
luaotfload | aux : font no 21 (nil) does not define feature smcp for script latn with language dflt
luaotfload | aux : font no 22 (nil) does not define feature smcp for script latn with language dflt

Package fontspec Info: Font family 'Carlito(4)' created for font 'Carlito'
(fontspec)             with options [Ligatures = TeX,Scale = 1,Extension =
(fontspec)             .ttf,Numbers = {Monospaced, Lining},UprightFont =
(fontspec)             *-Regular,ItalicFont = *-Italic,BoldFont =
(fontspec)             *-Bold,BoldItalicFont = *-BoldItalic].
(fontspec)              
(fontspec)              This font family consists of the following NFSS
(fontspec)             series/shapes:
(fontspec)              
(fontspec)             - 'normal' (m/n) with NFSS spec.:
(fontspec)             <->s*[1]"[Carlito-Regular.ttf]:mode=node;script=latn;language=dflt;+tlig;+tnum;+lnum;"
(fontspec)             - 'small caps'  (m/sc) with NFSS spec.: 
(fontspec)             - 'bold' (b/n) with NFSS spec.:
(fontspec)             <->s*[1]"[Carlito-Bold.ttf]:mode=node;script=latn;language=dflt;+tlig;+tnum;+lnum;"
(fontspec)             - 'bold small caps'  (b/sc) with NFSS spec.: 
(fontspec)             - 'italic' (m/it) with NFSS spec.:
(fontspec)             <->s*[1]"[Carlito-Italic.ttf]:mode=node;script=latn;language=dflt;+tlig;+tnum;+lnum;"
(fontspec)             - 'italic small caps'  (m/scit) with NFSS spec.: 
(fontspec)             - 'bold italic' (b/it) with NFSS spec.:
(fontspec)             <->s*[1]"[Carlito-BoldItalic.ttf]:mode=node;script=latn;language=dflt;+tlig;+tnum;+lnum;"
(fontspec)             - 'bold italic small caps'  (b/scit) with NFSS spec.: 

luaotfload | aux : font no 19 (nil) does not define feature smcp for script latn with language dflt
luaotfload | aux : font no 20 (nil) does not define feature smcp for script latn with language dflt
luaotfload | aux : font no 21 (nil) does not define feature smcp for script latn with language dflt
luaotfload | aux : font no 22 (nil) does not define feature smcp for script latn with language dflt

Package fontspec Info: Font family 'Carlito(5)' created for font 'Carlito'
(fontspec)             with options [Ligatures = TeX,Scale = 1,Extension =
(fontspec)             .ttf,Numbers = {Monospaced, OldStyle},UprightFont =
(fontspec)             *-Regular,ItalicFont = *-Italic,BoldFont =
(fontspec)             *-Bold,BoldItalicFont = *-BoldItalic].
(fontspec)              
(fontspec)              This font family consists of the following NFSS
(fontspec)             series/shapes:
(fontspec)              
(fontspec)             - 'normal' (m/n) with NFSS spec.:
(fontspec)             <->s*[1]"[Carlito-Regular.ttf]:mode=node;script=latn;language=dflt;+tlig;+tnum;+onum;"
(fontspec)             - 'small caps'  (m/sc) with NFSS spec.: 
(fontspec)             - 'bold' (b/n) with NFSS spec.:
(fontspec)             <->s*[1]"[Carlito-Bold.ttf]:mode=node;script=latn;language=dflt;+tlig;+tnum;+onum;"
(fontspec)             - 'bold small caps'  (b/sc) with NFSS spec.: 
(fontspec)             - 'italic' (m/it) with NFSS spec.:
(fontspec)             <->s*[1]"[Carlito-Italic.ttf]:mode=node;script=latn;language=dflt;+tlig;+tnum;+onum;"
(fontspec)             - 'italic small caps'  (m/scit) with NFSS spec.: 
(fontspec)             - 'bold italic' (b/it) with NFSS spec.:
(fontspec)             <->s*[1]"[Carlito-BoldItalic.ttf]:mode=node;script=latn;language=dflt;+tlig;+tnum;+onum;"
(fontspec)             - 'bold italic small caps'  (b/scit) with NFSS spec.: 

) (c:/Users/KatieVH/AppData/Roaming/TinyTeX/texmf-dist/tex/latex/graphics/color.sty
Package: color 2022/01/06 v1.3d Standard LaTeX Color (DPC)
(c:/Users/KatieVH/AppData/Roaming/TinyTeX/texmf-dist/tex/latex/graphics-cfg/color.cfg
File: color.cfg 2016/01/02 v1.6 sample color configuration
)
Package color Info: Driver file: luatex.def on input line 149.
(c:/Users/KatieVH/AppData/Roaming/TinyTeX/texmf-dist/tex/latex/graphics-def/luatex.def
File: luatex.def 2022/09/22 v1.2d Graphics/color driver for luatex
) (c:/Users/KatieVH/AppData/Roaming/TinyTeX/texmf-dist/tex/latex/graphics/mathcolor.ltx)) (c:/Users/KatieVH/AppData/Roaming/TinyTeX/texmf-dist/tex/latex/xcolor/xcolor.sty
Package: xcolor 2022/06/12 v2.14 LaTeX color extensions (UK)
(c:/Users/KatieVH/AppData/Roaming/TinyTeX/texmf-dist/tex/latex/graphics-cfg/color.cfg
File: color.cfg 2016/01/02 v1.6 sample color configuration
)
Package xcolor Info: Driver file: luatex.def on input line 227.
LaTeX Info: Redefining \color on input line 711.
(c:/Users/KatieVH/AppData/Roaming/TinyTeX/texmf-dist/tex/latex/graphics/mathcolor.ltx)
Package xcolor Info: Model `cmy' substituted by `cmy0' on input line 1353.
Package xcolor Info: Model `hsb' substituted by `rgb' on input line 1357.
Package xcolor Info: Model `RGB' extended on input line 1369.
Package xcolor Info: Model `HTML' substituted by `rgb' on input line 1371.
Package xcolor Info: Model `Hsb' substituted by `hsb' on input line 1372.
Package xcolor Info: Model `tHsb' substituted by `hsb' on input line 1373.
Package xcolor Info: Model `HSB' substituted by `hsb' on input line 1374.
Package xcolor Info: Model `Gray' substituted by `gray' on input line 1375.
Package xcolor Info: Model `wave' substituted by `hsb' on input line 1376.
) (c:/Users/KatieVH/AppData/Roaming/TinyTeX/texmf-dist/tex/latex/base/fixltx2e.sty
Package: fixltx2e 2016/12/29 v2.1a fixes to LaTeX (obsolete)
Applying: [2015/01/01] Old fixltx2e package on input line 46.

Package fixltx2e Warning: fixltx2e is not required with releases after 2015
(fixltx2e)                All fixes are now in the LaTeX kernel.
(fixltx2e)                See the latexrelease package for details.

Already applied: [0000/00/00] Old fixltx2e package on input line 53.
) (c:/Users/KatieVH/AppData/Roaming/TinyTeX/texmf-dist/tex/latex/base/inputenc.sty
Package: inputenc 2021/02/14 v1.3d Input encoding file
\inpenc@prehook=\toks19
\inpenc@posthook=\toks20

Package inputenc Warning: inputenc package ignored with utf8 based engines.

) (c:/Users/KatieVH/AppData/Roaming/TinyTeX/texmf-dist/tex/latex/base/fontenc.sty
Package: fontenc 2021/04/29 v2.0v Standard LaTeX package
LaTeX Font Info:    Trying to load font information for T1+Carlito(0) on input line 112.
LaTeX Font Info:    No file T1Carlito(0).fd. on input line 112.

LaTeX Font Warning: Font shape `T1/Carlito(0)/m/n' undefined
(Font)              using `T1/cmr/m/n' instead on input line 112.

) (c:/Users/KatieVH/AppData/Roaming/TinyTeX/texmf-dist/tex/latex/hyperref/hyperref.sty
Package: hyperref 2023-04-22 v7.00x Hypertext links for LaTeX
(c:/Users/KatieVH/AppData/Roaming/TinyTeX/texmf-dist/tex/generic/ltxcmds/ltxcmds.sty
Package: ltxcmds 2020-05-10 v1.25 LaTeX kernel commands for general use (HO)
) (c:/Users/KatieVH/AppData/Roaming/TinyTeX/texmf-dist/tex/generic/pdftexcmds/pdftexcmds.sty
Package: pdftexcmds 2020-06-27 v0.33 Utility functions of pdfTeX for LuaTeX (HO)
(c:/Users/KatieVH/AppData/Roaming/TinyTeX/texmf-dist/tex/generic/infwarerr/infwarerr.sty
Package: infwarerr 2019/12/03 v1.5 Providing info/warning/error messages (HO)
)
Package pdftexcmds Info: \pdf@primitive is available.
Package pdftexcmds Info: \pdf@ifprimitive is available.
Package pdftexcmds Info: \pdfdraftmode found.
\pdftexcmds@toks=\toks21
) (c:/Users/KatieVH/AppData/Roaming/TinyTeX/texmf-dist/tex/latex/kvsetkeys/kvsetkeys.sty
Package: kvsetkeys 2022-10-05 v1.19 Key value parser (HO)
) (c:/Users/KatieVH/AppData/Roaming/TinyTeX/texmf-dist/tex/generic/kvdefinekeys/kvdefinekeys.sty
Package: kvdefinekeys 2019-12-19 v1.6 Define keys (HO)
) (c:/Users/KatieVH/AppData/Roaming/TinyTeX/texmf-dist/tex/generic/pdfescape/pdfescape.sty
Package: pdfescape 2019/12/09 v1.15 Implements pdfTeX's escape features (HO)
) (c:/Users/KatieVH/AppData/Roaming/TinyTeX/texmf-dist/tex/latex/hycolor/hycolor.sty
Package: hycolor 2020-01-27 v1.10 Color options for hyperref/bookmark (HO)
) (c:/Users/KatieVH/AppData/Roaming/TinyTeX/texmf-dist/tex/latex/letltxmacro/letltxmacro.sty
Package: letltxmacro 2019/12/03 v1.6 Let assignment for LaTeX macros (HO)
) (c:/Users/KatieVH/AppData/Roaming/TinyTeX/texmf-dist/tex/latex/auxhook/auxhook.sty
Package: auxhook 2019-12-17 v1.6 Hooks for auxiliary files (HO)
) (c:/Users/KatieVH/AppData/Roaming/TinyTeX/texmf-dist/tex/latex/hyperref/nameref.sty
Package: nameref 2022-05-17 v2.50 Cross-referencing by name of section
(c:/Users/KatieVH/AppData/Roaming/TinyTeX/texmf-dist/tex/latex/refcount/refcount.sty
Package: refcount 2019/12/15 v3.6 Data extraction from label references (HO)
) (c:/Users/KatieVH/AppData/Roaming/TinyTeX/texmf-dist/tex/generic/gettitlestring/gettitlestring.sty
Package: gettitlestring 2019/12/15 v1.6 Cleanup title references (HO)
(c:/Users/KatieVH/AppData/Roaming/TinyTeX/texmf-dist/tex/latex/kvoptions/kvoptions.sty
Package: kvoptions 2022-06-15 v3.15 Key value format for package options (HO)
))
\c@section@level=\count270
) (c:/Users/KatieVH/AppData/Roaming/TinyTeX/texmf-dist/tex/latex/etoolbox/etoolbox.sty
Package: etoolbox 2020/10/05 v2.5k e-TeX tools for LaTeX (JAW)
\etb@tempcnta=\count271
)
\@linkdim=\dimen143
\Hy@linkcounter=\count272
\Hy@pagecounter=\count273
(c:/Users/KatieVH/AppData/Roaming/TinyTeX/texmf-dist/tex/latex/hyperref/pd1enc.def
File: pd1enc.def 2023-04-22 v7.00x Hyperref: PDFDocEncoding definition (HO)
) (c:/Users/KatieVH/AppData/Roaming/TinyTeX/texmf-dist/tex/generic/intcalc/intcalc.sty
Package: intcalc 2019/12/15 v1.3 Expandable calculations with integers (HO)
)
\Hy@SavedSpaceFactor=\count274
(c:/Users/KatieVH/AppData/Roaming/TinyTeX/texmf-dist/tex/latex/hyperref/puenc.def
File: puenc.def 2023-04-22 v7.00x Hyperref: PDF Unicode definition (HO)
)
Package hyperref Info: Option `unicode' set `true' on input line 4065.
Package hyperref Info: Hyper figures OFF on input line 4182.
Package hyperref Info: Link nesting OFF on input line 4187.
Package hyperref Info: Hyper index ON on input line 4190.
Package hyperref Info: Plain pages OFF on input line 4197.
Package hyperref Info: Backreferencing OFF on input line 4202.
Package hyperref Info: Implicit mode ON; LaTeX internals redefined.
Package hyperref Info: Bookmarks ON on input line 4449.
\c@Hy@tempcnt=\count275
(c:/Users/KatieVH/AppData/Roaming/TinyTeX/texmf-dist/tex/latex/url/url.sty
\Urlmuskip=\muskip16
Package: url 2013/09/16  ver 3.4  Verb mode for urls, etc.
)
LaTeX Info: Redefining \url on input line 4787.
\XeTeXLinkMargin=\dimen144
(c:/Users/KatieVH/AppData/Roaming/TinyTeX/texmf-dist/tex/generic/bitset/bitset.sty
Package: bitset 2019/12/09 v1.3 Handle bit-vector datatype (HO)
(c:/Users/KatieVH/AppData/Roaming/TinyTeX/texmf-dist/tex/generic/bigintcalc/bigintcalc.sty
Package: bigintcalc 2019/12/15 v1.5 Expandable calculations on big integers (HO)
))
\Fld@menulength=\count276
\Field@Width=\dimen145
\Fld@charsize=\dimen146
Package hyperref Info: Hyper figures OFF on input line 6066.
Package hyperref Info: Link nesting OFF on input line 6071.
Package hyperref Info: Hyper index ON on input line 6074.
Package hyperref Info: backreferencing OFF on input line 6081.
Package hyperref Info: Link coloring OFF on input line 6086.
Package hyperref Info: Link coloring with OCG OFF on input line 6091.
Package hyperref Info: PDF/A mode OFF on input line 6096.
(c:/Users/KatieVH/AppData/Roaming/TinyTeX/texmf-dist/tex/latex/base/atbegshi-ltx.sty
Package: atbegshi-ltx 2021/01/10 v1.0c Emulation of the original atbegshi
package with kernel methods
)
\Hy@abspage=\count277
\c@Item=\count278
\c@Hfootnote=\count279
)
Package hyperref Info: Driver (autodetected): hluatex.
(c:/Users/KatieVH/AppData/Roaming/TinyTeX/texmf-dist/tex/latex/hyperref/hluatex.def
File: hluatex.def 2023-04-22 v7.00x Hyperref driver for luaTeX
(c:/Users/KatieVH/AppData/Roaming/TinyTeX/texmf-dist/tex/generic/stringenc/stringenc.sty
Package: stringenc 2019/11/29 v1.12 Convert strings between diff. encodings (HO)
) (c:/Users/KatieVH/AppData/Roaming/TinyTeX/texmf-dist/tex/latex/base/atveryend-ltx.sty
Package: atveryend-ltx 2020/08/19 v1.0a Emulation of the original atveryend package
with kernel methods
)
\Fld@listcount=\count280
\c@bookmark@seq@number=\count281
(c:/Users/KatieVH/AppData/Roaming/TinyTeX/texmf-dist/tex/latex/rerunfilecheck/rerunfilecheck.sty
Package: rerunfilecheck 2022-07-10 v1.10 Rerun checks for auxiliary files (HO)
(c:/Users/KatieVH/AppData/Roaming/TinyTeX/texmf-dist/tex/generic/uniquecounter/uniquecounter.sty
Package: uniquecounter 2019/12/15 v1.4 Provide unlimited unique counter (HO)
)
Package uniquecounter Info: New unique counter `rerunfilecheck' on input line 285.
)
\Hy@SectionHShift=\skip50
) (c:/Users/KatieVH/AppData/Roaming/TinyTeX/texmf-dist/tex/latex/geometry/geometry.sty
Package: geometry 2020/01/02 v5.9 Page Geometry
(c:/Users/KatieVH/AppData/Roaming/TinyTeX/texmf-dist/tex/generic/iftex/ifvtex.sty
Package: ifvtex 2019/10/25 v1.7 ifvtex legacy package. Use iftex instead.
)
\Gm@cnth=\count282
\Gm@cntv=\count283
\c@Gm@tempcnt=\count284
\Gm@bindingoffset=\dimen147
\Gm@wd@mp=\dimen148
\Gm@odd@mp=\dimen149
\Gm@even@mp=\dimen150
\Gm@layoutwidth=\dimen151
\Gm@layoutheight=\dimen152
\Gm@layouthoffset=\dimen153
\Gm@layoutvoffset=\dimen154
\Gm@dimlist=\toks22
) (c:/Users/KatieVH/AppData/Roaming/TinyTeX/texmf-dist/tex/latex/tools/longtable.sty
Package: longtable 2021-09-01 v4.17 Multi-page Table package (DPC)
\LTleft=\skip51
\LTright=\skip52
\LTpre=\skip53
\LTpost=\skip54
\LTchunksize=\count285
\LTcapwidth=\dimen155
\LT@head=\box52
\LT@firsthead=\box53
\LT@foot=\box54
\LT@lastfoot=\box55
\LT@gbox=\box56
\LT@cols=\count286
\LT@rows=\count287
\c@LT@tables=\count288
\c@LT@chunks=\count289
\LT@p@ftn=\toks23
) (c:/Users/KatieVH/AppData/Roaming/TinyTeX/texmf-dist/tex/latex/booktabs/booktabs.sty
Package: booktabs 2020/01/12 v1.61803398 Publication quality tables
\heavyrulewidth=\dimen156
\lightrulewidth=\dimen157
\cmidrulewidth=\dimen158
\belowrulesep=\dimen159
\belowbottomsep=\dimen160
\aboverulesep=\dimen161
\abovetopsep=\dimen162
\cmidrulesep=\dimen163
\cmidrulekern=\dimen164
\defaultaddspace=\dimen165
\@cmidla=\count290
\@cmidlb=\count291
\@aboverulesep=\dimen166
\@belowrulesep=\dimen167
\@thisruleclass=\count292
\@lastruleclass=\count293
\@thisrulewidth=\dimen168
) (c:/Users/KatieVH/AppData/Roaming/TinyTeX/texmf-dist/tex/latex/mdwtools/footnote.sty
Package: footnote 1997/01/28 1.13 Save footnotes around boxes
\fn@notes=\box57
\fn@width=\dimen169
) (c:/Users/KatieVH/AppData/Roaming/TinyTeX/texmf-dist/tex/latex/parskip/parskip.sty
Package: parskip 2021-03-14 v2.0h non-zero parskip adjustments
) (c:/Users/KatieVH/AppData/Roaming/TinyTeX/texmf-dist/tex/latex/paralist/paralist.sty
Package: paralist 2017/01/22 v2.7 Extended list environments
\pltopsep=\skip55
\plpartopsep=\skip56
\plitemsep=\skip57
\plparsep=\skip58
\pl@lab=\toks24
) (c:/Users/KatieVH/AppData/Roaming/TinyTeX/texmf-dist/tex/latex/ragged2e/ragged2e.sty
Package: ragged2e 2023/04/04 v3.5 ragged2e Package
\CenteringLeftskip=\skip59
\RaggedLeftLeftskip=\skip60
\RaggedRightLeftskip=\skip61
\CenteringRightskip=\skip62
\RaggedLeftRightskip=\skip63
\RaggedRightRightskip=\skip64
\CenteringParfillskip=\skip65
\RaggedLeftParfillskip=\skip66
\RaggedRightParfillskip=\skip67
\JustifyingParfillskip=\skip68
\CenteringParindent=\skip69
\RaggedLeftParindent=\skip70
\RaggedRightParindent=\skip71
\JustifyingParindent=\skip72
) (c:/Users/KatieVH/AppData/Roaming/TinyTeX/texmf-dist/tex/latex/datetime/datetime.sty
Package: datetime 2015/03/20 v2.60 Date Time Package
(c:/Users/KatieVH/AppData/Roaming/TinyTeX/texmf-dist/tex/latex/fmtcount/fmtcount.sty
Package: fmtcount 2020/01/30 v3.07
(c:/Users/KatieVH/AppData/Roaming/TinyTeX/texmf-dist/tex/latex/base/ifthen.sty
Package: ifthen 2022/04/13 v1.1d Standard LaTeX ifthen package (DPC)
) (c:/Users/KatieVH/AppData/Roaming/TinyTeX/texmf-dist/tex/latex/fmtcount/fcprefix.sty
Package: fcprefix 2012/09/28
(c:/Users/KatieVH/AppData/Roaming/TinyTeX/texmf-dist/tex/latex/fmtcount/fcnumparser.sty
Package: fcnumparser 2017/06/15
\fc@digit@counter=\count294
)) (c:/Users/KatieVH/AppData/Roaming/TinyTeX/texmf-dist/tex/latex/amsmath/amsgen.sty
File: amsgen.sty 1999/11/30 v2.0 generic functions
\@emptytoks=\toks25
\ex@=\dimen170
)
\c@padzeroesN=\count295
\fc@tmpcatcode=\count296
\@DT@modctr=\count297
\@ordinalctr=\count298
\@orgargctr=\count299
\@strctr=\count300
\@tmpstrctr=\count301
\@DT@loopN=\count302
\@DT@X=\count303
) (c:/Users/KatieVH/AppData/Roaming/TinyTeX/texmf-dist/tex/latex/datetime/datetime-defaults.sty
Package: datetime-defaults 2013/09/10
)
\@day=\count304
\@month=\count305
\@year=\count306
\c@HOUR=\count307
\c@HOURXII=\count308
\c@MINUTE=\count309
\c@TOHOUR=\count310
\c@TOMINUTE=\count311
\c@SECOND=\count312
\currenthour=\count313
\currentminute=\count314
\currentsecond=\count315
Package datetime Info: No datetime.cfg file found, using default settings on input line 308.
\@dtctr=\count316
\dayofyear=\count317
\dayofweek=\count318
LaTeX Info: Redefining \today on input line 736.
\dt@a=\toks26
\dt@b=\toks27
) (c:/Users/KatieVH/AppData/Roaming/TinyTeX/texmf-dist/tex/latex/fancyhdr/fancyhdr.sty
Package: fancyhdr 2022/11/09 v4.1 Extensive control of page headers and footers
\f@nch@headwidth=\skip73
\f@nch@O@elh=\skip74
\f@nch@O@erh=\skip75
\f@nch@O@olh=\skip76
\f@nch@O@orh=\skip77
\f@nch@O@elf=\skip78
\f@nch@O@erf=\skip79
\f@nch@O@olf=\skip80
\f@nch@O@orf=\skip81
) (c:/Users/KatieVH/AppData/Roaming/TinyTeX/texmf-dist/tex/latex/enumitem/enumitem.sty
Package: enumitem 2019/06/20 v3.9 Customized lists
\labelindent=\skip82
\enit@outerparindent=\dimen171
\enit@toks=\toks28
\enit@inbox=\box58
\enit@count@id=\count319
\enitdp@description=\count320
) (c:/Users/KatieVH/AppData/Roaming/TinyTeX/texmf-dist/tex/latex/psnfss/pifont.sty
Package: pifont 2020/03/25 PSNFSS-v9.3 Pi font support (SPQR) 
LaTeX Font Info:    Trying to load font information for U+pzd on input line 63.
(c:/Users/KatieVH/AppData/Roaming/TinyTeX/texmf-dist/tex/latex/psnfss/upzd.fd
File: upzd.fd 2001/06/04 font definitions for U/pzd.
)
LaTeX Font Info:    Trying to load font information for U+psy on input line 64.
(c:/Users/KatieVH/AppData/Roaming/TinyTeX/texmf-dist/tex/latex/psnfss/upsy.fd
File: upsy.fd 2001/06/04 font definitions for U/psy.
)) (c:/Users/KatieVH/AppData/Roaming/TinyTeX/texmf-dist/tex/latex/titlesec/titlesec.sty
Package: titlesec 2021/07/05 v2.14 Sectioning titles
\ttl@box=\box59
\beforetitleunit=\skip83
\aftertitleunit=\skip84
\ttl@plus=\dimen172
\ttl@minus=\dimen173
\ttl@toksa=\toks29
\titlewidth=\dimen174
\titlewidthlast=\dimen175
\titlewidthfirst=\dimen176
) (c:/Users/KatieVH/AppData/Roaming/TinyTeX/texmf-dist/tex/latex/tools/tabularx.sty
Package: tabularx 2020/01/15 v2.11c `tabularx' package (DPC)
(c:/Users/KatieVH/AppData/Roaming/TinyTeX/texmf-dist/tex/latex/tools/array.sty
Package: array 2022/09/04 v2.5g Tabular extension package (FMi)
\col@sep=\dimen177
\ar@mcellbox=\box60
\extrarowheight=\dimen178
\NC@list=\toks30
\extratabsurround=\skip85
\backup@length=\skip86
\ar@cellbox=\box61
)
\TX@col@width=\dimen179
\TX@old@table=\dimen180
\TX@old@col=\dimen181
\TX@target=\dimen182
\TX@delta=\dimen183
\TX@cols=\count321
\TX@ftn=\toks31
) (c:/Users/KatieVH/AppData/Roaming/TinyTeX/texmf-dist/tex/latex/tools/calc.sty
Package: calc 2017/05/25 v4.3 Infix arithmetic (KKT,FJ)
\calc@Acount=\count322
\calc@Bcount=\count323
\calc@Adimen=\dimen184
\calc@Bdimen=\dimen185
\calc@Askip=\skip87
\calc@Bskip=\skip88
LaTeX Info: Redefining \setlength on input line 80.
LaTeX Info: Redefining \addtolength on input line 81.
\calc@Ccount=\count324
\calc@Cskip=\skip89
)
\headerboxwidth=\skip90
(c:/Users/KatieVH/AppData/Roaming/TinyTeX/texmf-dist/tex/latex/fontawesome5/fontawesome5.sty
Package: fontawesome5 2022/05/02 v5.15.4 Font Awesome 5
(c:/Users/KatieVH/AppData/Roaming/TinyTeX/texmf-dist/tex/latex/l3packages/l3keys2e/l3keys2e.sty
Package: l3keys2e 2023-02-02 LaTeX2e option processing using LaTeX3 keys
) (c:/Users/KatieVH/AppData/Roaming/TinyTeX/texmf-dist/tex/latex/fontawesome5/fontawesome5-utex-helper.sty
Package: fontawesome5-utex-helper 2022/05/02 v5.15.4 uTeX helper for fontawesome5
(c:/Users/KatieVH/AppData/Roaming/TinyTeX/texmf-dist/tex/luatex/luatexbase/luatexbase.sty
Package: luatexbase 2015/10/04 v1.3 luatexbase interface to LuaTeX 
(c:/Users/KatieVH/AppData/Roaming/TinyTeX/texmf-dist/tex/luatex/ctablestack/ctablestack.sty
Package: ctablestack 2015/10/01 v1.0 Catcode table stable support
\@catcodetablestackcnt=\count325
)
\CatcodeTableOther=\catcodetable12
\CatcodeTableExpl=\catcodetable13
)
LaTeX Font Info:    Trying to load font information for TU+fontawesomefree on input line 69.
(c:/Users/KatieVH/AppData/Roaming/TinyTeX/texmf-dist/tex/latex/fontawesome5/tufontawesomefree.fd)
LaTeX Font Info:    Trying to load font information for TU+fontawesomebrands on input line 70.
(c:/Users/KatieVH/AppData/Roaming/TinyTeX/texmf-dist/tex/latex/fontawesome5/tufontawesomebrands.fd)))
\cslhangindent=\skip91
\csllabelwidth=\skip92
(./K_Von_Holzen_CV_Leiden_MethodsStats.aux)
\openout1 = K_Von_Holzen_CV_Leiden_MethodsStats.aux

LaTeX Font Info:    Checking defaults for OML/cmm/m/it on input line 185.
LaTeX Font Info:    ... okay on input line 185.
LaTeX Font Info:    Checking defaults for OMS/cmsy/m/n on input line 185.
LaTeX Font Info:    ... okay on input line 185.
LaTeX Font Info:    Checking defaults for OT1/cmr/m/n on input line 185.
LaTeX Font Info:    ... okay on input line 185.
LaTeX Font Info:    Checking defaults for T1/cmr/m/n on input line 185.
LaTeX Font Info:    ... okay on input line 185.
LaTeX Font Info:    Checking defaults for TS1/cmr/m/n on input line 185.
LaTeX Font Info:    Trying to load font information for TS1+cmr on input line 185.
(c:/Users/KatieVH/AppData/Roaming/TinyTeX/texmf-dist/tex/latex/base/ts1cmr.fd
File: ts1cmr.fd 2022/07/10 v2.5l Standard LaTeX font definitions
)
LaTeX Font Info:    ... okay on input line 185.
LaTeX Font Info:    Checking defaults for TU/lmr/m/n on input line 185.
LaTeX Font Info:    ... okay on input line 185.
LaTeX Font Info:    Checking defaults for OMX/cmex/m/n on input line 185.
LaTeX Font Info:    ... okay on input line 185.
LaTeX Font Info:    Checking defaults for U/cmr/m/n on input line 185.
LaTeX Font Info:    ... okay on input line 185.
LaTeX Font Info:    Checking defaults for PD1/pdf/m/n on input line 185.
LaTeX Font Info:    ... okay on input line 185.
LaTeX Font Info:    Checking defaults for PU/pdf/m/n on input line 185.
LaTeX Font Info:    ... okay on input line 185.

Package fontspec Info: Adjusting the maths setup (use [no-math] to avoid
(fontspec)             this).

\symlegacymaths=\mathgroup4
LaTeX Font Info:    Overwriting symbol font `legacymaths' in version `bold'
(Font)                  OT1/cmr/m/n --> OT1/cmr/bx/n on input line 185.
LaTeX Font Info:    Redeclaring math accent \acute on input line 185.
LaTeX Font Info:    Redeclaring math accent \grave on input line 185.
LaTeX Font Info:    Redeclaring math accent \ddot on input line 185.
LaTeX Font Info:    Redeclaring math accent \tilde on input line 185.
LaTeX Font Info:    Redeclaring math accent \bar on input line 185.
LaTeX Font Info:    Redeclaring math accent \breve on input line 185.
LaTeX Font Info:    Redeclaring math accent \check on input line 185.
LaTeX Font Info:    Redeclaring math accent \hat on input line 185.
LaTeX Font Info:    Redeclaring math accent \dot on input line 185.
LaTeX Font Info:    Redeclaring math accent \mathring on input line 185.
LaTeX Font Info:    Redeclaring math symbol \colon on input line 185.
LaTeX Font Info:    Redeclaring math symbol \Gamma on input line 185.
LaTeX Font Info:    Redeclaring math symbol \Delta on input line 185.
LaTeX Font Info:    Redeclaring math symbol \Theta on input line 185.
LaTeX Font Info:    Redeclaring math symbol \Lambda on input line 185.
LaTeX Font Info:    Redeclaring math symbol \Xi on input line 185.
LaTeX Font Info:    Redeclaring math symbol \Pi on input line 185.
LaTeX Font Info:    Redeclaring math symbol \Sigma on input line 185.
LaTeX Font Info:    Redeclaring math symbol \Upsilon on input line 185.
LaTeX Font Info:    Redeclaring math symbol \Phi on input line 185.
LaTeX Font Info:    Redeclaring math symbol \Psi on input line 185.
LaTeX Font Info:    Redeclaring math symbol \Omega on input line 185.
LaTeX Font Info:    Redeclaring math symbol \mathdollar on input line 185.
LaTeX Font Info:    Redeclaring symbol font `operators' on input line 185.
LaTeX Font Info:    Encoding `OT1' has changed to `TU' for symbol font
(Font)              `operators' in the math version `normal' on input line 185.
LaTeX Font Info:    Overwriting symbol font `operators' in version `normal'
(Font)                  OT1/cmr/m/n --> TU/lmr/m/n on input line 185.
LaTeX Font Info:    Encoding `OT1' has changed to `TU' for symbol font
(Font)              `operators' in the math version `bold' on input line 185.
LaTeX Font Info:    Overwriting symbol font `operators' in version `bold'
(Font)                  OT1/cmr/bx/n --> TU/lmr/m/n on input line 185.
LaTeX Font Info:    Overwriting symbol font `operators' in version `normal'
(Font)                  TU/lmr/m/n --> TU/lmr/m/n on input line 185.
LaTeX Font Info:    Overwriting math alphabet `\mathit' in version `normal'
(Font)                  OT1/cmr/m/it --> TU/lmr/m/it on input line 185.
LaTeX Font Info:    Overwriting math alphabet `\mathbf' in version `normal'
(Font)                  OT1/cmr/bx/n --> TU/lmr/b/n on input line 185.
LaTeX Font Info:    Overwriting math alphabet `\mathsf' in version `normal'
(Font)                  OT1/cmss/m/n --> TU/Carlito(0)/m/n on input line 185.
LaTeX Font Info:    Overwriting math alphabet `\mathtt' in version `normal'
(Font)                  OT1/cmtt/m/n --> TU/lmtt/m/n on input line 185.
LaTeX Font Info:    Overwriting symbol font `operators' in version `bold'
(Font)                  TU/lmr/m/n --> TU/lmr/b/n on input line 185.
LaTeX Font Info:    Overwriting math alphabet `\mathit' in version `bold'
(Font)                  OT1/cmr/bx/it --> TU/lmr/b/it on input line 185.
LaTeX Font Info:    Overwriting math alphabet `\mathsf' in version `bold'
(Font)                  OT1/cmss/bx/n --> TU/Carlito(0)/b/n on input line 185.
LaTeX Font Info:    Overwriting math alphabet `\mathtt' in version `bold'
(Font)                  OT1/cmtt/m/n --> TU/lmtt/b/n on input line 185.
Package hyperref Info: Link coloring OFF on input line 185.
(./K_Von_Holzen_CV_Leiden_MethodsStats.out) (./K_Von_Holzen_CV_Leiden_MethodsStats.out)
\@outlinefile=\write3

\openout3 = K_Von_Holzen_CV_Leiden_MethodsStats.out
*geometry* driver: auto-detecting
*geometry* detected driver: luatex
*geometry* verbose mode - [ preamble ] result:
* driver: luatex
* paper: a4paper
* layout: <same size as paper>
* layoutoffset:(h,v)=(0.0pt,0.0pt)
* modes: 
* h-part:(L,W,R)=(49.79231pt, 497.92325pt, 49.79231pt)
* v-part:(T,H,B)=(62.59596pt, 725.54538pt, 56.9055pt)
* \paperwidth=597.50787pt
* \paperheight=845.04684pt
* \textwidth=497.92325pt
* \textheight=725.54538pt
* \oddsidemargin=-22.47768pt
* \evensidemargin=-22.47768pt
* \topmargin=-46.67403pt
* \headheight=15.0pt
* \headsep=25.0pt
* \topskip=10.0pt
* \footskip=30.0pt
* \marginparwidth=57.0pt
* \marginparsep=11.0pt
* \columnsep=10.0pt
* \skip\footins=9.0pt plus 4.0pt minus 2.0pt
* \hoffset=0.0pt
* \voffset=0.0pt
* \mag=1000
* \@twocolumnfalse
* \@twosidefalse
* \@mparswitchfalse
* \@reversemarginfalse
* (1in=72.27pt=25.4mm, 1cm=28.453pt)

(c:/Users/KatieVH/AppData/Roaming/TinyTeX/texmf-dist/tex/latex/fmtcount/fc-english.def
File: fc-english.def 2016/01/12
)
LaTeX Font Info:    Font shape `TU/Carlito(0)/m/n' will be
(Font)              scaled to size 10.0pt on input line 186.
LaTeX Font Info:    External font `cmex10' loaded for size
(Font)              <7> on input line 186.
LaTeX Font Info:    External font `cmex10' loaded for size
(Font)              <5> on input line 186.
LaTeX Font Info:    Font shape `TU/Carlito(0)/m/n' will be
(Font)              scaled to size 17.28pt on input line 186.
LaTeX Font Info:    Font shape `TU/Carlito(0)/b/n' will be
(Font)              scaled to size 17.28pt on input line 186.
LaTeX Font Info:    Font shape `TU/Carlito(0)/m/n' will be
(Font)              scaled to size 12.0pt on input line 186.
LaTeX Font Info:    Font shape `TU/Carlito(0)/b/n' will be
(Font)              scaled to size 10.0pt on input line 186.
LaTeX Font Info:    Font shape `TU/Carlito(0)/m/n' will be
(Font)              scaled to size 9.0pt on input line 186.
LaTeX Font Info:    External font `cmex10' loaded for size
(Font)              <9> on input line 186.
LaTeX Font Info:    External font `cmex10' loaded for size
(Font)              <6> on input line 186.

Overfull \hbox (6.79999pt too wide) in paragraph at lines 186--187
[][][][] 
 []

LaTeX Font Info:    Font shape `TU/Carlito(0)/b/n' will be
(Font)              scaled to size 12.0pt on input line 190.

LaTeX Font Warning: Font shape `T1/Carlito(0)/b/n' undefined
(Font)              using `T1/Carlito(0)/m/n' instead on input line 197.


Overfull \hbox (15.48776pt too wide) in alignment at lines 192--208
[] []
 []


Overfull \hbox (56.28336pt too wide) in alignment at lines 249--270
[] []
 []


Package hyperref Warning: The anchor of a bookmark and its parent's must not
(hyperref)                be the same. Added a new anchor on input line 277.


LaTeX Font Warning: Font shape `T1/Carlito(0)/m/it' undefined
(Font)              using `T1/Carlito(0)/m/n' instead on input line 287.


Underfull \hbox (badness 10000) in paragraph at lines 287--287
[]\T1/Carlito(0)/b/n/10 Von Holzen, K., van Om-men, S., White, K., & Nazzi, T. (2022). The im-pact of phono-log-i-cal bi-ases
 []


Underfull \hbox (badness 10000) in paragraph at lines 287--287
\T1/Carlito(0)/b/n/10 on mis-pro-nun-ci-a-tion sen-si-tiv-ity and novel ac-cent adap-ta-tion. Lan-guage Learn-ing and De-vel-op-ment.
 []


Underfull \hbox (badness 10000) in paragraph at lines 294--294
[]\T1/Carlito(0)/m/it/10 Von Holzen, K., & Bergmann, C. (2021). The de-vel-op-ment of in-fants' re-sponses to mis-pro-nun-ci-a-tions:
 []


Underfull \hbox (badness 10000) in paragraph at lines 302--302
[]\T1/Carlito(0)/m/it/10 New-man, R. S., Kirby, L. A., Von Holzen, K., & Red-cay, E. (2021). Read my lips ! Per-cep-tion of
 []


Underfull \hbox (badness 10000) in paragraph at lines 302--302
\T1/Carlito(0)/m/it/10 speech in noise by preschool chil-dren with autism and the im-pact of watch-ing the speaker' s face.
 []


Underfull \hbox (badness 10000) in paragraph at lines 309--309
[]\T1/Carlito(0)/m/it/10 Raneri, D., Von Holzen, K., New-man, R., & Rat-ner, N. B. (2020). Change in ma-ter-nal speech
 []


Underfull \hbox (badness 10000) in paragraph at lines 309--309
\T1/Carlito(0)/m/it/10 rate to pre-ver-bal in-fants over the first two years of life. Jour-nal of Child Lan-guage, 1--13. []$https:
 []


Underfull \hbox (badness 10000) in paragraph at lines 316--316
[]\T1/Carlito(0)/m/it/10 Von Holzen, K., & Nazzi, T. (2020). Emer-gence of a con-so-nant bias dur-ing the first year of life: New
 []


Underfull \hbox (badness 10000) in paragraph at lines 324--324
[]\T1/Carlito(0)/m/it/10 Many-Ba-bi-esCon-sor-tium. (2020). Quan-ti-fy-ing sources of vari-abil-ity in in-fancy re-search us-ing the
 []


Underfull \hbox (badness 10000) in paragraph at lines 324--324
\T1/Carlito(0)/m/it/10 infant-directed speech pref-er-ence. Ad-vances in Meth-ods and Prac-tices in Psy-cho-log-i-cal Sci-ence, 3(1),
 []

[1

{c:/Users/KatieVH/AppData/Roaming/TinyTeX/texmf-var/fonts/map/pdftex/updmap/pdftex.map}]
Underfull \hbox (badness 10000) in paragraph at lines 332--332
[]\T1/Carlito(0)/m/it/10 O'Fal-lon, M., Von Holzen, K., & New-man, R. S. (2020). Preschool-ers' word-learning dur-ing sto-ry-book
 []


Underfull \hbox (badness 10000) in paragraph at lines 332--332
\T1/Carlito(0)/m/it/10 read-ing in-ter-ac-tions: Com-par-ing re-peated and elab-o-rated in-put. Jour-nal of Speech Lan-guage and
 []


Underfull \hbox (badness 10000) in paragraph at lines 340--340
[]\T1/Carlito(0)/m/it/10 Bobb, S. C., Von Holzen, K., Mayor, J., Mani, N., & Car-reiras, M. (2020). Co-activation of the L2
 []


Underfull \hbox (badness 10000) in paragraph at lines 340--340
\T1/Carlito(0)/m/it/10 dur-ing L1 au-di-tory pro-cess-ing : An ERP cross-modal prim-ing study. Brain and Lan-guage, 203,
 []


Underfull \hbox (badness 10000) in paragraph at lines 347--347
[]\T1/Carlito(0)/m/it/10 Von Holzen, K., Fen-nell, C. T., & Mani, N. (2019). The im-pact of cross-language phono-log-i-cal over-
 []


Underfull \hbox (badness 10000) in paragraph at lines 347--347
\T1/Carlito(0)/m/it/10 lap on bilin-gual and mono-lin-gual tod-dlers' word recog-ni-tion. Bilin-gual-ism: Lan-guage and Cog-ni-tion.
 []


Underfull \hbox (badness 10000) in paragraph at lines 354--354
[]\T1/Carlito(0)/m/it/10 Von Holzen, K., Nishibayashi, L.-L., & Nazzi, T. (2018). Con-so-nant and vowel pro-cess-ing in word
 []


Underfull \hbox (badness 10000) in paragraph at lines 354--354
\T1/Carlito(0)/m/it/10 form seg-men-ta-tion: An in-fant ERP study. Brain Sci-ences, 8(24), 1--15. []$https://doi.org/10.3390/
 []


Underfull \hbox (badness 10000) in paragraph at lines 361--361
[]\T1/Carlito(0)/m/it/10 Nazzi, T., Poltrock, S., & Von Holzen, K. (2016). The de-vel-op-men-tal ori-gins of the con-so-nant
 []


Underfull \hbox (badness 10000) in paragraph at lines 361--361
\T1/Carlito(0)/m/it/10 bias in lex-i-cal pro-cess-ing. Cur-rent Di-rec-tions in Psy-cho-log-i-cal Sci-ence, 25(4), 291--296. []$https:
 []


Underfull \hbox (badness 10000) in paragraph at lines 368--368
[]\T1/Carlito(0)/m/it/10 Von Holzen, K., & Mani, N. (2014). Bilin-guals im-plic-itly name ob-jects in both their lan-guages: An
 []


Underfull \hbox (badness 10000) in paragraph at lines 375--375
[]\T1/Carlito(0)/m/it/10 Von Holzen, K., & Mani, N. (2012). Lan-guage non-s-e-lec-tive lex-i-cal ac-cess in bilin-gual tod-dlers. Jour-nal
 []


warning  (pdf backend): ignoring duplicate destination with the name 'bibliography'

Underfull \hbox (badness 10000) in paragraph at lines 388--388
[]\T1/Carlito(0)/m/it/10 Von Holzen, K., & Bergmann, C. (2018). A meta-analysis of in-fants' mis-pro-nun-ci-a-tion sen-si-tiv-ity de-
 []


Underfull \hbox (badness 10000) in paragraph at lines 388--388
\T1/Carlito(0)/m/it/10 vel-op-ment. In T. T. Rogers, M. Rau, X. Zhu, & C. W. Kalish (Eds.), Pro-ceed-ings of the 40th an-nual
 []


Underfull \hbox (badness 10000) in paragraph at lines 388--388
\T1/Carlito(0)/m/it/10 con-fer-ence of the cog-ni-tive sci-ence So-ci-ety-Science so-ci-ety (pp. 1157--1162). Cog-ni-tive Sci-ence So-ci-ety,
 []


warning  (pdf backend): ignoring duplicate destination with the name 'bibliography'

Underfull \hbox (badness 10000) in paragraph at lines 400--400
[]\T1/Carlito(0)/m/it/10 Bobb, S. C., Drum-mond Nauck, L. Y., Altvater-Mackensen, N., Von Holzen, K., & Mani, N. (2016).
 []


Underfull \hbox (badness 10000) in paragraph at lines 400--400
\T1/Carlito(0)/m/it/10 Lis-ten-ing with your co-hort: Do bilin-gual tod-dlers co-activate co-horts from both lan-guages when
 []


Underfull \hbox (badness 10000) in paragraph at lines 400--400
\T1/Carlito(0)/m/it/10 hear-ing words in one lan-guage alone? In Cog-ni-tive con-trol and con-se-quences of mul-ti-lin-gual-ism (pp.
 []


warning  (pdf backend): ignoring duplicate destination with the name 'bibliography'

Underfull \hbox (badness 10000) in paragraph at lines 411--411
[]\T1/Carlito(0)/m/it/10 Von Holzen, K., van Om-men, S., White, K., & Nazzi, T. (2022). The im-pact of phono-log-i-cal bi-
 []


Underfull \hbox (badness 10000) in paragraph at lines 411--411
\T1/Carlito(0)/m/it/10 ases on mis-pro-nun-ci-a-tion sen-si-tiv-ity and novel ac-cent adap-ta-tion. Open Sci-ence Foun-da-tion.
 []


Underfull \hbox (badness 10000) in paragraph at lines 417--417
[]\T1/Carlito(0)/m/it/10 Von Holzen, K., & Bergmann, C. (2021). In-fant Mis-pro-nun-ci-a-tion Sen-si-tiv-ity Meta-Analysis (In-Mis-
 []


warning  (pdf backend): ignoring duplicate destination with the name 'bibliography'

Underfull \hbox (badness 10000) in paragraph at lines 428--428
[]\T1/Carlito(0)/m/it/10 Von Holzen, K. (2013). The ini-tial and long-lasting ef-fects of early bilin-gual lan-guage ac-qui-si-tion
 []


Underfull \hbox (badness 10000) in paragraph at lines 428--428
\T1/Carlito(0)/m/it/10 on lex-i-cal ac-cess: Ev-i-dence from ERP and eye-tracking stud-ies [Un-pub-lished doc-toral dis-ser-ta-tion].
 []


warning  (pdf backend): ignoring duplicate destination with the name 'bibliography'

Underfull \hbox (badness 10000) in paragraph at lines 440--440
[]\T1/Carlito(0)/m/it/10 Kosie, J., Zetter-sten, M., & The Many-Ba-bies5 Team. (n.d.). Many-Ba-bies5: A large-scale in-ves-ti-ga-
 []


Underfull \hbox (badness 10000) in paragraph at lines 440--440
\T1/Carlito(0)/m/it/10 tion of the pro-posed shift from fa-mil-iar-ity pref-er-ence to nov-elty pref-er-ence in in-fant look-ing time.
 []

[2]
Underfull \hbox (badness 10000) in paragraph at lines 503--503
\T1/Carlito(0)/m/it/10 Com-par-a-tive and Evo-lu-tion-ary Bi-ol-ogy of Hear-ing, NIH Post-doc Train-ing Grant,
 []


Underfull \hbox (badness 10000) in paragraph at lines 523--523
\T1/Carlito(0)/m/it/10 For im-prov-ing psy-cho-log-i-cal sci-ence in the face of chal-lenge, as con-trib-u-tor to the Many-Ba-bies1
 []


Underfull \hbox (badness 10000) in paragraph at lines 528--528
[]\T1/Carlito(0)/m/it/10 Berke-ley Ini-tia-tive for Trans-parency in the So-cial Sci-ences (BITSS) Meta-Analysis Chal-lenge
 []


Underfull \hbox (badness 10000) in paragraph at lines 533--533
\T1/Carlito(0)/m/it/10 Travel award for the Pots-dam Sum-mer School, In-fant Stud-ies on Lan-guage De-vel-op-ment in
 []


Package hyperref Warning: The anchor of a bookmark and its parent's must not
(hyperref)                be the same. Added a new anchor on input line 560.


Underfull \hbox (badness 10000) in paragraph at lines 592--592
[]\T1/Carlito(0)/m/it/10 Wort-seg-men-tierung: Erken-nt-nisse aus der Psycho- und Neu-rolin-guis-tik (Word seg-men-ta-tion:
 []


Underfull \hbox (badness 10000) in paragraph at lines 610--610
[]\T1/Carlito(0)/m/it/10 Zwei Sprachen, ein Gehirn: Bilin-gual-is-mus und dessen Kon-se-quen-zen (Two Lan-guages, One
 []

[3]
Underfull \hbox (badness 10000) in paragraph at lines 634--634
[]\T1/Carlito(0)/m/it/10 Should I Buy That? Com-par-ing Me-dia Claims with Sci-en-tific Ev-i-dence from Brain & Be-hav-ior
 []


Underfull \hbox (badness 10000) in paragraph at lines 634--634
[]\T1/Carlito(0)/m/it/10 Eval-u-a-tion: 'I learned a lot from this course'- 3.03 (Dis-agree - 0 to
 []


Underfull \hbox (badness 10000) in paragraph at lines 665--665
[]\T1/Carlito(0)/m/it/10 Work-shop se-ries with TU Dort-mund and TU Braun-schweig
 []


Underfull \hbox (badness 10000) in paragraph at lines 665--665
\T1/Carlito(0)/m/it/10 (https://book-down.org/katie_m_von-holzen/Eye-track-ing_Sta-tis-ti-
 []


Underfull \hbox (badness 10000) in paragraph at lines 674--674
[]\T1/Carlito(0)/m/it/10 Doc-toral stu-dents, post-doc-toral re-searchers, and fac-ulty, Uni-ver-site Paris
 []


Underfull \hbox (badness 10000) in paragraph at lines 683--683
[]\T1/Carlito(0)/m/it/10 Doc-toral stu-dents, Re-search Train-ing Group 2070, Georg-August-
 []


Underfull \hbox (badness 10000) in paragraph at lines 692--692
[]\T1/Carlito(0)/m/it/10 Doc-toral stu-dents, post-doc-toral re-searchers, and fac-ulty, Uni-ver-site Paris
 []


Package hyperref Warning: The anchor of a bookmark and its parent's must not
(hyperref)                be the same. Added a new anchor on input line 710.


Overfull \hbox (8.82272pt too wide) in alignment at lines 712--718
[] []
 []


Underfull \hbox (badness 10000) in paragraph at lines 728--728
\T1/Carlito(0)/m/it/10 Ini-tial Steps into For-eign Lan-guage Learn-ing: Lex-i-cal and Mor-phosyn-tac-tic Abil-i-ties of Pri-mary
 []


Overfull \hbox (8.82272pt too wide) in alignment at lines 723--734
[] []
 []

[4]
Underfull \hbox (badness 10000) in paragraph at lines 744--744
\T1/Carlito(0)/m/it/10 Auswirkun-gen kindgerichteter Sprache auf die Merk-fae-higkeit von Wo-ert-ern (The role of child-
 []


Underfull \hbox (badness 10000) in paragraph at lines 749--749
\T1/Carlito(0)/m/it/10 Beitet ``foreigner-directed speech'' einen Vorteil beim ler-nen? Auswirkung auf den Fremd-
 []


Underfull \hbox (badness 10000) in paragraph at lines 749--749
\T1/Carlito(0)/m/it/10 spracher-werb am Beispiel deutscher Chi-ne-sis-chlerner (Does foreigner-directed speech of-fer an
 []


Underfull \hbox (badness 10000) in paragraph at lines 749--749
\T1/Carlito(0)/m/it/10 ad-van-tage in learn-ing? An ex-am-i-na-tion of for-eign lan-guage ac-qui-si-tion in Ger-man learn-ers of
 []


Underfull \hbox (badness 10000) in paragraph at lines 754--754
\T1/Carlito(0)/m/it/10 Der Zusam-men-hang zwis-chen dem soziooekon-imis-che Sta-tus, der Haeu-figkeit des Vok-a-belin-puts
 []


Underfull \hbox (badness 10000) in paragraph at lines 754--754
\T1/Carlito(0)/m/it/10 und dem Wortschatz von bilin-gualen Kindern (The re-la-tion-ship be-tween SES, in-put fre-quency,
 []


Underfull \hbox (badness 10000) in paragraph at lines 759--759
\T1/Carlito(0)/m/it/10 Von Boomer zum Dig-i-tal Na-tive: Wie der Ein-fluss fremd-sprach-licher El-e-mente der Ju-gend-
 []


Underfull \hbox (badness 10000) in paragraph at lines 759--759
\T1/Carlito(0)/m/it/10 sprache in den sozialen Me-dien die Sprachver-ar-beitung bee-in-flusst (From Boomer to Dig-i-tal
 []


Underfull \hbox (badness 10000) in paragraph at lines 759--759
\T1/Carlito(0)/m/it/10 Na-tive: How for-eign lan-guage el-e-ments of Ger-man youth slang in so-cial me-dia in-flu-ence lan-
 []


Underfull \hbox (badness 10000) in paragraph at lines 764--764
\T1/Carlito(0)/m/it/10 The Dif-fer-ence in the Vo-cab-u-lary Size of Chil-dren with and with-out Down Syn-drome: A Meta-
 []


Underfull \hbox (badness 10000) in paragraph at lines 769--769
\T1/Carlito(0)/m/it/10 Seg-men-tierungs-fae-higkeit von infant- und adult-directed speech bei 11-13 Monate al-ten
 []


Underfull \hbox (badness 10000) in paragraph at lines 769--769
\T1/Carlito(0)/m/it/10 Kindern. Eine ERP-Studie. (Seg-men-ta-tion abil-i-ties in infant- and adult di-rected speech in
 []


Underfull \hbox (badness 10000) in paragraph at lines 780--780
\T1/Carlito(0)/m/it/10 Er-weiterung einer Studie von Golinkoff & Alioto (1995) zur Rolle akustisch-prosodischer
 []


Underfull \hbox (badness 10000) in paragraph at lines 780--780
\T1/Carlito(0)/m/it/10 Sprach-mod-i-fika-tio-nen im Prozess des fremd-sprach-lichen Wortler-nens (Ex-ten-tion of Golinkoff
 []


Underfull \hbox (badness 10000) in paragraph at lines 780--780
\T1/Carlito(0)/m/it/10 & Alioto (1995) on the role of acoustic-prosodic speech mod-i-fi-ca-tions on word learn-ing in a
 []


Underfull \hbox (badness 10000) in paragraph at lines 785--785
\T1/Carlito(0)/m/it/10 Das Vere-in-fachen der Wort-seg-men-ta-tion bei Zweit-sprach-ler-nende: Eine Nei-gung zur
 []


Underfull \hbox (badness 10000) in paragraph at lines 785--785
\T1/Carlito(0)/m/it/10 kindgerechten und/oder erwach-se-nen-gerechten Sprech-weise (The fa-cil-i-ta-tion of L2 word seg-
 []


Underfull \hbox (badness 10000) in paragraph at lines 790--790
\T1/Carlito(0)/m/it/10 Ein-fluss des Zweit-sprach-niveaus auf den Er-werb ihrer Phono-tak-tik (The In-flu-ence of L2 pro-fi-
 []


Underfull \hbox (badness 10000) in paragraph at lines 795--795
\T1/Carlito(0)/m/it/10 Mehrsprachigkeit im Schu-lall-tag: In-wiefern beziehen Lehrkraefte die Er-st-sprache von Schuelerin-
 []


Underfull \hbox (badness 10000) in paragraph at lines 795--795
\T1/Carlito(0)/m/it/10 nen und Schuel-ern im deutsch-sprachigen (Fach-)Un-ter-richt mit ein? (Mul-ti-lin-gual-ism in
 []


Underfull \hbox (badness 10000) in paragraph at lines 800--800
\T1/Carlito(0)/m/it/10 Phono-tak-tis-che Seg-men-tierung der L2: Wie wirken L1-Merkmale deutscher Mut-ter-sprach-ler auf
 []


Underfull \hbox (badness 10000) in paragraph at lines 800--800
\T1/Carlito(0)/m/it/10 die Seg-men-tierung des Sprach-flusses und die Worterken-nung in der L2 En-glisch ein?. (Phono-
 []


Underfull \hbox (badness 10000) in paragraph at lines 800--800
\T1/Carlito(0)/m/it/10 tac-tic seg-men-ta-tion in the L2: How do L1 char-ac-ter-is-tics in-flu-ence the seg-men-ta-tion and word
 []

[5]
Underfull \hbox (badness 10000) in paragraph at lines 817--817
[]\T1/Carlito(0)/m/it/10 A fast note about slow rate in IDS: Ma-ter-nal speech rate to pre-ver-bal in-fants fa-cil-i-tates early
 []


Underfull \hbox (badness 10000) in paragraph at lines 822--822
\T1/Carlito(0)/m/it/10 Heather Wib-ber-ley, Tay-lor Trent, Jil-lian Do-herty, Mag-gie Ro-man, Do-minique Jenk-ins, Jes-sica
 []


Underfull \hbox (badness 10000) in paragraph at lines 827--827
[]\T1/Carlito(0)/m/it/10 French-learning in-fants' adap-ta-tion to a novel ac-cent: The role of con-so-nant/vowel asym-me-try
 []


Underfull \hbox (badness 10000) in paragraph at lines 837--837
[]\T1/Carlito(0)/m/it/10 Emer-gence of the C-bias dur-ing the first year of life: New ev-i-dence from own name recog-ni-tion
 []


Package hyperref Warning: The anchor of a bookmark and its parent's must not
(hyperref)                be the same. Added a new anchor on input line 845.


Underfull \hbox (badness 10000) in paragraph at lines 852--852
\T1/Carlito(0)/m/it/10 De-sign-ing ex-per-i-ments, in-clud-ing lex-i-cal de-ci-sion (adults), vi-sual world paradigm (with and
 []


Underfull \hbox (badness 10000) in paragraph at lines 852--852
\T1/Carlito(0)/m/it/10 with-out an eye-tracker) and pref-er-en-tial lis-ten-ing (in-fants); Ex-pe-ri-ence ad-vis-ing col-leagues on
 []


Underfull \hbox (badness 10000) in paragraph at lines 852--852
\T1/Carlito(0)/m/it/10 ex-per-i-men-tal de-sign; Con-duct-ing tu-to-ri-als with col-leagues and stu-dents; Launch-ing ex-per-i-ments
 []


Overfull \hbox (33.84439pt too wide) in alignment at lines 847--863
[] []
 []


Underfull \hbox (badness 10000) in paragraph at lines 874--874
\T1/Carlito(0)/m/it/10 Ad-vis-ing col-leagues on sta-tis-ti-cal anal-y-sis, data wran-gling; Con-duct-ing tu-to-ri-als; Growth
 []


Underfull \hbox (badness 10000) in paragraph at lines 874--874
\T1/Carlito(0)/m/it/10 growth curve mod-el-ing (lmer pack-age); Mixed ef-fects mod-els (lmer pack-age); ANOVA anal-y-
 []


Underfull \hbox (badness 10000) in paragraph at lines 874--874
\T1/Carlito(0)/m/it/10 ses (ez pack-age); Pro-duc-ing beau-ti-ful graph-ics (gg-plot2 pack-age); An-a-lyz-ing vo-cab-u-lary data
 []


Underfull \hbox (badness 10000) in paragraph at lines 874--874
\T1/Carlito(0)/m/it/10 cor-pora (word-bankr pack-age); Power anal-y-sis (pwr pack-age); Cre-at-ing RMark-down files to
 []


Underfull \hbox (badness 10000) in paragraph at lines 879--879
\T1/Carlito(0)/m/it/10 Script-ing to au-to-mat-i-cally an-a-lyze sounds (pitch, du-ra-tion, in-ten-sity); Stim-uli cre-ation; In-ter-fac-
 []


Underfull \hbox (badness 10000) in paragraph at lines 879--879
\T1/Carlito(0)/m/it/10 ing with CLAN out-put to an-a-lyze cor-pora; In-ter-fac-ing with a forced aligner (Easy Align); Used
 []


Underfull \hbox (badness 10000) in paragraph at lines 884--884
\T1/Carlito(0)/m/it/10 An-a-lyz-ing length of ut-ter-ance; Time-locking tran-scripts to au-dio record-ings; In-ter-fac-ing with
 []


Underfull \hbox (badness 10000) in paragraph at lines 889--889
\T1/Carlito(0)/m/it/10 Pre-pro-cess-ing EEG data; Con-duct-ing tu-to-ri-als; Re-lated MAT-LAB script-ing to au-to-mat-i-cally
 []

[6]

Package hyperref Warning: The anchor of a bookmark and its parent's must not
(hyperref)                be the same. Added a new anchor on input line 902.


warning  (pdf backend): ignoring duplicate destination with the name 'bibliography'

Underfull \hbox (badness 10000) in paragraph at lines 911--911
[]\T1/Carlito(0)/m/it/10 Von Holzen, K. (2023). Study-ing speech seg-men-ta-tion on-line us-ing be-hav-ioral, eye-tracking, and elec-
 []


Underfull \hbox (badness 10000) in paragraph at lines 911--911
\T1/Carlito(0)/m/it/10 tro-phys-i-o-log-i-cal meth-ods. To be pre-sented at the Ringvor-lesung ``Re-cent Ad-vances in Lin-guis-tic Meth-
 []


Underfull \hbox (badness 10000) in paragraph at lines 917--917
[]\T1/Carlito(0)/m/it/10 Von Holzen, K. (2022). Doy-ou-un-der-stand-wha-tim-say-ing : How learn-ers break into speech stream seg-
 []


Underfull \hbox (badness 10000) in paragraph at lines 923--923
[]\T1/Carlito(0)/m/it/10 Von Holzen, K. (2022). Us-ing cluster-based per-mu-ta-tion tests to anal-yse eye-tracking data. Pre-sented
 []


Underfull \hbox (badness 10000) in paragraph at lines 930--930
[]\T1/Carlito(0)/m/it/10 Von Holzen, K. (2022). Doy-ou-un-der-stand-wha-tI-amsay-ing? How learn-ers break into speech seg-men-ta-
 []


Underfull \hbox (badness 10000) in paragraph at lines 930--930
\T1/Carlito(0)/m/it/10 tion. Pre-sented at the Lin-guis-Tisch Sem-i-nar Se-ries, So-ci-olin-guis-tics Lab, Uni-ver-sitt Duisburg-Essen,
 []


Underfull \hbox (badness 10000) in paragraph at lines 937--937
[]\T1/Carlito(0)/m/it/10 Von Holzen, K. (2022). Doy-ou-un-der-stand-wha-tI-amsay-ing? How learn-ers break into speech seg-men-ta-
 []


Underfull \hbox (badness 10000) in paragraph at lines 944--944
[]\T1/Carlito(0)/m/it/10 Von Holzen, K. (2021). Ba-bies know words, even when they're mis-pro-nounced: An in-tro-duc-tion to
 []


Underfull \hbox (badness 10000) in paragraph at lines 944--944
\T1/Carlito(0)/m/it/10 meta-analyses. Pre-sented at the Ger-man Sem-i-nar Col-lo-quium, Albert-Ludwigs Uni-ver-si-taet Freiburg,
 []


Underfull \hbox (badness 10000) in paragraph at lines 952--952
[]\T1/Carlito(0)/m/it/10 Von Holzen, K. (2020). Ba-bies know words, even when they're mis-pro-nounced: A meta-analysis of
 []


Underfull \hbox (badness 10000) in paragraph at lines 952--952
\T1/Carlito(0)/m/it/10 mis-pro-nun-ci-a-tion sen-si-tiv-ity stud-ies. Pre-sented at the Team Meet-ing of the Lan-guage and Cog-ni-tion
 []


Underfull \hbox (badness 10000) in paragraph at lines 959--959
[]\T1/Carlito(0)/m/it/10 Von Holzen, K. (2019). On the road to bilin-gual-ism: For-eign speech pro-cess-ing at first ex-po-sure in
 []


Underfull \hbox (badness 10000) in paragraph at lines 959--959
\T1/Carlito(0)/m/it/10 early child-hood. Pre-sented at the Psy-chol-ogy In-sti-tute Col-lo-quium, Jo-hannes Guten-berg Uni-ver-si-taet
 []


Underfull \hbox (badness 10000) in paragraph at lines 966--966
[]\T1/Carlito(0)/m/it/10 Von Holzen, K. (2019). Ba-bies know words, even when they're mis-pro-nounced: A meta-analysis of
 []


Underfull \hbox (badness 10000) in paragraph at lines 966--966
\T1/Carlito(0)/m/it/10 mis-pro-nun-ci-a-tion sen-si-tiv-ity. Pre-sented at the Lin-guis-tics De-part-ment, City Uni-ver-sity of New York,
 []


Underfull \hbox (badness 10000) in paragraph at lines 974--974
[]\T1/Carlito(0)/m/it/10 Von Holzen, K. (2018). On the road to bilin-gual-ism: The role of age in for-eign speech pro-cess-ing. Pre-
 []


Underfull \hbox (badness 10000) in paragraph at lines 974--974
\T1/Carlito(0)/m/it/10 sented at the Team Meet-ing of the Lan-guage and Cog-ni-tion Group, The In-sti-tute of Neu-ro-science and
 []


Underfull \hbox (badness 10000) in paragraph at lines 980--980
[]\T1/Carlito(0)/m/it/10 Von Holzen, K. (2016). Phono-log-i-cal and lex-i-cal pro-cess-ing in first lan-guage and mul-ti-lin-gual ac-qui-si-
 []


Underfull \hbox (badness 10000) in paragraph at lines 987--987
[]\T1/Carlito(0)/m/it/10 Von Holzen, K., & Nazzi, T. (2016). Orig-ine de l'asyme-trie con-sonne/voyelle lors du traite-ment lex-i-cal.
 []


Underfull \hbox (badness 10000) in paragraph at lines 987--987
\T1/Carlito(0)/m/it/10 Pre-sented at the Agence na-tionale de la recherche meet-ing of the grant fund-ing pro-gramme BLANC
 []


Underfull \hbox (badness 10000) in paragraph at lines 993--993
[]\T1/Carlito(0)/m/it/10 Von Holzen, K. (2014). Seg-men-ta-tion of infant- and adult-directed speech in 12-month-olds: An ERP
 []


Underfull \hbox (badness 10000) in paragraph at lines 1001--1001
[]\T1/Carlito(0)/m/it/10 Von Holzen, K. (2012). The cog-nate fa-cil-i-ta-tion ef-fect in bilin-gual and mono-lin-gual tod-dlers. Pre-
 []


Underfull \hbox (badness 10000) in paragraph at lines 1001--1001
\T1/Carlito(0)/m/it/10 sented at the Work-shop on Mono-lin-gual and Bilin-gual Word Recog-ni-tion and Learn-ing in In-fants and
 []


Underfull \hbox (badness 10000) in paragraph at lines 1009--1009
[]\T1/Carlito(0)/m/it/10 Von Holzen, K. (2012). Learn-ing phonemes from faces: The role of speaker iden-tity in non-native
 []


Underfull \hbox (badness 10000) in paragraph at lines 1009--1009
\T1/Carlito(0)/m/it/10 phoneme dis-crim-i-na-tion. Pre-sented at the Work-shop on Mono-lin-gual and Bilin-gual Word Recog-ni-tion
 []


Underfull \hbox (badness 10000) in paragraph at lines 1009--1009
\T1/Carlito(0)/m/it/10 and Learn-ing in In-fants and Adults, Basque Cen-ter on Cog-ni-tion, Brain, and Lan-guage, San Se-bas-tian,
 []


Underfull \hbox (badness 10000) in paragraph at lines 1017--1017
[]\T1/Carlito(0)/m/it/10 Von Holzen, K. (2012). Mech-a-nisms un-der-ly-ing lex-i-cal-pro-cess-ing in mono-lin-gual and bilin-gual tod-
 []


Underfull \hbox (badness 10000) in paragraph at lines 1017--1017
\T1/Carlito(0)/m/it/10 dlers. In L. Polka (Chair), Com-par-ing mono-lin-gual and bilin-gual lan-guage ac-qui-si-tion dur-ing in-fancy.
 []


Underfull \hbox (badness 10000) in paragraph at lines 1017--1017
\T1/Carlito(0)/m/it/10 In-vited sym-po-sium con-ducted at the XVI-I-Ith Bi-en-nial In-ter-na-tional Con-fer-ence on In-fant Stud-ies,
 []


warning  (pdf backend): ignoring duplicate destination with the name 'bibliography'

Underfull \hbox (badness 10000) in paragraph at lines 1029--1029
[]\T1/Carlito(0)/m/it/10 Von Holzen, K., Bergmann, C., & ManyBabies-AtHome-Consortium. (2022). ManyBabies-AtHome
 []


Underfull \hbox (badness 10000) in paragraph at lines 1029--1029
\T1/Carlito(0)/m/it/10 look-ing while lis-ten-ing: Con-struct-ing an on-line, cross-linguistic in-ves-ti-ga-tion of word recog-ni-tion. Pre-
 []

[7]
Underfull \hbox (badness 10000) in paragraph at lines 1035--1035
[]\T1/Carlito(0)/m/it/10 Von Holzen, K., & ManyBabies-AtHome-Consortium. (2022). ManyBabies-AtHome. Pre-sented at the
 []


Underfull \hbox (badness 10000) in paragraph at lines 1043--1043
[]\T1/Carlito(0)/m/it/10 Schlage, F., & Von Holzen, K. (2021). From boomer to dig-i-tal na-tive: The in-flu-ence of an-gli-cisms in
 []


Underfull \hbox (badness 10000) in paragraph at lines 1043--1043
\T1/Carlito(0)/m/it/10 ger-man so-cial me-dia lan-guage on lan-guage pro-cess-ing. Pre-sented at the 2021 Con-fer-ence Ar-chi-tec-tures
 []


Underfull \hbox (badness 10000) in paragraph at lines 1050--1050
[]\T1/Carlito(0)/m/it/10 Boveleth, J., & Von Holzen, K. (2021). The dif-fer-ence in the vo-cab-u-lary size of chil-dren with und
 []


Underfull \hbox (badness 10000) in paragraph at lines 1050--1050
\T1/Carlito(0)/m/it/10 with-out down syn-drome: A meta anal-y-sis. Pre-sented at the Muen-ster Con-fer-ence Lin-guis-tic Rep-re-
 []


Underfull \hbox (badness 10000) in paragraph at lines 1057--1057
[]\T1/Carlito(0)/m/it/10 Von Holzen, K., Har-nischmacher, V., & Schus-ter, N. (2021). Pho-netic cues in L2 speech seg-men-ta-tion.
 []


Underfull \hbox (badness 10000) in paragraph at lines 1057--1057
\T1/Carlito(0)/m/it/10 Pre-sented at the 2021 Con-fer-ence Ar-chi-tec-tures and Mech-a-nisms for Lan-guage Pro-cess-ing (AM-Lap),
 []


Underfull \hbox (badness 10000) in paragraph at lines 1065--1065
[]\T1/Carlito(0)/m/it/10 Von Holzen, K., & Bergmann, C. (2019). Can a tog be a dog? A meta-analysis of ex-per-i-men-tal fac-tors
 []


Underfull \hbox (badness 10000) in paragraph at lines 1065--1065
\T1/Carlito(0)/m/it/10 in-flu-enc-ing in-fants' mis-pro-nun-ci-a-tion sen-si-tiv-ity. In Gonzalez-Gomez, N. (Chair), Big ideas to tackle
 []


Underfull \hbox (badness 10000) in paragraph at lines 1065--1065
\T1/Carlito(0)/m/it/10 small sam-ples. Pre-sented at the Bi-en-nial Meet-ing of the So-ci-ety for Re-search in Child De-vel-op-ment,
 []


Underfull \hbox (badness 10000) in paragraph at lines 1072--1072
[]\T1/Carlito(0)/m/it/10 Von Holzen, K., & Bergmann, C. (2018). A meta-analysis of in-fants' mis-pro-nun-ci-a-tion sen-si-tiv-ity
 []


Underfull \hbox (badness 10000) in paragraph at lines 1072--1072
\T1/Carlito(0)/m/it/10 de-vel-op-ment. Pre-sented at the 40th An-nual Meet-ing of the Cog-ni-tive Sci-ence So-ci-ety, Madi-son, WI,
 []


Underfull \hbox (badness 10000) in paragraph at lines 1080--1080
[]\T1/Carlito(0)/m/it/10 Von Holzen, K., & New-man, R. (2018). On the road to bilin-gual-ism: The role of na-tive lan-guage
 []


Underfull \hbox (badness 10000) in paragraph at lines 1080--1080
\T1/Carlito(0)/m/it/10 knowl-edge in for-eign speech pro-cess-ing. In Koos-tra, G. J. and Bosma, E. (Chairs), Cross-language
 []


Underfull \hbox (badness 10000) in paragraph at lines 1087--1087
[]\T1/Carlito(0)/m/it/10 Von Holzen, K., Nishibayashi, L.-L., & Nazzi, T. (2017). An ERP study of con-so-nant and vowel pro-
 []


Underfull \hbox (badness 10000) in paragraph at lines 1087--1087
\T1/Carlito(0)/m/it/10 cess-ing of newly seg-mented word forms. Pre-sented at the Work-shop on In-fant Lan-guage De-vel-op-ment,
 []


Underfull \hbox (badness 10000) in paragraph at lines 1094--1094
[]\T1/Carlito(0)/m/it/10 Von Holzen, K., & Nazzi, T. (2015). The role of con-so-nants and vow-els in 5- and 8-month-old own
 []


Underfull \hbox (badness 10000) in paragraph at lines 1094--1094
\T1/Carlito(0)/m/it/10 name recog-ni-tion: Im-pli-ca-tions for lex-i-cal de-vel-op-ment. Pre-sented at the sec-ond Work-shop on In-fant
 []


Underfull \hbox (badness 10000) in paragraph at lines 1103--1103
[]\T1/Carlito(0)/m/it/10 Von Holzen, K., Wolff, D., & Mani, N. (2014). Seg-men-ta-tion of infant- and adult-directed speech in
 []


Underfull \hbox (badness 10000) in paragraph at lines 1103--1103
\T1/Carlito(0)/m/it/10 12-month-olds: An ERP study. In K. Von Holzen (Chair), Seg-ment-ing words from con-tin-u-ous speech:
 []


Underfull \hbox (badness 10000) in paragraph at lines 1103--1103
\T1/Carlito(0)/m/it/10 Ex-am-in-ing var-ied in-put sources for in-fants. Sym-po-sium con-ducted at the XIXth Bi-en-nial In-ter-na-tional
 []


Underfull \hbox (badness 10000) in paragraph at lines 1111--1111
[]\T1/Carlito(0)/m/it/10 Von Holzen, K., Wolff, D., & Mani, N. (2013). Seg-men-tierungs-fhigkeit von infant- und adult-directed
 []


Underfull \hbox (badness 10000) in paragraph at lines 1111--1111
\T1/Carlito(0)/m/it/10 speech bei 12 monate al-ten kindern (seg-men-ta-tion of infant- and adult-directed speech in 12-month-old
 []


Underfull \hbox (badness 10000) in paragraph at lines 1120--1120
[]\T1/Carlito(0)/m/it/10 Von Holzen, K., & Mani, N. (2012). Learn-ing phonemes from faces: The role of speaker iden-tity in
 []


Underfull \hbox (badness 10000) in paragraph at lines 1120--1120
\T1/Carlito(0)/m/it/10 non-native phoneme dis-crim-i-na-tion. In K. Von Holzen (Chair), In-fant pho-netic learn-ing in con-text:
 []


Underfull \hbox (badness 10000) in paragraph at lines 1120--1120
\T1/Carlito(0)/m/it/10 The in-flu-ence of faces, ob-jects, and words. Sym-po-sium con-ducted at the XVI-I-Ith Bi-en-nial In-ter-na-
 []


Underfull \hbox (badness 10000) in paragraph at lines 1127--1127
[]\T1/Carlito(0)/m/it/10 Von Holzen, K., & Mani, N. (2012). The cog-nate fa-cil-i-ta-tion ef-fect in bilin-gual tod-dlers. Pre-sented at
 []


Underfull \hbox (badness 10000) in paragraph at lines 1134--1134
[]\T1/Carlito(0)/m/it/10 Von Holzen, K., & Mani, N. (2012). Lan-guage non-selective lex-i-cal ac-cess in bilin-gual tod-dlers. Pre-
 []


Underfull \hbox (badness 10000) in paragraph at lines 1143--1143
[]\T1/Carlito(0)/m/it/10 Von Holzen, K., & Mani, N. (2011). Bilin-gual phono-log-i-cal prim-ing: An ERP study in-ves-ti-gat-ing in-
 []


Underfull \hbox (badness 10000) in paragraph at lines 1143--1143
\T1/Carlito(0)/m/it/10 ter-con-nec-tiv-ity of ac-ti-va-tion in the bilin-guals two lex-i-cons at dif-fer-ent points in de-vel-op-ment. In J.
 []


Underfull \hbox (badness 10000) in paragraph at lines 1143--1143
\T1/Carlito(0)/m/it/10 Mayor (Chair), The emer-gence of lex-i-cal net-works in the sec-ond year of life. Sym-po-sium con-ducted at
 []


warning  (pdf backend): ignoring duplicate destination with the name 'bibliography'

Underfull \hbox (badness 10000) in paragraph at lines 1154--1154
[]\T1/Carlito(0)/m/it/10 Von Holzen, K. (2022). The role of speech mod-i-fi-ca-tions in ab inito learn-ers' ini-tial speech seg-men-ta-
 []


Underfull \hbox (badness 10000) in paragraph at lines 1154--1154
\T1/Carlito(0)/m/it/10 tion. 4th In-ter-na-tional Sym-po-sium on Bilin-gual and L2 Pro-cess-ing in Adults and Chil-dren, Tromso,
 []


Underfull \hbox (badness 10000) in paragraph at lines 1162--1162
[]\T1/Carlito(0)/m/it/10 Von Holzen, K., Bergmann, C., & ManyBabies-AtHome-Consortium. (2022). ManyBabies-AtHome
 []


Underfull \hbox (badness 10000) in paragraph at lines 1162--1162
\T1/Carlito(0)/m/it/10 look-ing while lis-ten-ing: Con-struct-ing an on-line, cross-linguistic in-ves-ti-ga-tion of word recog-ni-tion. Pre-
 []


Underfull \hbox (badness 10000) in paragraph at lines 1171--1171
[]\T1/Carlito(0)/m/it/10 Von Holzen, K., & New-man, R. (2021). The recog-ni-tion of for-eign words at first ex-po-sure in early
 []


Underfull \hbox (badness 10000) in paragraph at lines 1171--1171
\T1/Carlito(0)/m/it/10 lan-guage de-vel-op-ment: The role of phono-log-i-cal sim-i-lar-ity. Pre-sented at the Bi-en-nial Meet-ing of the
 []


Underfull \hbox (badness 10000) in paragraph at lines 1171--1171
\T1/Carlito(0)/m/it/10 So-ci-ety for Re-search in Child De-vel-op-ment, Vir-tual Con-fer-ence. []$https://doi.org/10.6084/m9.gshare.
 []

[8]
Underfull \hbox (badness 10000) in paragraph at lines 1178--1178
[]\T1/Carlito(0)/m/it/10 Von Holzen, K., & Bergmann, C. (2018). A meta-analysis of mis-pro-nun-ci-a-tion sen-si-tiv-ity in in-fancy.
 []


Underfull \hbox (badness 10000) in paragraph at lines 1185--1185
[]\T1/Carlito(0)/m/it/10 Von Holzen, K., Van Om-men, S., White, K., & Nazzi, T. (2018). French-learning in-fants' adap-ta-tion
 []


Underfull \hbox (badness 10000) in paragraph at lines 1185--1185
\T1/Carlito(0)/m/it/10 to a novel ac-cent: The role of con-so-nant/vowel asym-me-try. Pre-sented at the XXIth Bi-en-nial In-ter-na-
 []


Underfull \hbox (badness 10000) in paragraph at lines 1192--1192
[]\T1/Carlito(0)/m/it/10 Von Holzen, K., & Bergmann, C. (2017). Ba-bies know words, even when they are mis-pro-nounced:
 []


Underfull \hbox (badness 10000) in paragraph at lines 1192--1192
\T1/Carlito(0)/m/it/10 A meta-analytic view. Pre-sented at the Work-shop on In-fant Lan-guage De-vel-op-ment, Bil-bao, Spain.
 []


Underfull \hbox (badness 10000) in paragraph at lines 1200--1200
[]\T1/Carlito(0)/m/it/10 Von Holzen, K., Rider, D., & Nazzi, T. (2017). Con-so-nant and vowel pro-cess-ing in 5-, 8-, and 11-
 []


Underfull \hbox (badness 10000) in paragraph at lines 1200--1200
\T1/Carlito(0)/m/it/10 month-olds own name recog-ni-tion: The role of acous-tic/pho-netic and lex-i-cal fac-tors. Pre-sented at the
 []


Underfull \hbox (badness 10000) in paragraph at lines 1207--1207
[]\T1/Carlito(0)/m/it/10 Von Holzen, K., Nishibayashi, L.-L., & Nazzi, T. (2017). Neu-ral bases of phono-log-i-cal pro-cess-ing of
 []


Underfull \hbox (badness 10000) in paragraph at lines 1207--1207
\T1/Carlito(0)/m/it/10 newly seg-mented word forms. Pre-sented at the 2017 Boston Uni-ver-sity Con-fer-ence on Lan-guage De-vel-
 []


Underfull \hbox (badness 10000) in paragraph at lines 1214--1214
[]\T1/Carlito(0)/m/it/10 Von Holzen, K., Fen-nell, C. T., & Mani, N. (2014). The cog-nate fa-cil-i-ta-tion ef-fect in bilin-gual and
 []


Underfull \hbox (badness 10000) in paragraph at lines 1214--1214
\T1/Carlito(0)/m/it/10 mono-lin-gual tod-dlers. Pre-sented at the XIXth Bi-en-nial In-ter-na-tional Con-fer-ence on In-fant Stud-ies,
 []


Underfull \hbox (badness 10000) in paragraph at lines 1221--1221
[]\T1/Carlito(0)/m/it/10 Von Holzen, K., Wolff, D., & Mani, N. (2013). Seg-men-ta-tion of IDS and ADS in 12-month-olds: An
 []


Underfull \hbox (badness 10000) in paragraph at lines 1228--1228
[]\T1/Carlito(0)/m/it/10 Von Holzen, K., Kre-mer, F., & Mani, N. (2013). As-so-ci-at-ing a lan-guage with a speaker: Bilin-gual pro-
 []


Underfull \hbox (badness 10000) in paragraph at lines 1228--1228
\T1/Carlito(0)/m/it/10 duc-tion is in-flu-enced by speaker lan-guage. Pre-sented at the In-ter-na-tional Work-shop on Bilin-gual-ism
 []


Underfull \hbox (badness 10000) in paragraph at lines 1235--1235
[]\T1/Carlito(0)/m/it/10 Von Holzen, K., & Mani, N. (2013). Na-tive and non-native phoneme per-cep-tion in bilin-gual tod-dlers:
 []


Underfull \hbox (badness 10000) in paragraph at lines 1235--1235
\T1/Carlito(0)/m/it/10 A lon-gi-tu-di-nal study. Pre-sented at the Work-shop on In-fant Lan-guage De-vel-op-ment, San Se-bas-tian,
 []


Underfull \hbox (badness 10000) in paragraph at lines 1242--1242
[]\T1/Carlito(0)/m/it/10 Von Holzen, K., & Mani, N. (2011). Learn-ing phonemes from faces: The role of speaker iden-tity in
 []


Underfull \hbox (badness 10000) in paragraph at lines 1242--1242
\T1/Carlito(0)/m/it/10 non-native phoneme dis-crim-i-na-tion. Pre-sented at the 2011 Boston Uni-ver-sity Con-fer-ence on Lan-guage
 []


Underfull \hbox (badness 10000) in paragraph at lines 1248--1248
[]\T1/Carlito(0)/m/it/10 Von Holzen, K., & Mani, N. (2011). Word-word re-la-tion-ships be-tween lan-guages and across de-vel-op-
 []


Underfull \hbox (badness 10000) in paragraph at lines 1254--1254
[]\T1/Carlito(0)/m/it/10 Von Holzen, K., & Mani, N. (2010). Phono-log-i-cal prim-ing across lan-guage bor-ders: No pass-port re-
 []


Package hyperref Warning: The anchor of a bookmark and its parent's must not
(hyperref)                be the same. Added a new anchor on input line 1260.


Underfull \hbox (badness 1642) in paragraph at lines 1308--1311
[]\T1/Carlito(0)/m/it/10 For a com-plete record of my peer-review ser-vice, view my Publons Peer Re-view Pro-file ([]$https://www. 
 []

[9]
Underfull \hbox (badness 10000) in paragraph at lines 1348--1348
[]\T1/Carlito(0)/m/it/10 Rosa Parks El-e-men-tary School, Hy-attsville Ed-u-ca-tion Ad-vi-sory Com-mit-tee's Sum-mer Read-ing
 []

[10] (./K_Von_Holzen_CV_Leiden_MethodsStats.aux)

LaTeX Font Warning: Some font shapes were not available, defaults substituted.

Package rerunfilecheck Info: File `K_Von_Holzen_CV_Leiden_MethodsStats.out' has not changed.
(rerunfilecheck)             Checksum: 3DF90AB28561C41587945C06DD715758;5534.
)

Here is how much of LuaTeX's memory you used:
 18317 strings out of 478263
 125086,1977958 words of node,token memory allocated
 651 words of node memory still in use:
   3 hlist, 1 vlist, 1 rule, 2 glue, 3 kern, 1 glyph, 10 attribute, 85 glue_spec, 10 attribute_list, 1 write, 6 pdf_action nodes
   avail lists: 1:2,2:1061,3:686,4:75,5:810,6:142,7:11344,8:81,9:812,10:27,11:893
 37699 multiletter control sequences out of 65536+600000
 59 fonts using 9171023 bytes
 87i,12n,109p,1223b,1129s stack positions out of 10000i,1000n,20000p,200000b,200000s
<<c:/Users/KatieVH/AppData/Roaming/TinyTeX/texmf-var/fonts/pk/ljfour/jknappen/ec/ecrm0800.600pk>><<c:/Users/KatieVH/AppData/Roaming/TinyTeX/texmf-var/fonts/pk/ljfour/jknappen/ec/ecrm1000.600pk>><c:/Users/KatieVH/AppData/Roaming/TinyTeX/texmf-dist/fonts/opentype/public/fontawesome5/FontAwesome5Brands-Regular-400.otf><c:/Users/KatieVH/AppData/Roaming/TinyTeX/texmf-dist/fonts/opentype/public/fontawesome5/FontAwesome5Free-Solid-900.otf><c:/Users/KatieVH/AppData/Roaming/TinyTeX/texmf-dist/fonts/truetype/google/carlito/Carlito-Regular.ttf><c:/Users/KatieVH/AppData/Roaming/TinyTeX/texmf-dist/fonts/truetype/google/carlito/Carlito-Bold.ttf><c:/Users/KatieVH/AppData/Roaming/TinyTeX/texmf-dist/fonts/type1/urw/zapfding/uzdr.pfb>
Output written on K_Von_Holzen_CV_Leiden_MethodsStats.pdf (10 pages, 108746 bytes).

PDF statistics: 517 PDF objects out of 1000 (max. 8388607)
 353 compressed objects within 4 object streams
 140 named destinations out of 1000 (max. 131072)
 305 words of extra memory for PDF output out of 10000 (max. 100000000)

