This is LuaHBTeX, Version 1.16.0 (TeX Live 2023)  (format=lualatex 2023.3.24)  24 MAR 2023 11:28
 restricted system commands enabled.
**K_Von_Holzen_CV_Rotterdam.tex
(./K_Von_Holzen_CV_Rotterdam.tex
LaTeX2e <2022-11-01> patch level 1
Lua module: luaotfload 2022-10-03 3.23 Lua based OpenType font support
Lua module: lualibs 2022-10-04 2.75 ConTeXt Lua standard libraries.
Lua module: lualibs-extended 2022-10-04 2.75 ConTeXt Lua libraries -- extended collection.
luaotfload | conf : Root cache directory is "C:/Users/KatieVH/AppData/Roaming/TinyTeX/texmf-var/luatex-cache/generic/names".
luaotfload | init : Loading fontloader "fontloader-2022-10-03.lua" from kpse-resolved path "c:/Users/KatieVH/AppData/Roaming/TinyTeX/texmf-dist/tex/luatex/luaotfload/fontloader-2022-10-03.lua".
Lua-only attribute luaotfload@noligature = 1
luaotfload | init : Context OpenType loader version 3.120
Inserting `luaotfload.node_processor' in `pre_linebreak_filter'.
Inserting `luaotfload.node_processor' in `hpack_filter'.
Inserting `luaotfload.glyph_stream' in `glyph_stream_provider'.
Inserting `luaotfload.define_font' in `define_font'.
Lua-only attribute luaotfload_color_attribute = 2
luaotfload | conf : Root cache directory is "C:/Users/KatieVH/AppData/Roaming/TinyTeX/texmf-var/luatex-cache/generic/names".
Inserting `luaotfload.harf.strip_prefix' in `find_opentype_file'.
Inserting `luaotfload.harf.strip_prefix' in `find_truetype_file'.
Removing  `luaotfload.glyph_stream' from `glyph_stream_provider'.
Inserting `luaotfload.harf.glyphstream' in `glyph_stream_provider'.
Inserting `luaotfload.harf.finalize_vlist' in `post_linebreak_filter'.
Inserting `luaotfload.harf.finalize_hlist' in `hpack_filter'.
Inserting `luaotfload.cleanup_files' in `wrapup_run'.
Inserting `luaotfload.harf.finalize_unicode' in `finish_pdffile'.
Inserting `luaotfload.glyphinfo' in `glyph_info'.
Lua-only attribute luaotfload.letterspace_done = 3
Inserting `luaotfload.aux.set_sscale_dimens' in `luaotfload.patch_font'.
Inserting `luaotfload.aux.set_font_index' in `luaotfload.patch_font'.
Inserting `luaotfload.aux.patch_cambria_domh' in `luaotfload.patch_font'.
Inserting `luaotfload.aux.fixup_fontdata' in `luaotfload.patch_font_unsafe'.
Inserting `luaotfload.aux.set_capheight' in `luaotfload.patch_font'.
Inserting `luaotfload.aux.set_xheight' in `luaotfload.patch_font'.
Inserting `luaotfload.rewrite_fontname' in `luaotfload.patch_font'. L3 programming layer <2023-02-22>
Inserting `tracingstacklevels' in `input_level_string'. (c:/Users/KatieVH/AppData/Roaming/TinyTeX/texmf-dist/tex/latex/base/article.cls
Document Class: article 2022/07/02 v1.4n Standard LaTeX document class
(c:/Users/KatieVH/AppData/Roaming/TinyTeX/texmf-dist/tex/latex/base/size10.clo
File: size10.clo 2022/07/02 v1.4n Standard LaTeX file (size option)
luaotfload | db : Font names database loaded from C:/Users/KatieVH/AppData/Roaming/TinyTeX/texmf-var/luatex-cache/generic/names/luaotfload-names.luc.gz)
\c@part=\count183
\c@section=\count184
\c@subsection=\count185
\c@subsubsection=\count186
\c@paragraph=\count187
\c@subparagraph=\count188
\c@figure=\count189
\c@table=\count190
\abovecaptionskip=\skip48
\belowcaptionskip=\skip49
\bibindent=\dimen139
) (c:/Users/KatieVH/AppData/Roaming/TinyTeX/texmf-dist/tex/latex/dejavu/DejaVuSansMono.sty
Package: DejaVuSansMono 2011/06/01 Style file for DejaVuSansMono.
(c:/Users/KatieVH/AppData/Roaming/TinyTeX/texmf-dist/tex/latex/graphics/keyval.sty
Package: keyval 2022/05/29 v1.15 key=value parser (DPC)
\KV@toks@=\toks16
)) (c:/Users/KatieVH/AppData/Roaming/TinyTeX/texmf-dist/tex/latex/carlito/carlito.sty
Package: carlito 2022/10/05 (Bob Tennent) Supports Carlito fonts for LaTeX, pdfLaTeX, luaLaTeX and xeLaTeX.
(c:/Users/KatieVH/AppData/Roaming/TinyTeX/texmf-dist/tex/generic/iftex/ifxetex.sty
Package: ifxetex 2019/10/25 v0.7 ifxetex legacy package. Use iftex instead.
(c:/Users/KatieVH/AppData/Roaming/TinyTeX/texmf-dist/tex/generic/iftex/iftex.sty
Package: iftex 2022/02/03 v1.0f TeX engine tests
)) (c:/Users/KatieVH/AppData/Roaming/TinyTeX/texmf-dist/tex/generic/iftex/ifluatex.sty
Package: ifluatex 2019/10/25 v1.5 ifluatex legacy package. Use iftex instead.
) (c:/Users/KatieVH/AppData/Roaming/TinyTeX/texmf-dist/tex/latex/xkeyval/xkeyval.sty
Package: xkeyval 2022/06/16 v2.9 package option processing (HA)
(c:/Users/KatieVH/AppData/Roaming/TinyTeX/texmf-dist/tex/generic/xkeyval/xkeyval.tex (c:/Users/KatieVH/AppData/Roaming/TinyTeX/texmf-dist/tex/generic/xkeyval/xkvutils.tex
\XKV@toks=\toks17
\XKV@tempa@toks=\toks18
)
\XKV@depth=\count191
File: xkeyval.tex 2014/12/03 v2.7a key=value parser (HA)
)) (c:/Users/KatieVH/AppData/Roaming/TinyTeX/texmf-dist/tex/latex/base/textcomp.sty
Package: textcomp 2020/02/02 v2.0n Standard LaTeX package
) (c:/Users/KatieVH/AppData/Roaming/TinyTeX/texmf-dist/tex/latex/fontspec/fontspec.sty (c:/Users/KatieVH/AppData/Roaming/TinyTeX/texmf-dist/tex/latex/l3packages/xparse/xparse.sty (c:/Users/KatieVH/AppData/Roaming/TinyTeX/texmf-dist/tex/latex/l3kernel/expl3.sty
Package: expl3 2023-02-22 L3 programming layer (loader) 
(c:/Users/KatieVH/AppData/Roaming/TinyTeX/texmf-dist/tex/latex/l3backend/l3backend-luatex.def
File: l3backend-luatex.def 2023-01-16 L3 backend support: PDF output (LuaTeX)
\l__color_backend_stack_int=\count192
\l__pdf_internal_box=\box51
))
Package: xparse 2023-02-02 L3 Experimental document command parser
)
Package: fontspec 2022/01/15 v2.8a Font selection for XeLaTeX and LuaLaTeX
Lua module: fontspec 2022/01/15 2.8a Font selection for XeLaTeX and LuaLaTeX (c:/Users/KatieVH/AppData/Roaming/TinyTeX/texmf-dist/tex/latex/fontspec/fontspec-luatex.sty
Package: fontspec-luatex 2022/01/15 v2.8a Font selection for XeLaTeX and LuaLaTeX
\l__fontspec_script_int=\count193
\l__fontspec_language_int=\count194
\l__fontspec_strnum_int=\count195
\l__fontspec_tmp_int=\count196
\l__fontspec_tmpa_int=\count197
\l__fontspec_tmpb_int=\count198
\l__fontspec_tmpc_int=\count199
\l__fontspec_em_int=\count266
\l__fontspec_emdef_int=\count267
\l__fontspec_strong_int=\count268
\l__fontspec_strongdef_int=\count269
\l__fontspec_tmpa_dim=\dimen140
\l__fontspec_tmpb_dim=\dimen141
\l__fontspec_tmpc_dim=\dimen142
(c:/Users/KatieVH/AppData/Roaming/TinyTeX/texmf-dist/tex/latex/base/fontenc.sty
Package: fontenc 2021/04/29 v2.0v Standard LaTeX package
) (c:/Users/KatieVH/AppData/Roaming/TinyTeX/texmf-dist/tex/latex/fontspec/fontspec.cfg)))
luaotfload | aux : font no 19 (nil) does not define feature smcp for script latn with language dflt
luaotfload | aux : font no 20 (nil) does not define feature smcp for script latn with language dflt
luaotfload | aux : font no 21 (nil) does not define feature smcp for script latn with language dflt
luaotfload | aux : font no 22 (nil) does not define feature smcp for script latn with language dflt

Package fontspec Info: Font family 'Carlito(0)' created for font 'Carlito'
(fontspec)             with options [Ligatures = TeX,Scale = 1,Extension =
(fontspec)             .ttf,Ligatures=TeX,Numbers =
(fontspec)             {Lining,Monospaced},UprightFont = *-Regular,ItalicFont
(fontspec)             = *-Italic,BoldFont = *-Bold,BoldItalicFont =
(fontspec)             *-BoldItalic].
(fontspec)              
(fontspec)              This font family consists of the following NFSS
(fontspec)             series/shapes:
(fontspec)              
(fontspec)             - 'normal' (m/n) with NFSS spec.:
(fontspec)             <->s*[1]"[Carlito-Regular.ttf]:mode=node;script=latn;language=dflt;+tlig;+lnum;+tnum;"
(fontspec)             - 'small caps'  (m/sc) with NFSS spec.: 
(fontspec)             - 'bold' (b/n) with NFSS spec.:
(fontspec)             <->s*[1]"[Carlito-Bold.ttf]:mode=node;script=latn;language=dflt;+tlig;+lnum;+tnum;"
(fontspec)             - 'bold small caps'  (b/sc) with NFSS spec.: 
(fontspec)             - 'italic' (m/it) with NFSS spec.:
(fontspec)             <->s*[1]"[Carlito-Italic.ttf]:mode=node;script=latn;language=dflt;+tlig;+lnum;+tnum;"
(fontspec)             - 'italic small caps'  (m/scit) with NFSS spec.: 
(fontspec)             - 'bold italic' (b/it) with NFSS spec.:
(fontspec)             <->s*[1]"[Carlito-BoldItalic.ttf]:mode=node;script=latn;language=dflt;+tlig;+lnum;+tnum;"
(fontspec)             - 'bold italic small caps'  (b/scit) with NFSS spec.: 

luaotfload | aux : font no 19 (nil) does not define feature smcp for script latn with language dflt
luaotfload | aux : font no 20 (nil) does not define feature smcp for script latn with language dflt
luaotfload | aux : font no 21 (nil) does not define feature smcp for script latn with language dflt
luaotfload | aux : font no 22 (nil) does not define feature smcp for script latn with language dflt

Package fontspec Info: Font family 'Carlito(1)' created for font 'Carlito'
(fontspec)             with options [Ligatures = TeX,Scale = 1,Extension =
(fontspec)             .ttf,Numbers = {Lining,Monospaced},UprightFont =
(fontspec)             *-Regular,ItalicFont = *-Italic,BoldFont =
(fontspec)             *-Bold,BoldItalicFont = *-BoldItalic].
(fontspec)              
(fontspec)              This font family consists of the following NFSS
(fontspec)             series/shapes:
(fontspec)              
(fontspec)             - 'normal' (m/n) with NFSS spec.:
(fontspec)             <->s*[1]"[Carlito-Regular.ttf]:mode=node;script=latn;language=dflt;+tlig;+lnum;+tnum;"
(fontspec)             - 'small caps'  (m/sc) with NFSS spec.: 
(fontspec)             - 'bold' (b/n) with NFSS spec.:
(fontspec)             <->s*[1]"[Carlito-Bold.ttf]:mode=node;script=latn;language=dflt;+tlig;+lnum;+tnum;"
(fontspec)             - 'bold small caps'  (b/sc) with NFSS spec.: 
(fontspec)             - 'italic' (m/it) with NFSS spec.:
(fontspec)             <->s*[1]"[Carlito-Italic.ttf]:mode=node;script=latn;language=dflt;+tlig;+lnum;+tnum;"
(fontspec)             - 'italic small caps'  (m/scit) with NFSS spec.: 
(fontspec)             - 'bold italic' (b/it) with NFSS spec.:
(fontspec)             <->s*[1]"[Carlito-BoldItalic.ttf]:mode=node;script=latn;language=dflt;+tlig;+lnum;+tnum;"
(fontspec)             - 'bold italic small caps'  (b/scit) with NFSS spec.: 

luaotfload | aux : font no 19 (nil) does not define feature smcp for script latn with language dflt
luaotfload | aux : font no 20 (nil) does not define feature smcp for script latn with language dflt
luaotfload | aux : font no 21 (nil) does not define feature smcp for script latn with language dflt
luaotfload | aux : font no 22 (nil) does not define feature smcp for script latn with language dflt

Package fontspec Info: Font family 'Carlito(2)' created for font 'Carlito'
(fontspec)             with options [Ligatures = TeX,Scale = 1,Extension =
(fontspec)             .ttf,Numbers = {Proportional,OldStyle},UprightFont =
(fontspec)             *-Regular,ItalicFont = *-Italic,BoldFont =
(fontspec)             *-Bold,BoldItalicFont = *-BoldItalic].
(fontspec)              
(fontspec)              This font family consists of the following NFSS
(fontspec)             series/shapes:
(fontspec)              
(fontspec)             - 'normal' (m/n) with NFSS spec.:
(fontspec)             <->s*[1]"[Carlito-Regular.ttf]:mode=node;script=latn;language=dflt;+tlig;+pnum;+onum;"
(fontspec)             - 'small caps'  (m/sc) with NFSS spec.: 
(fontspec)             - 'bold' (b/n) with NFSS spec.:
(fontspec)             <->s*[1]"[Carlito-Bold.ttf]:mode=node;script=latn;language=dflt;+tlig;+pnum;+onum;"
(fontspec)             - 'bold small caps'  (b/sc) with NFSS spec.: 
(fontspec)             - 'italic' (m/it) with NFSS spec.:
(fontspec)             <->s*[1]"[Carlito-Italic.ttf]:mode=node;script=latn;language=dflt;+tlig;+pnum;+onum;"
(fontspec)             - 'italic small caps'  (m/scit) with NFSS spec.: 
(fontspec)             - 'bold italic' (b/it) with NFSS spec.:
(fontspec)             <->s*[1]"[Carlito-BoldItalic.ttf]:mode=node;script=latn;language=dflt;+tlig;+pnum;+onum;"
(fontspec)             - 'bold italic small caps'  (b/scit) with NFSS spec.: 

luaotfload | aux : font no 19 (nil) does not define feature smcp for script latn with language dflt
luaotfload | aux : font no 20 (nil) does not define feature smcp for script latn with language dflt
luaotfload | aux : font no 21 (nil) does not define feature smcp for script latn with language dflt
luaotfload | aux : font no 22 (nil) does not define feature smcp for script latn with language dflt

Package fontspec Info: Font family 'Carlito(3)' created for font 'Carlito'
(fontspec)             with options [Ligatures = TeX,Scale = 1,Extension =
(fontspec)             .ttf,Numbers = {Proportional,Lining},UprightFont =
(fontspec)             *-Regular,ItalicFont = *-Italic,BoldFont =
(fontspec)             *-Bold,BoldItalicFont = *-BoldItalic].
(fontspec)              
(fontspec)              This font family consists of the following NFSS
(fontspec)             series/shapes:
(fontspec)              
(fontspec)             - 'normal' (m/n) with NFSS spec.:
(fontspec)             <->s*[1]"[Carlito-Regular.ttf]:mode=node;script=latn;language=dflt;+tlig;+pnum;+lnum;"
(fontspec)             - 'small caps'  (m/sc) with NFSS spec.: 
(fontspec)             - 'bold' (b/n) with NFSS spec.:
(fontspec)             <->s*[1]"[Carlito-Bold.ttf]:mode=node;script=latn;language=dflt;+tlig;+pnum;+lnum;"
(fontspec)             - 'bold small caps'  (b/sc) with NFSS spec.: 
(fontspec)             - 'italic' (m/it) with NFSS spec.:
(fontspec)             <->s*[1]"[Carlito-Italic.ttf]:mode=node;script=latn;language=dflt;+tlig;+pnum;+lnum;"
(fontspec)             - 'italic small caps'  (m/scit) with NFSS spec.: 
(fontspec)             - 'bold italic' (b/it) with NFSS spec.:
(fontspec)             <->s*[1]"[Carlito-BoldItalic.ttf]:mode=node;script=latn;language=dflt;+tlig;+pnum;+lnum;"
(fontspec)             - 'bold italic small caps'  (b/scit) with NFSS spec.: 

luaotfload | aux : font no 19 (nil) does not define feature smcp for script latn with language dflt
luaotfload | aux : font no 20 (nil) does not define feature smcp for script latn with language dflt
luaotfload | aux : font no 21 (nil) does not define feature smcp for script latn with language dflt
luaotfload | aux : font no 22 (nil) does not define feature smcp for script latn with language dflt

Package fontspec Info: Font family 'Carlito(4)' created for font 'Carlito'
(fontspec)             with options [Ligatures = TeX,Scale = 1,Extension =
(fontspec)             .ttf,Numbers = {Monospaced, Lining},UprightFont =
(fontspec)             *-Regular,ItalicFont = *-Italic,BoldFont =
(fontspec)             *-Bold,BoldItalicFont = *-BoldItalic].
(fontspec)              
(fontspec)              This font family consists of the following NFSS
(fontspec)             series/shapes:
(fontspec)              
(fontspec)             - 'normal' (m/n) with NFSS spec.:
(fontspec)             <->s*[1]"[Carlito-Regular.ttf]:mode=node;script=latn;language=dflt;+tlig;+tnum;+lnum;"
(fontspec)             - 'small caps'  (m/sc) with NFSS spec.: 
(fontspec)             - 'bold' (b/n) with NFSS spec.:
(fontspec)             <->s*[1]"[Carlito-Bold.ttf]:mode=node;script=latn;language=dflt;+tlig;+tnum;+lnum;"
(fontspec)             - 'bold small caps'  (b/sc) with NFSS spec.: 
(fontspec)             - 'italic' (m/it) with NFSS spec.:
(fontspec)             <->s*[1]"[Carlito-Italic.ttf]:mode=node;script=latn;language=dflt;+tlig;+tnum;+lnum;"
(fontspec)             - 'italic small caps'  (m/scit) with NFSS spec.: 
(fontspec)             - 'bold italic' (b/it) with NFSS spec.:
(fontspec)             <->s*[1]"[Carlito-BoldItalic.ttf]:mode=node;script=latn;language=dflt;+tlig;+tnum;+lnum;"
(fontspec)             - 'bold italic small caps'  (b/scit) with NFSS spec.: 

luaotfload | aux : font no 19 (nil) does not define feature smcp for script latn with language dflt
luaotfload | aux : font no 20 (nil) does not define feature smcp for script latn with language dflt
luaotfload | aux : font no 21 (nil) does not define feature smcp for script latn with language dflt
luaotfload | aux : font no 22 (nil) does not define feature smcp for script latn with language dflt

Package fontspec Info: Font family 'Carlito(5)' created for font 'Carlito'
(fontspec)             with options [Ligatures = TeX,Scale = 1,Extension =
(fontspec)             .ttf,Numbers = {Monospaced, OldStyle},UprightFont =
(fontspec)             *-Regular,ItalicFont = *-Italic,BoldFont =
(fontspec)             *-Bold,BoldItalicFont = *-BoldItalic].
(fontspec)              
(fontspec)              This font family consists of the following NFSS
(fontspec)             series/shapes:
(fontspec)              
(fontspec)             - 'normal' (m/n) with NFSS spec.:
(fontspec)             <->s*[1]"[Carlito-Regular.ttf]:mode=node;script=latn;language=dflt;+tlig;+tnum;+onum;"
(fontspec)             - 'small caps'  (m/sc) with NFSS spec.: 
(fontspec)             - 'bold' (b/n) with NFSS spec.:
(fontspec)             <->s*[1]"[Carlito-Bold.ttf]:mode=node;script=latn;language=dflt;+tlig;+tnum;+onum;"
(fontspec)             - 'bold small caps'  (b/sc) with NFSS spec.: 
(fontspec)             - 'italic' (m/it) with NFSS spec.:
(fontspec)             <->s*[1]"[Carlito-Italic.ttf]:mode=node;script=latn;language=dflt;+tlig;+tnum;+onum;"
(fontspec)             - 'italic small caps'  (m/scit) with NFSS spec.: 
(fontspec)             - 'bold italic' (b/it) with NFSS spec.:
(fontspec)             <->s*[1]"[Carlito-BoldItalic.ttf]:mode=node;script=latn;language=dflt;+tlig;+tnum;+onum;"
(fontspec)             - 'bold italic small caps'  (b/scit) with NFSS spec.: 

) (c:/Users/KatieVH/AppData/Roaming/TinyTeX/texmf-dist/tex/latex/graphics/color.sty
Package: color 2022/01/06 v1.3d Standard LaTeX Color (DPC)
(c:/Users/KatieVH/AppData/Roaming/TinyTeX/texmf-dist/tex/latex/graphics-cfg/color.cfg
File: color.cfg 2016/01/02 v1.6 sample color configuration
)
Package color Info: Driver file: luatex.def on input line 149.
(c:/Users/KatieVH/AppData/Roaming/TinyTeX/texmf-dist/tex/latex/graphics-def/luatex.def
File: luatex.def 2022/09/22 v1.2d Graphics/color driver for luatex
) (c:/Users/KatieVH/AppData/Roaming/TinyTeX/texmf-dist/tex/latex/graphics/mathcolor.ltx)) (c:/Users/KatieVH/AppData/Roaming/TinyTeX/texmf-dist/tex/latex/xcolor/xcolor.sty
Package: xcolor 2022/06/12 v2.14 LaTeX color extensions (UK)
(c:/Users/KatieVH/AppData/Roaming/TinyTeX/texmf-dist/tex/latex/graphics-cfg/color.cfg
File: color.cfg 2016/01/02 v1.6 sample color configuration
)
Package xcolor Info: Driver file: luatex.def on input line 227.
LaTeX Info: Redefining \color on input line 711.
(c:/Users/KatieVH/AppData/Roaming/TinyTeX/texmf-dist/tex/latex/graphics/mathcolor.ltx)
Package xcolor Info: Model `cmy' substituted by `cmy0' on input line 1353.
Package xcolor Info: Model `hsb' substituted by `rgb' on input line 1357.
Package xcolor Info: Model `RGB' extended on input line 1369.
Package xcolor Info: Model `HTML' substituted by `rgb' on input line 1371.
Package xcolor Info: Model `Hsb' substituted by `hsb' on input line 1372.
Package xcolor Info: Model `tHsb' substituted by `hsb' on input line 1373.
Package xcolor Info: Model `HSB' substituted by `hsb' on input line 1374.
Package xcolor Info: Model `Gray' substituted by `gray' on input line 1375.
Package xcolor Info: Model `wave' substituted by `hsb' on input line 1376.
) (c:/Users/KatieVH/AppData/Roaming/TinyTeX/texmf-dist/tex/latex/base/fixltx2e.sty
Package: fixltx2e 2016/12/29 v2.1a fixes to LaTeX (obsolete)
Applying: [2015/01/01] Old fixltx2e package on input line 46.

Package fixltx2e Warning: fixltx2e is not required with releases after 2015
(fixltx2e)                All fixes are now in the LaTeX kernel.
(fixltx2e)                See the latexrelease package for details.

Already applied: [0000/00/00] Old fixltx2e package on input line 53.
) (c:/Users/KatieVH/AppData/Roaming/TinyTeX/texmf-dist/tex/latex/base/inputenc.sty
Package: inputenc 2021/02/14 v1.3d Input encoding file
\inpenc@prehook=\toks19
\inpenc@posthook=\toks20

Package inputenc Warning: inputenc package ignored with utf8 based engines.

) (c:/Users/KatieVH/AppData/Roaming/TinyTeX/texmf-dist/tex/latex/base/fontenc.sty
Package: fontenc 2021/04/29 v2.0v Standard LaTeX package
LaTeX Font Info:    Trying to load font information for T1+Carlito(0) on input line 112.
LaTeX Font Info:    No file T1Carlito(0).fd. on input line 112.

LaTeX Font Warning: Font shape `T1/Carlito(0)/m/n' undefined
(Font)              using `T1/cmr/m/n' instead on input line 112.

) (c:/Users/KatieVH/AppData/Roaming/TinyTeX/texmf-dist/tex/latex/hyperref/hyperref.sty
Package: hyperref 2023-02-07 v7.00v Hypertext links for LaTeX
(c:/Users/KatieVH/AppData/Roaming/TinyTeX/texmf-dist/tex/generic/ltxcmds/ltxcmds.sty
Package: ltxcmds 2020-05-10 v1.25 LaTeX kernel commands for general use (HO)
) (c:/Users/KatieVH/AppData/Roaming/TinyTeX/texmf-dist/tex/generic/pdftexcmds/pdftexcmds.sty
Package: pdftexcmds 2020-06-27 v0.33 Utility functions of pdfTeX for LuaTeX (HO)
(c:/Users/KatieVH/AppData/Roaming/TinyTeX/texmf-dist/tex/generic/infwarerr/infwarerr.sty
Package: infwarerr 2019/12/03 v1.5 Providing info/warning/error messages (HO)
)
Package pdftexcmds Info: \pdf@primitive is available.
Package pdftexcmds Info: \pdf@ifprimitive is available.
Package pdftexcmds Info: \pdfdraftmode found.
\pdftexcmds@toks=\toks21
) (c:/Users/KatieVH/AppData/Roaming/TinyTeX/texmf-dist/tex/latex/kvsetkeys/kvsetkeys.sty
Package: kvsetkeys 2022-10-05 v1.19 Key value parser (HO)
) (c:/Users/KatieVH/AppData/Roaming/TinyTeX/texmf-dist/tex/generic/kvdefinekeys/kvdefinekeys.sty
Package: kvdefinekeys 2019-12-19 v1.6 Define keys (HO)
) (c:/Users/KatieVH/AppData/Roaming/TinyTeX/texmf-dist/tex/generic/pdfescape/pdfescape.sty
Package: pdfescape 2019/12/09 v1.15 Implements pdfTeX's escape features (HO)
) (c:/Users/KatieVH/AppData/Roaming/TinyTeX/texmf-dist/tex/latex/hycolor/hycolor.sty
Package: hycolor 2020-01-27 v1.10 Color options for hyperref/bookmark (HO)
) (c:/Users/KatieVH/AppData/Roaming/TinyTeX/texmf-dist/tex/latex/letltxmacro/letltxmacro.sty
Package: letltxmacro 2019/12/03 v1.6 Let assignment for LaTeX macros (HO)
) (c:/Users/KatieVH/AppData/Roaming/TinyTeX/texmf-dist/tex/latex/auxhook/auxhook.sty
Package: auxhook 2019-12-17 v1.6 Hooks for auxiliary files (HO)
) (c:/Users/KatieVH/AppData/Roaming/TinyTeX/texmf-dist/tex/latex/hyperref/nameref.sty
Package: nameref 2022-05-17 v2.50 Cross-referencing by name of section
(c:/Users/KatieVH/AppData/Roaming/TinyTeX/texmf-dist/tex/latex/refcount/refcount.sty
Package: refcount 2019/12/15 v3.6 Data extraction from label references (HO)
) (c:/Users/KatieVH/AppData/Roaming/TinyTeX/texmf-dist/tex/generic/gettitlestring/gettitlestring.sty
Package: gettitlestring 2019/12/15 v1.6 Cleanup title references (HO)
(c:/Users/KatieVH/AppData/Roaming/TinyTeX/texmf-dist/tex/latex/kvoptions/kvoptions.sty
Package: kvoptions 2022-06-15 v3.15 Key value format for package options (HO)
))
\c@section@level=\count270
)
\@linkdim=\dimen143
\Hy@linkcounter=\count271
\Hy@pagecounter=\count272
(c:/Users/KatieVH/AppData/Roaming/TinyTeX/texmf-dist/tex/latex/hyperref/pd1enc.def
File: pd1enc.def 2023-02-07 v7.00v Hyperref: PDFDocEncoding definition (HO)
) (c:/Users/KatieVH/AppData/Roaming/TinyTeX/texmf-dist/tex/generic/intcalc/intcalc.sty
Package: intcalc 2019/12/15 v1.3 Expandable calculations with integers (HO)
) (c:/Users/KatieVH/AppData/Roaming/TinyTeX/texmf-dist/tex/generic/etexcmds/etexcmds.sty
Package: etexcmds 2019/12/15 v1.7 Avoid name clashes with e-TeX commands (HO)
)
\Hy@SavedSpaceFactor=\count273
(c:/Users/KatieVH/AppData/Roaming/TinyTeX/texmf-dist/tex/latex/hyperref/puenc.def
File: puenc.def 2023-02-07 v7.00v Hyperref: PDF Unicode definition (HO)
)
Package hyperref Info: Option `unicode' set `true' on input line 4060.
Package hyperref Info: Hyper figures OFF on input line 4177.
Package hyperref Info: Link nesting OFF on input line 4182.
Package hyperref Info: Hyper index ON on input line 4185.
Package hyperref Info: Plain pages OFF on input line 4192.
Package hyperref Info: Backreferencing OFF on input line 4197.
Package hyperref Info: Implicit mode ON; LaTeX internals redefined.
Package hyperref Info: Bookmarks ON on input line 4425.
\c@Hy@tempcnt=\count274
(c:/Users/KatieVH/AppData/Roaming/TinyTeX/texmf-dist/tex/latex/url/url.sty
\Urlmuskip=\muskip16
Package: url 2013/09/16  ver 3.4  Verb mode for urls, etc.
)
LaTeX Info: Redefining \url on input line 4763.
\XeTeXLinkMargin=\dimen144
(c:/Users/KatieVH/AppData/Roaming/TinyTeX/texmf-dist/tex/generic/bitset/bitset.sty
Package: bitset 2019/12/09 v1.3 Handle bit-vector datatype (HO)
(c:/Users/KatieVH/AppData/Roaming/TinyTeX/texmf-dist/tex/generic/bigintcalc/bigintcalc.sty
Package: bigintcalc 2019/12/15 v1.5 Expandable calculations on big integers (HO)
))
\Fld@menulength=\count275
\Field@Width=\dimen145
\Fld@charsize=\dimen146
Package hyperref Info: Hyper figures OFF on input line 6042.
Package hyperref Info: Link nesting OFF on input line 6047.
Package hyperref Info: Hyper index ON on input line 6050.
Package hyperref Info: backreferencing OFF on input line 6057.
Package hyperref Info: Link coloring OFF on input line 6062.
Package hyperref Info: Link coloring with OCG OFF on input line 6067.
Package hyperref Info: PDF/A mode OFF on input line 6072.
(c:/Users/KatieVH/AppData/Roaming/TinyTeX/texmf-dist/tex/latex/base/atbegshi-ltx.sty
Package: atbegshi-ltx 2021/01/10 v1.0c Emulation of the original atbegshi
package with kernel methods
)
\Hy@abspage=\count276
\c@Item=\count277
\c@Hfootnote=\count278
)
Package hyperref Info: Driver (autodetected): hluatex.
(c:/Users/KatieVH/AppData/Roaming/TinyTeX/texmf-dist/tex/latex/hyperref/hluatex.def
File: hluatex.def 2023-02-07 v7.00v Hyperref driver for luaTeX
(c:/Users/KatieVH/AppData/Roaming/TinyTeX/texmf-dist/tex/generic/stringenc/stringenc.sty
Package: stringenc 2019/11/29 v1.12 Convert strings between diff. encodings (HO)
) (c:/Users/KatieVH/AppData/Roaming/TinyTeX/texmf-dist/tex/latex/base/atveryend-ltx.sty
Package: atveryend-ltx 2020/08/19 v1.0a Emulation of the original atveryend package
with kernel methods
)
\Fld@listcount=\count279
\c@bookmark@seq@number=\count280
(c:/Users/KatieVH/AppData/Roaming/TinyTeX/texmf-dist/tex/latex/rerunfilecheck/rerunfilecheck.sty
Package: rerunfilecheck 2022-07-10 v1.10 Rerun checks for auxiliary files (HO)
(c:/Users/KatieVH/AppData/Roaming/TinyTeX/texmf-dist/tex/generic/uniquecounter/uniquecounter.sty
Package: uniquecounter 2019/12/15 v1.4 Provide unlimited unique counter (HO)
)
Package uniquecounter Info: New unique counter `rerunfilecheck' on input line 285.
)
\Hy@SectionHShift=\skip50
) (c:/Users/KatieVH/AppData/Roaming/TinyTeX/texmf-dist/tex/latex/geometry/geometry.sty
Package: geometry 2020/01/02 v5.9 Page Geometry
(c:/Users/KatieVH/AppData/Roaming/TinyTeX/texmf-dist/tex/generic/iftex/ifvtex.sty
Package: ifvtex 2019/10/25 v1.7 ifvtex legacy package. Use iftex instead.
)
\Gm@cnth=\count281
\Gm@cntv=\count282
\c@Gm@tempcnt=\count283
\Gm@bindingoffset=\dimen147
\Gm@wd@mp=\dimen148
\Gm@odd@mp=\dimen149
\Gm@even@mp=\dimen150
\Gm@layoutwidth=\dimen151
\Gm@layoutheight=\dimen152
\Gm@layouthoffset=\dimen153
\Gm@layoutvoffset=\dimen154
\Gm@dimlist=\toks22
) (c:/Users/KatieVH/AppData/Roaming/TinyTeX/texmf-dist/tex/latex/tools/longtable.sty
Package: longtable 2021-09-01 v4.17 Multi-page Table package (DPC)
\LTleft=\skip51
\LTright=\skip52
\LTpre=\skip53
\LTpost=\skip54
\LTchunksize=\count284
\LTcapwidth=\dimen155
\LT@head=\box52
\LT@firsthead=\box53
\LT@foot=\box54
\LT@lastfoot=\box55
\LT@gbox=\box56
\LT@cols=\count285
\LT@rows=\count286
\c@LT@tables=\count287
\c@LT@chunks=\count288
\LT@p@ftn=\toks23
) (c:/Users/KatieVH/AppData/Roaming/TinyTeX/texmf-dist/tex/latex/booktabs/booktabs.sty
Package: booktabs 2020/01/12 v1.61803398 Publication quality tables
\heavyrulewidth=\dimen156
\lightrulewidth=\dimen157
\cmidrulewidth=\dimen158
\belowrulesep=\dimen159
\belowbottomsep=\dimen160
\aboverulesep=\dimen161
\abovetopsep=\dimen162
\cmidrulesep=\dimen163
\cmidrulekern=\dimen164
\defaultaddspace=\dimen165
\@cmidla=\count289
\@cmidlb=\count290
\@aboverulesep=\dimen166
\@belowrulesep=\dimen167
\@thisruleclass=\count291
\@lastruleclass=\count292
\@thisrulewidth=\dimen168
) (c:/Users/KatieVH/AppData/Roaming/TinyTeX/texmf-dist/tex/latex/mdwtools/footnote.sty
Package: footnote 1997/01/28 1.13 Save footnotes around boxes
\fn@notes=\box57
\fn@width=\dimen169
) (c:/Users/KatieVH/AppData/Roaming/TinyTeX/texmf-dist/tex/latex/parskip/parskip.sty
Package: parskip 2021-03-14 v2.0h non-zero parskip adjustments
(c:/Users/KatieVH/AppData/Roaming/TinyTeX/texmf-dist/tex/latex/etoolbox/etoolbox.sty
Package: etoolbox 2020/10/05 v2.5k e-TeX tools for LaTeX (JAW)
\etb@tempcnta=\count293
)) (c:/Users/KatieVH/AppData/Roaming/TinyTeX/texmf-dist/tex/latex/paralist/paralist.sty
Package: paralist 2017/01/22 v2.7 Extended list environments
\pltopsep=\skip55
\plpartopsep=\skip56
\plitemsep=\skip57
\plparsep=\skip58
\pl@lab=\toks24
) (c:/Users/KatieVH/AppData/Roaming/TinyTeX/texmf-dist/tex/latex/ragged2e/ragged2e.sty
Package: ragged2e 2023/02/25 v3.4 ragged2e Package
\CenteringLeftskip=\skip59
\RaggedLeftLeftskip=\skip60
\RaggedRightLeftskip=\skip61
\CenteringRightskip=\skip62
\RaggedLeftRightskip=\skip63
\RaggedRightRightskip=\skip64
\CenteringParfillskip=\skip65
\RaggedLeftParfillskip=\skip66
\RaggedRightParfillskip=\skip67
\JustifyingParfillskip=\skip68
\CenteringParindent=\skip69
\RaggedLeftParindent=\skip70
\RaggedRightParindent=\skip71
\JustifyingParindent=\skip72
) (c:/Users/KatieVH/AppData/Roaming/TinyTeX/texmf-dist/tex/latex/datetime/datetime.sty
Package: datetime 2015/03/20 v2.60 Date Time Package
(c:/Users/KatieVH/AppData/Roaming/TinyTeX/texmf-dist/tex/latex/fmtcount/fmtcount.sty
Package: fmtcount 2020/01/30 v3.07
(c:/Users/KatieVH/AppData/Roaming/TinyTeX/texmf-dist/tex/latex/base/ifthen.sty
Package: ifthen 2022/04/13 v1.1d Standard LaTeX ifthen package (DPC)
) (c:/Users/KatieVH/AppData/Roaming/TinyTeX/texmf-dist/tex/latex/fmtcount/fcprefix.sty
Package: fcprefix 2012/09/28
(c:/Users/KatieVH/AppData/Roaming/TinyTeX/texmf-dist/tex/latex/fmtcount/fcnumparser.sty
Package: fcnumparser 2017/06/15
\fc@digit@counter=\count294
)) (c:/Users/KatieVH/AppData/Roaming/TinyTeX/texmf-dist/tex/latex/amsmath/amsgen.sty
File: amsgen.sty 1999/11/30 v2.0 generic functions
\@emptytoks=\toks25
\ex@=\dimen170
)
\c@padzeroesN=\count295
\fc@tmpcatcode=\count296
\@DT@modctr=\count297
\@ordinalctr=\count298
\@orgargctr=\count299
\@strctr=\count300
\@tmpstrctr=\count301
\@DT@loopN=\count302
\@DT@X=\count303
) (c:/Users/KatieVH/AppData/Roaming/TinyTeX/texmf-dist/tex/latex/datetime/datetime-defaults.sty
Package: datetime-defaults 2013/09/10
)
\@day=\count304
\@month=\count305
\@year=\count306
\c@HOUR=\count307
\c@HOURXII=\count308
\c@MINUTE=\count309
\c@TOHOUR=\count310
\c@TOMINUTE=\count311
\c@SECOND=\count312
\currenthour=\count313
\currentminute=\count314
\currentsecond=\count315
Package datetime Info: No datetime.cfg file found, using default settings on input line 308.
\@dtctr=\count316
\dayofyear=\count317
\dayofweek=\count318
LaTeX Info: Redefining \today on input line 736.
\dt@a=\toks26
\dt@b=\toks27
) (c:/Users/KatieVH/AppData/Roaming/TinyTeX/texmf-dist/tex/latex/fancyhdr/fancyhdr.sty
Package: fancyhdr 2022/11/09 v4.1 Extensive control of page headers and footers
\f@nch@headwidth=\skip73
\f@nch@O@elh=\skip74
\f@nch@O@erh=\skip75
\f@nch@O@olh=\skip76
\f@nch@O@orh=\skip77
\f@nch@O@elf=\skip78
\f@nch@O@erf=\skip79
\f@nch@O@olf=\skip80
\f@nch@O@orf=\skip81
) (c:/Users/KatieVH/AppData/Roaming/TinyTeX/texmf-dist/tex/latex/enumitem/enumitem.sty
Package: enumitem 2019/06/20 v3.9 Customized lists
\labelindent=\skip82
\enit@outerparindent=\dimen171
\enit@toks=\toks28
\enit@inbox=\box58
\enit@count@id=\count319
\enitdp@description=\count320
) (c:/Users/KatieVH/AppData/Roaming/TinyTeX/texmf-dist/tex/latex/psnfss/pifont.sty
Package: pifont 2020/03/25 PSNFSS-v9.3 Pi font support (SPQR) 
LaTeX Font Info:    Trying to load font information for U+pzd on input line 63.
(c:/Users/KatieVH/AppData/Roaming/TinyTeX/texmf-dist/tex/latex/psnfss/upzd.fd
File: upzd.fd 2001/06/04 font definitions for U/pzd.
)
LaTeX Font Info:    Trying to load font information for U+psy on input line 64.
(c:/Users/KatieVH/AppData/Roaming/TinyTeX/texmf-dist/tex/latex/psnfss/upsy.fd
File: upsy.fd 2001/06/04 font definitions for U/psy.
)) (c:/Users/KatieVH/AppData/Roaming/TinyTeX/texmf-dist/tex/latex/titlesec/titlesec.sty
Package: titlesec 2021/07/05 v2.14 Sectioning titles
\ttl@box=\box59
\beforetitleunit=\skip83
\aftertitleunit=\skip84
\ttl@plus=\dimen172
\ttl@minus=\dimen173
\ttl@toksa=\toks29
\titlewidth=\dimen174
\titlewidthlast=\dimen175
\titlewidthfirst=\dimen176
) (c:/Users/KatieVH/AppData/Roaming/TinyTeX/texmf-dist/tex/latex/tools/tabularx.sty
Package: tabularx 2020/01/15 v2.11c `tabularx' package (DPC)
(c:/Users/KatieVH/AppData/Roaming/TinyTeX/texmf-dist/tex/latex/tools/array.sty
Package: array 2022/09/04 v2.5g Tabular extension package (FMi)
\col@sep=\dimen177
\ar@mcellbox=\box60
\extrarowheight=\dimen178
\NC@list=\toks30
\extratabsurround=\skip85
\backup@length=\skip86
\ar@cellbox=\box61
)
\TX@col@width=\dimen179
\TX@old@table=\dimen180
\TX@old@col=\dimen181
\TX@target=\dimen182
\TX@delta=\dimen183
\TX@cols=\count321
\TX@ftn=\toks31
) (c:/Users/KatieVH/AppData/Roaming/TinyTeX/texmf-dist/tex/latex/tools/calc.sty
Package: calc 2017/05/25 v4.3 Infix arithmetic (KKT,FJ)
\calc@Acount=\count322
\calc@Bcount=\count323
\calc@Adimen=\dimen184
\calc@Bdimen=\dimen185
\calc@Askip=\skip87
\calc@Bskip=\skip88
LaTeX Info: Redefining \setlength on input line 80.
LaTeX Info: Redefining \addtolength on input line 81.
\calc@Ccount=\count324
\calc@Cskip=\skip89
)
\headerboxwidth=\skip90
(c:/Users/KatieVH/AppData/Roaming/TinyTeX/texmf-dist/tex/latex/fontawesome5/fontawesome5.sty
Package: fontawesome5 2022/05/02 v5.15.4 Font Awesome 5
(c:/Users/KatieVH/AppData/Roaming/TinyTeX/texmf-dist/tex/latex/l3packages/l3keys2e/l3keys2e.sty
Package: l3keys2e 2023-02-02 LaTeX2e option processing using LaTeX3 keys
) (c:/Users/KatieVH/AppData/Roaming/TinyTeX/texmf-dist/tex/latex/fontawesome5/fontawesome5-utex-helper.sty
Package: fontawesome5-utex-helper 2022/05/02 v5.15.4 uTeX helper for fontawesome5
(c:/Users/KatieVH/AppData/Roaming/TinyTeX/texmf-dist/tex/luatex/luatexbase/luatexbase.sty
Package: luatexbase 2015/10/04 v1.3 luatexbase interface to LuaTeX 
(c:/Users/KatieVH/AppData/Roaming/TinyTeX/texmf-dist/tex/luatex/ctablestack/ctablestack.sty
Package: ctablestack 2015/10/01 v1.0 Catcode table stable support
\@catcodetablestackcnt=\count325
)
\CatcodeTableOther=\catcodetable12
\CatcodeTableExpl=\catcodetable13
)
LaTeX Font Info:    Trying to load font information for TU+fontawesomefree on input line 69.
(c:/Users/KatieVH/AppData/Roaming/TinyTeX/texmf-dist/tex/latex/fontawesome5/tufontawesomefree.fd)
LaTeX Font Info:    Trying to load font information for TU+fontawesomebrands on input line 70.
(c:/Users/KatieVH/AppData/Roaming/TinyTeX/texmf-dist/tex/latex/fontawesome5/tufontawesomebrands.fd)))
\cslhangindent=\skip91
\csllabelwidth=\skip92
(./K_Von_Holzen_CV_Rotterdam.aux)
\openout1 = K_Von_Holzen_CV_Rotterdam.aux

LaTeX Font Info:    Checking defaults for OML/cmm/m/it on input line 186.
LaTeX Font Info:    ... okay on input line 186.
LaTeX Font Info:    Checking defaults for OMS/cmsy/m/n on input line 186.
LaTeX Font Info:    ... okay on input line 186.
LaTeX Font Info:    Checking defaults for OT1/cmr/m/n on input line 186.
LaTeX Font Info:    ... okay on input line 186.
LaTeX Font Info:    Checking defaults for T1/cmr/m/n on input line 186.
LaTeX Font Info:    ... okay on input line 186.
LaTeX Font Info:    Checking defaults for TS1/cmr/m/n on input line 186.
LaTeX Font Info:    Trying to load font information for TS1+cmr on input line 186.
(c:/Users/KatieVH/AppData/Roaming/TinyTeX/texmf-dist/tex/latex/base/ts1cmr.fd
File: ts1cmr.fd 2022/07/10 v2.5l Standard LaTeX font definitions
)
LaTeX Font Info:    ... okay on input line 186.
LaTeX Font Info:    Checking defaults for TU/lmr/m/n on input line 186.
LaTeX Font Info:    ... okay on input line 186.
LaTeX Font Info:    Checking defaults for OMX/cmex/m/n on input line 186.
LaTeX Font Info:    ... okay on input line 186.
LaTeX Font Info:    Checking defaults for U/cmr/m/n on input line 186.
LaTeX Font Info:    ... okay on input line 186.
LaTeX Font Info:    Checking defaults for PD1/pdf/m/n on input line 186.
LaTeX Font Info:    ... okay on input line 186.
LaTeX Font Info:    Checking defaults for PU/pdf/m/n on input line 186.
LaTeX Font Info:    ... okay on input line 186.

Package fontspec Info: Adjusting the maths setup (use [no-math] to avoid
(fontspec)             this).

\symlegacymaths=\mathgroup4
LaTeX Font Info:    Overwriting symbol font `legacymaths' in version `bold'
(Font)                  OT1/cmr/m/n --> OT1/cmr/bx/n on input line 186.
LaTeX Font Info:    Redeclaring math accent \acute on input line 186.
LaTeX Font Info:    Redeclaring math accent \grave on input line 186.
LaTeX Font Info:    Redeclaring math accent \ddot on input line 186.
LaTeX Font Info:    Redeclaring math accent \tilde on input line 186.
LaTeX Font Info:    Redeclaring math accent \bar on input line 186.
LaTeX Font Info:    Redeclaring math accent \breve on input line 186.
LaTeX Font Info:    Redeclaring math accent \check on input line 186.
LaTeX Font Info:    Redeclaring math accent \hat on input line 186.
LaTeX Font Info:    Redeclaring math accent \dot on input line 186.
LaTeX Font Info:    Redeclaring math accent \mathring on input line 186.
LaTeX Font Info:    Redeclaring math symbol \colon on input line 186.
LaTeX Font Info:    Redeclaring math symbol \Gamma on input line 186.
LaTeX Font Info:    Redeclaring math symbol \Delta on input line 186.
LaTeX Font Info:    Redeclaring math symbol \Theta on input line 186.
LaTeX Font Info:    Redeclaring math symbol \Lambda on input line 186.
LaTeX Font Info:    Redeclaring math symbol \Xi on input line 186.
LaTeX Font Info:    Redeclaring math symbol \Pi on input line 186.
LaTeX Font Info:    Redeclaring math symbol \Sigma on input line 186.
LaTeX Font Info:    Redeclaring math symbol \Upsilon on input line 186.
LaTeX Font Info:    Redeclaring math symbol \Phi on input line 186.
LaTeX Font Info:    Redeclaring math symbol \Psi on input line 186.
LaTeX Font Info:    Redeclaring math symbol \Omega on input line 186.
LaTeX Font Info:    Redeclaring math symbol \mathdollar on input line 186.
LaTeX Font Info:    Redeclaring symbol font `operators' on input line 186.
LaTeX Font Info:    Encoding `OT1' has changed to `TU' for symbol font
(Font)              `operators' in the math version `normal' on input line 186.
LaTeX Font Info:    Overwriting symbol font `operators' in version `normal'
(Font)                  OT1/cmr/m/n --> TU/lmr/m/n on input line 186.
LaTeX Font Info:    Encoding `OT1' has changed to `TU' for symbol font
(Font)              `operators' in the math version `bold' on input line 186.
LaTeX Font Info:    Overwriting symbol font `operators' in version `bold'
(Font)                  OT1/cmr/bx/n --> TU/lmr/m/n on input line 186.
LaTeX Font Info:    Overwriting symbol font `operators' in version `normal'
(Font)                  TU/lmr/m/n --> TU/lmr/m/n on input line 186.
LaTeX Font Info:    Overwriting math alphabet `\mathit' in version `normal'
(Font)                  OT1/cmr/m/it --> TU/lmr/m/it on input line 186.
LaTeX Font Info:    Overwriting math alphabet `\mathbf' in version `normal'
(Font)                  OT1/cmr/bx/n --> TU/lmr/b/n on input line 186.
LaTeX Font Info:    Overwriting math alphabet `\mathsf' in version `normal'
(Font)                  OT1/cmss/m/n --> TU/Carlito(0)/m/n on input line 186.
LaTeX Font Info:    Overwriting math alphabet `\mathtt' in version `normal'
(Font)                  OT1/cmtt/m/n --> TU/lmtt/m/n on input line 186.
LaTeX Font Info:    Overwriting symbol font `operators' in version `bold'
(Font)                  TU/lmr/m/n --> TU/lmr/b/n on input line 186.
LaTeX Font Info:    Overwriting math alphabet `\mathit' in version `bold'
(Font)                  OT1/cmr/bx/it --> TU/lmr/b/it on input line 186.
LaTeX Font Info:    Overwriting math alphabet `\mathsf' in version `bold'
(Font)                  OT1/cmss/bx/n --> TU/Carlito(0)/b/n on input line 186.
LaTeX Font Info:    Overwriting math alphabet `\mathtt' in version `bold'
(Font)                  OT1/cmtt/m/n --> TU/lmtt/b/n on input line 186.
Package hyperref Info: Link coloring OFF on input line 186.
(./K_Von_Holzen_CV_Rotterdam.out) (./K_Von_Holzen_CV_Rotterdam.out)
\@outlinefile=\write3

\openout3 = K_Von_Holzen_CV_Rotterdam.out
*geometry* driver: auto-detecting
*geometry* detected driver: luatex
*geometry* verbose mode - [ preamble ] result:
* driver: luatex
* paper: a4paper
* layout: <same size as paper>
* layoutoffset:(h,v)=(0.0pt,0.0pt)
* modes: 
* h-part:(L,W,R)=(49.79231pt, 497.92325pt, 49.79231pt)
* v-part:(T,H,B)=(62.59596pt, 725.54538pt, 56.9055pt)
* \paperwidth=597.50787pt
* \paperheight=845.04684pt
* \textwidth=497.92325pt
* \textheight=725.54538pt
* \oddsidemargin=-22.47768pt
* \evensidemargin=-22.47768pt
* \topmargin=-46.67403pt
* \headheight=15.0pt
* \headsep=25.0pt
* \topskip=10.0pt
* \footskip=30.0pt
* \marginparwidth=57.0pt
* \marginparsep=11.0pt
* \columnsep=10.0pt
* \skip\footins=9.0pt plus 4.0pt minus 2.0pt
* \hoffset=0.0pt
* \voffset=0.0pt
* \mag=1000
* \@twocolumnfalse
* \@twosidefalse
* \@mparswitchfalse
* \@reversemarginfalse
* (1in=72.27pt=25.4mm, 1cm=28.453pt)

(c:/Users/KatieVH/AppData/Roaming/TinyTeX/texmf-dist/tex/latex/fmtcount/fc-english.def
File: fc-english.def 2016/01/12
)
LaTeX Font Info:    Font shape `TU/Carlito(0)/m/n' will be
(Font)              scaled to size 10.0pt on input line 187.
LaTeX Font Info:    External font `cmex10' loaded for size
(Font)              <7> on input line 187.
LaTeX Font Info:    External font `cmex10' loaded for size
(Font)              <5> on input line 187.
LaTeX Font Info:    Font shape `TU/Carlito(0)/m/n' will be
(Font)              scaled to size 17.28pt on input line 187.
LaTeX Font Info:    Font shape `TU/Carlito(0)/b/n' will be
(Font)              scaled to size 17.28pt on input line 187.
LaTeX Font Info:    Font shape `TU/Carlito(0)/m/n' will be
(Font)              scaled to size 12.0pt on input line 187.
LaTeX Font Info:    Font shape `TU/Carlito(0)/b/n' will be
(Font)              scaled to size 10.0pt on input line 187.
LaTeX Font Info:    Font shape `TU/Carlito(0)/m/n' will be
(Font)              scaled to size 9.0pt on input line 187.
LaTeX Font Info:    External font `cmex10' loaded for size
(Font)              <9> on input line 187.
LaTeX Font Info:    External font `cmex10' loaded for size
(Font)              <6> on input line 187.

Overfull \hbox (6.79999pt too wide) in paragraph at lines 187--188
[][][][] 
 []

LaTeX Font Info:    Font shape `TU/Carlito(0)/b/n' will be
(Font)              scaled to size 12.0pt on input line 191.

LaTeX Font Warning: Font shape `T1/Carlito(0)/b/n' undefined
(Font)              using `T1/Carlito(0)/m/n' instead on input line 198.


Package hyperref Warning: The anchor of a bookmark and its parent's must not
(hyperref)                be the same. Added a new anchor on input line 230.


LaTeX Font Warning: Font shape `T1/Carlito(0)/m/it' undefined
(Font)              using `T1/Carlito(0)/m/n' instead on input line 238.


Underfull \hbox (badness 10000) in paragraph at lines 238--238
[]\T1/Carlito(0)/b/n/10 Von Holzen, K., van Om-men, S., White, K., & Nazzi, T. (2022). The im-pact of phono-log-i-cal bi-
 []


Underfull \hbox (badness 10000) in paragraph at lines 238--238
\T1/Carlito(0)/b/n/10 ases on mis-pro-nun-ci-a-tion sen-si-tiv-ity and novel ac-cent adap-ta-tion. Open Sci-ence Foun-da-tion.
 []


Underfull \hbox (badness 10000) in paragraph at lines 244--244
[]\T1/Carlito(0)/m/it/10 Von Holzen, K., & Bergmann, C. (2021). In-fant Mis-pro-nun-ci-a-tion Sen-si-tiv-ity Meta-Analysis (In-Mis-
 []


Underfull \hbox (badness 10000) in paragraph at lines 347--347
\T1/Carlito(0)/m/it/10 Com-par-a-tive and Evo-lu-tion-ary Bi-ol-ogy of Hear-ing, NIH Post-doc Train-ing Grant,
 []

[1

{c:/Users/KatieVH/AppData/Roaming/TinyTeX/texmf-var/fonts/map/pdftex/updmap/pdftex.map}]
Underfull \hbox (badness 10000) in paragraph at lines 367--367
\T1/Carlito(0)/m/it/10 For im-prov-ing psy-cho-log-i-cal sci-ence in the face of chal-lenge, as con-trib-u-tor to the Many-Ba-bies1
 []


Underfull \hbox (badness 10000) in paragraph at lines 372--372
[]\T1/Carlito(0)/m/it/10 Berke-ley Ini-tia-tive for Trans-parency in the So-cial Sci-ences (BITSS) Meta-Analysis Chal-lenge
 []


Underfull \hbox (badness 10000) in paragraph at lines 377--377
\T1/Carlito(0)/m/it/10 Travel award for the Pots-dam Sum-mer School, In-fant Stud-ies on Lan-guage De-vel-op-ment in
 []


Overfull \hbox (15.48776pt too wide) in alignment at lines 403--419
[] []
 []


warning  (pdf backend): ignoring duplicate destination with the name 'bibliography'

Underfull \hbox (badness 10000) in paragraph at lines 433--433
[]\T1/Carlito(0)/m/it/10 Von Holzen, K., van Om-men, S., White, K., & Nazzi, T. (2022). The im-pact of phono-log-i-cal bi-ases
 []


Underfull \hbox (badness 10000) in paragraph at lines 433--433
\T1/Carlito(0)/m/it/10 on mis-pro-nun-ci-a-tion sen-si-tiv-ity and novel ac-cent adap-ta-tion. Lan-guage Learn-ing and De-vel-op-ment.
 []


Underfull \hbox (badness 10000) in paragraph at lines 440--440
[]\T1/Carlito(0)/m/it/10 Von Holzen, K., & Bergmann, C. (2021). The de-vel-op-ment of in-fants' re-sponses to mis-pro-nun-ci-a-tions:
 []


Underfull \hbox (badness 10000) in paragraph at lines 448--448
[]\T1/Carlito(0)/m/it/10 Many-Ba-bi-esCon-sor-tium. (2020). Quan-ti-fy-ing sources of vari-abil-ity in in-fancy re-search us-ing the
 []


Underfull \hbox (badness 10000) in paragraph at lines 448--448
\T1/Carlito(0)/m/it/10 infant-directed speech pref-er-ence. Ad-vances in Meth-ods and Prac-tices in Psy-cho-log-i-cal Sci-ence, 3(1),
 []


Package hyperref Warning: The anchor of a bookmark and its parent's must not
(hyperref)                be the same. Added a new anchor on input line 452.


warning  (pdf backend): ignoring duplicate destination with the name 'bibliography'

Underfull \hbox (badness 10000) in paragraph at lines 460--460
[]\T1/Carlito(0)/m/it/10 Kosie, J., Zetter-sten, M., & The Many-Ba-bies5 Team. (n.d.). Many-Ba-bies5: A large-scale in-ves-ti-ga-
 []


Underfull \hbox (badness 10000) in paragraph at lines 460--460
\T1/Carlito(0)/m/it/10 tion of the pro-posed shift from fa-mil-iar-ity pref-er-ence to nov-elty pref-er-ence in in-fant look-ing time.
 []


Package hyperref Warning: The anchor of a bookmark and its parent's must not
(hyperref)                be the same. Added a new anchor on input line 466.

[2]
Underfull \hbox (badness 10000) in paragraph at lines 484--484
[]\T1/Carlito(0)/m/it/10 Work-shop se-ries with TU Dort-mund and TU Braun-schweig
 []


Underfull \hbox (badness 10000) in paragraph at lines 484--484
\T1/Carlito(0)/m/it/10 (https://book-down.org/katie_m_von-holzen/Eye-track-ing_Sta-tis-ti-
 []


Underfull \hbox (badness 10000) in paragraph at lines 493--493
[]\T1/Carlito(0)/m/it/10 Doc-toral stu-dents, post-doc-toral re-searchers, and fac-ulty, Uni-ver-site Paris
 []


Underfull \hbox (badness 10000) in paragraph at lines 502--502
[]\T1/Carlito(0)/m/it/10 Doc-toral stu-dents, Re-search Train-ing Group 2070, Georg-August-
 []


Underfull \hbox (badness 10000) in paragraph at lines 511--511
[]\T1/Carlito(0)/m/it/10 Doc-toral stu-dents, post-doc-toral re-searchers, and fac-ulty, Uni-ver-site Paris
 []


Package hyperref Warning: The anchor of a bookmark and its parent's must not
(hyperref)                be the same. Added a new anchor on input line 518.


Underfull \hbox (badness 10000) in paragraph at lines 547--547
[]\T1/Carlito(0)/m/it/10 Wort-seg-men-tierung: Erken-nt-nisse aus der Psycho- und Neu-rolin-guis-tik (Word seg-men-ta-tion:
 []


Underfull \hbox (badness 10000) in paragraph at lines 565--565
[]\T1/Carlito(0)/m/it/10 Zwei Sprachen, ein Gehirn: Bilin-gual-is-mus und dessen Kon-se-quen-zen (Two Lan-guages, One
 []


Underfull \hbox (badness 10000) in paragraph at lines 589--589
[]\T1/Carlito(0)/m/it/10 Should I Buy That? Com-par-ing Me-dia Claims with Sci-en-tific Ev-i-dence from Brain & Be-hav-ior
 []


Underfull \hbox (badness 10000) in paragraph at lines 589--589
[]\T1/Carlito(0)/m/it/10 Eval-u-a-tion: 'I learned a lot from this course'- 3.03 (Dis-agree - 0 to
 []

[3]

Package hyperref Warning: The anchor of a bookmark and its parent's must not
(hyperref)                be the same. Added a new anchor on input line 606.


Overfull \hbox (8.82272pt too wide) in alignment at lines 608--614
[] []
 []


Underfull \hbox (badness 10000) in paragraph at lines 624--624
\T1/Carlito(0)/m/it/10 Ini-tial Steps into For-eign Lan-guage Learn-ing: Lex-i-cal and Mor-phosyn-tac-tic Abil-i-ties of Pri-mary
 []


Overfull \hbox (8.82272pt too wide) in alignment at lines 619--630
[] []
 []


Package hyperref Warning: The anchor of a bookmark and its parent's must not
(hyperref)                be the same. Added a new anchor on input line 637.


warning  (pdf backend): ignoring duplicate destination with the name 'bibliography'

Underfull \hbox (badness 10000) in paragraph at lines 644--644
[]\T1/Carlito(0)/m/it/10 Von Holzen, K. (2022). Us-ing cluster-based per-mu-ta-tion tests to anal-yse eye-tracking data. Pre-sented
 []


Underfull \hbox (badness 10000) in paragraph at lines 651--651
[]\T1/Carlito(0)/m/it/10 Von Holzen, K. (2021). Ba-bies know words, even when they're mis-pro-nounced: An in-tro-duc-tion to
 []


Underfull \hbox (badness 10000) in paragraph at lines 651--651
\T1/Carlito(0)/m/it/10 meta-analyses. Pre-sented at the Ger-man Sem-i-nar Col-lo-quium, Albert-Ludwigs Uni-ver-si-taet Freiburg,
 []


Underfull \hbox (badness 10000) in paragraph at lines 659--659
[]\T1/Carlito(0)/m/it/10 Von Holzen, K. (2020). Ba-bies know words, even when they're mis-pro-nounced: A meta-analysis of
 []


Underfull \hbox (badness 10000) in paragraph at lines 659--659
\T1/Carlito(0)/m/it/10 mis-pro-nun-ci-a-tion sen-si-tiv-ity stud-ies. Pre-sented at the Team Meet-ing of the Lan-guage and Cog-ni-tion
 []


Underfull \hbox (badness 10000) in paragraph at lines 666--666
[]\T1/Carlito(0)/m/it/10 Von Holzen, K. (2019). Ba-bies know words, even when they're mis-pro-nounced: A meta-analysis of
 []


Underfull \hbox (badness 10000) in paragraph at lines 666--666
\T1/Carlito(0)/m/it/10 mis-pro-nun-ci-a-tion sen-si-tiv-ity. Pre-sented at the Lin-guis-tics De-part-ment, City Uni-ver-sity of New York,
 []


warning  (pdf backend): ignoring duplicate destination with the name 'bibliography'

Underfull \hbox (badness 10000) in paragraph at lines 678--678
[]\T1/Carlito(0)/m/it/10 Von Holzen, K., Bergmann, C., & ManyBabies-AtHome-Consortium. (2022). ManyBabies-AtHome
 []


Underfull \hbox (badness 10000) in paragraph at lines 678--678
\T1/Carlito(0)/m/it/10 look-ing while lis-ten-ing: Con-struct-ing an on-line, cross-linguistic in-ves-ti-ga-tion of word recog-ni-tion. Pre-
 []


Underfull \hbox (badness 10000) in paragraph at lines 684--684
[]\T1/Carlito(0)/m/it/10 Von Holzen, K., & ManyBabies-AtHome-Consortium. (2022). ManyBabies-AtHome. Pre-sented at the
 []


Underfull \hbox (badness 10000) in paragraph at lines 691--691
[]\T1/Carlito(0)/m/it/10 Boveleth, J., & Von Holzen, K. (2021). The dif-fer-ence in the vo-cab-u-lary size of chil-dren with und
 []


Underfull \hbox (badness 10000) in paragraph at lines 691--691
\T1/Carlito(0)/m/it/10 with-out down syn-drome: A meta anal-y-sis. Pre-sented at the Muen-ster Con-fer-ence Lin-guis-tic Rep-re-
 []


Underfull \hbox (badness 10000) in paragraph at lines 699--699
[]\T1/Carlito(0)/m/it/10 Von Holzen, K., & Bergmann, C. (2019). Can a tog be a dog? A meta-analysis of ex-per-i-men-tal fac-tors
 []


Underfull \hbox (badness 10000) in paragraph at lines 699--699
\T1/Carlito(0)/m/it/10 in-flu-enc-ing in-fants' mis-pro-nun-ci-a-tion sen-si-tiv-ity. In Gonzalez-Gomez, N. (Chair), Big ideas to tackle
 []


Underfull \hbox (badness 10000) in paragraph at lines 699--699
\T1/Carlito(0)/m/it/10 small sam-ples. Pre-sented at the Bi-en-nial Meet-ing of the So-ci-ety for Re-search in Child De-vel-op-ment,
 []


Underfull \hbox (badness 10000) in paragraph at lines 706--706
[]\T1/Carlito(0)/m/it/10 Von Holzen, K., & Bergmann, C. (2018). A meta-analysis of in-fants' mis-pro-nun-ci-a-tion sen-si-tiv-ity
 []


Underfull \hbox (badness 10000) in paragraph at lines 706--706
\T1/Carlito(0)/m/it/10 de-vel-op-ment. Pre-sented at the 40th An-nual Meet-ing of the Cog-ni-tive Sci-ence So-ci-ety, Madi-son, WI,
 []


warning  (pdf backend): ignoring duplicate destination with the name 'bibliography'

Underfull \hbox (badness 10000) in paragraph at lines 719--719
[]\T1/Carlito(0)/m/it/10 Von Holzen, K., Bergmann, C., & ManyBabies-AtHome-Consortium. (2022). ManyBabies-AtHome
 []


Underfull \hbox (badness 10000) in paragraph at lines 719--719
\T1/Carlito(0)/m/it/10 look-ing while lis-ten-ing: Con-struct-ing an on-line, cross-linguistic in-ves-ti-ga-tion of word recog-ni-tion. Pre-
 []


Underfull \hbox (badness 10000) in paragraph at lines 726--726
[]\T1/Carlito(0)/m/it/10 Von Holzen, K., & Bergmann, C. (2018). A meta-analysis of mis-pro-nun-ci-a-tion sen-si-tiv-ity in in-fancy.
 []


Underfull \hbox (badness 10000) in paragraph at lines 733--733
[]\T1/Carlito(0)/m/it/10 Von Holzen, K., & Bergmann, C. (2017). Ba-bies know words, even when they are mis-pro-nounced:
 []


Underfull \hbox (badness 10000) in paragraph at lines 733--733
\T1/Carlito(0)/m/it/10 A meta-analytic view. Pre-sented at the Work-shop on In-fant Lan-guage De-vel-op-ment, Bil-bao, Spain.
 []

[4]

Package hyperref Warning: The anchor of a bookmark and its parent's must not
(hyperref)                be the same. Added a new anchor on input line 740.


Underfull \hbox (badness 10000) in paragraph at lines 747--747
\T1/Carlito(0)/m/it/10 De-sign-ing ex-per-i-ments, in-clud-ing lex-i-cal de-ci-sion (adults), vi-sual world paradigm (with and
 []


Underfull \hbox (badness 10000) in paragraph at lines 747--747
\T1/Carlito(0)/m/it/10 with-out an eye-tracker) and pref-er-en-tial lis-ten-ing (in-fants); Ex-pe-ri-ence ad-vis-ing col-leagues on
 []


Underfull \hbox (badness 10000) in paragraph at lines 747--747
\T1/Carlito(0)/m/it/10 ex-per-i-men-tal de-sign; Con-duct-ing tu-to-ri-als with col-leagues and stu-dents; Launch-ing ex-per-i-ments
 []


Overfull \hbox (33.84439pt too wide) in alignment at lines 742--758
[] []
 []


Underfull \hbox (badness 10000) in paragraph at lines 769--769
\T1/Carlito(0)/m/it/10 Ad-vis-ing col-leagues on sta-tis-ti-cal anal-y-sis, data wran-gling; Con-duct-ing tu-to-ri-als; Growth
 []


Underfull \hbox (badness 10000) in paragraph at lines 769--769
\T1/Carlito(0)/m/it/10 growth curve mod-el-ing (lmer pack-age); Mixed ef-fects mod-els (lmer pack-age); ANOVA anal-y-
 []


Underfull \hbox (badness 10000) in paragraph at lines 769--769
\T1/Carlito(0)/m/it/10 ses (ez pack-age); Pro-duc-ing beau-ti-ful graph-ics (gg-plot2 pack-age); An-a-lyz-ing vo-cab-u-lary data
 []


Underfull \hbox (badness 10000) in paragraph at lines 769--769
\T1/Carlito(0)/m/it/10 cor-pora (word-bankr pack-age); Power anal-y-sis (pwr pack-age); Cre-at-ing RMark-down files to
 []


Underfull \hbox (badness 10000) in paragraph at lines 774--774
\T1/Carlito(0)/m/it/10 Script-ing to au-to-mat-i-cally an-a-lyze sounds (pitch, du-ra-tion, in-ten-sity); Stim-uli cre-ation; In-ter-fac-
 []


Underfull \hbox (badness 10000) in paragraph at lines 774--774
\T1/Carlito(0)/m/it/10 ing with CLAN out-put to an-a-lyze cor-pora; In-ter-fac-ing with a forced aligner (Easy Align); Used
 []


Underfull \hbox (badness 10000) in paragraph at lines 779--779
\T1/Carlito(0)/m/it/10 An-a-lyz-ing length of ut-ter-ance; Time-locking tran-scripts to au-dio record-ings; In-ter-fac-ing with
 []


Underfull \hbox (badness 10000) in paragraph at lines 784--784
\T1/Carlito(0)/m/it/10 Pre-pro-cess-ing EEG data; Con-duct-ing tu-to-ri-als; Re-lated MAT-LAB script-ing to au-to-mat-i-cally
 []


Package hyperref Warning: The anchor of a bookmark and its parent's must not
(hyperref)                be the same. Added a new anchor on input line 796.


Underfull \hbox (badness 1642) in paragraph at lines 844--847
[]\T1/Carlito(0)/m/it/10 For a com-plete record of my peer-review ser-vice, view my Publons Peer Re-view Pro-file ([]$https://www. 
 []

[5]
Underfull \hbox (badness 10000) in paragraph at lines 884--884
[]\T1/Carlito(0)/m/it/10 Rosa Parks El-e-men-tary School, Hy-attsville Ed-u-ca-tion Ad-vi-sory Com-mit-tee's Sum-mer Read-ing
 []

[6] (./K_Von_Holzen_CV_Rotterdam.aux)

LaTeX Font Warning: Some font shapes were not available, defaults substituted.

Package rerunfilecheck Info: File `K_Von_Holzen_CV_Rotterdam.out' has not changed.
(rerunfilecheck)             Checksum: 59F1A3430725E779EFCB713DDA9CC9E4;4578.
)

Here is how much of LuaTeX's memory you used:
 18287 strings out of 478285
 125086,1977958 words of node,token memory allocated
 611 words of node memory still in use:
   3 hlist, 1 vlist, 1 rule, 2 glue, 3 kern, 1 glyph, 6 attribute, 85 glue_spec, 6 attribute_list, 1 write, 2 pdf_action nodes
   avail lists: 1:2,2:1283,3:849,4:181,5:719,6:153,7:10412,8:81,9:878,10:25,11:679
 37698 multiletter control sequences out of 65536+600000
 59 fonts using 9171023 bytes
 87i,19n,109p,1213b,1131s stack positions out of 10000i,1000n,20000p,200000b,200000s
<<c:/Users/KatieVH/AppData/Roaming/TinyTeX/texmf-var/fonts/pk/ljfour/jknappen/ec/ecrm0800.600pk>><<c:/Users/KatieVH/AppData/Roaming/TinyTeX/texmf-var/fonts/pk/ljfour/jknappen/ec/ecrm1000.600pk>><c:/Users/KatieVH/AppData/Roaming/TinyTeX/texmf-dist/fonts/opentype/public/fontawesome5/FontAwesome5Brands-Regular-400.otf><c:/Users/KatieVH/AppData/Roaming/TinyTeX/texmf-dist/fonts/opentype/public/fontawesome5/FontAwesome5Free-Solid-900.otf><c:/Users/KatieVH/AppData/Roaming/TinyTeX/texmf-dist/fonts/truetype/google/carlito/Carlito-Regular.ttf><c:/Users/KatieVH/AppData/Roaming/TinyTeX/texmf-dist/fonts/truetype/google/carlito/Carlito-Bold.ttf><c:/Users/KatieVH/AppData/Roaming/TinyTeX/texmf-dist/fonts/type1/urw/zapfding/uzdr.pfb>
Output written on K_Von_Holzen_CV_Rotterdam.pdf (6 pages, 91791 bytes).

PDF statistics: 404 PDF objects out of 1000 (max. 8388607)
 252 compressed objects within 3 object streams
 80 named destinations out of 1000 (max. 131072)
 257 words of extra memory for PDF output out of 10000 (max. 100000000)

